#
# A fatal error has been detected by the Java Runtime Environment:
#
#  EXCEPTION_ACCESS_VIOLATION (0xc0000005) at pc=0x00007ffcfe465120, pid=5236, tid=10524
#
# JRE version: Java(TM) SE Runtime Environment (11.0.6+8) (build 11.0.6+8-LTS)
# Java VM: Java HotSpot(TM) 64-Bit Server VM (11.0.6+8-LTS, mixed mode, tiered, compressed oops, g1 gc, windows-amd64)
# Problematic frame:
# V  [jvm.dll+0x2c5120]
#
# No core dump will be written. Minidumps are not enabled by default on client versions of Windows
#
# If you would like to submit a bug report, please visit:
#   http://bugreport.java.com/bugreport/crash.jsp
#

---------------  S U M M A R Y ------------

Command Line: -Dcom.sun.management.jmxremote -Dcom.sun.management.jmxremote.port=4290 -Dcom.sun.management.jmxremote.authenticate=false -Dcom.sun.management.jmxremote.ssl=false -Djava.rmi.server.hostname=localhost -Dspring.jmx.enabled=true -Dspring.application.admin.enabled=true -Xverify:none -XX:TieredStopAtLevel=1 -Dspring.boot.project.name=cursomc -Dfile.encoding=UTF-8 com.rossini.cursomc.CursomcApplication --spring.output.ansi.enabled=always

Host: Intel(R) Core(TM) i3-8100 CPU @ 3.60GHz, 4 cores, 7G,  Windows 10 , 64 bit Build 19041 (10.0.19041.292)
Time: Mon Aug 31 17:01:44 2020 Hora oficial do Brasil elapsed time: 59 seconds (0d 0h 0m 59s)

---------------  T H R E A D  ---------------

Current thread (0x00000285408cc000):  VMThread "VM Thread" [stack: 0x000000a08da00000,0x000000a08db00000] [id=10524]

Stack: [0x000000a08da00000,0x000000a08db00000],  sp=0x000000a08dafe770,  free space=1017k
Native frames: (J=compiled Java code, j=interpreted, Vv=VM code, C=native code)
V  [jvm.dll+0x2c5120]
V  [jvm.dll+0x1e6f84]
V  [jvm.dll+0x70c040]
V  [jvm.dll+0x305055]
V  [jvm.dll+0x3045cb]
V  [jvm.dll+0x2f043c]
V  [jvm.dll+0x77e063]
V  [jvm.dll+0x77d60c]
V  [jvm.dll+0x77bad7]
V  [jvm.dll+0x77c300]
V  [jvm.dll+0x77c607]
V  [jvm.dll+0x733905]
V  [jvm.dll+0x635846]
C  [ucrtbase.dll+0x21542]
C  [KERNEL32.DLL+0x16fd4]
C  [ntdll.dll+0x4cec1]


siginfo: EXCEPTION_ACCESS_VIOLATION (0xc0000005), reading address 0x000000080000001f


Register to memory mapping:

RIP=0x00007ffcfe465120 jvm.dll
RAX=0x00000285423338e0 points into unknown readable memory: 07 00 00 00 08 00 00 00
RBX=0x00000285407826f0 points into unknown readable memory: 00 00 00 00 00 00 00 00
RCX=0x000002854234f210 points into unknown readable memory: 01 00 00 00 5c 00 57 00
RDX=0x0 is NULL
RSP=0x000000a08dafe770 points into unknown readable memory: 00 85 5c 22 85 02 00 00
RBP=0x0000000000000008 is an unknown value
RSI=0x0000000800000007 is an unknown value
RDI=0x00000285408b0be0 points into unknown readable memory: 00 0b 51 20 85 02 00 00
R8 =0x0 is NULL
R9 =0x0000000000000008 is an unknown value
R10=0x00000000546c6148 is an unknown value
R11=0x000000a08dafe888 points into unknown readable memory: 84 6f 38 fe fc 7f 00 00
R12=0x00007ffcfe9dd501 jvm.dll
R13=0x00007ffcfec31bb0 jvm.dll
R14=0x0000000000000600 is an unknown value
R15=0x0000000000000004 is an unknown value


Registers:
RAX=0x00000285423338e0, RBX=0x00000285407826f0, RCX=0x000002854234f210, RDX=0x0000000000000000
RSP=0x000000a08dafe770, RBP=0x0000000000000008, RSI=0x0000000800000007, RDI=0x00000285408b0be0
R8 =0x0000000000000000, R9 =0x0000000000000008, R10=0x00000000546c6148, R11=0x000000a08dafe888
R12=0x00007ffcfe9dd501, R13=0x00007ffcfec31bb0, R14=0x0000000000000600, R15=0x0000000000000004
RIP=0x00007ffcfe465120, EFLAGS=0x0000000000010202

Top of Stack: (sp=0x000000a08dafe770)
0x000000a08dafe770:   00000285225c8500 00007ffcfe7a8655
0x000000a08dafe780:   00000285225c8500 00007ffcfe7a8991
0x000000a08dafe790:   0000000000000000 000002854234f210
0x000000a08dafe7a0:   0000000000000000 00000285408b0be0
0x000000a08dafe7b0:   00000285225c8500 00007ffcfe7a8655
0x000000a08dafe7c0:   00000285225c8500 00007ffcfe77e6ab
0x000000a08dafe7d0:   00000285225d15d0 00007ffcfe77e6ab
0x000000a08dafe7e0:   0000000000000000 00007ffcfe7a8705
0x000000a08dafe7f0:   0000000000000000 00000285408cc000
0x000000a08dafe800:   00000285407826f0 00007ffcfe3f6fa5
0x000000a08dafe810:   00000285225d15d0 00007ffcfe77e6ab
0x000000a08dafe820:   00000285225c8500 0000000000000000
0x000000a08dafe830:   0000000000000000 00000285407826f0
0x000000a08dafe840:   00000285407826f0 0000000000000004
0x000000a08dafe850:   00007cd7671b9561 00007ffcfe9dd501
0x000000a08dafe860:   0000000000000004 0000000000000600 

Instructions: (pc=0x00007ffcfe465120)
0x00007ffcfe465100:   48 8b 41 08 48 8b 34 02 48 85 f6 0f 84 a4 01 00
0x00007ffcfe465110:   00 0f 1f 40 00 66 66 66 0f 1f 84 00 00 00 00 00
0x00007ffcfe465120:   48 8b 5e 18 45 33 f6 48 85 db 0f 84 68 01 00 00
0x00007ffcfe465130:   48 8b cb e8 98 65 3a 00 48 85 c0 0f 85 48 01 00 


Stack slot to memory mapping:
stack at sp + 0 slots: 0x00000285225c8500 points into unknown readable memory: 00 00 00 00 00 00 00 00
stack at sp + 1 slots: 0x00007ffcfe7a8655 jvm.dll
stack at sp + 2 slots: 0x00000285225c8500 points into unknown readable memory: 00 00 00 00 00 00 00 00
stack at sp + 3 slots: 0x00007ffcfe7a8991 jvm.dll
stack at sp + 4 slots: 0x0 is NULL
stack at sp + 5 slots: 0x000002854234f210 points into unknown readable memory: 01 00 00 00 5c 00 57 00
stack at sp + 6 slots: 0x0 is NULL
stack at sp + 7 slots: 0x00000285408b0be0 points into unknown readable memory: 00 0b 51 20 85 02 00 00

VM_Operation (0x000000a08f6fef60): G1CollectFull, mode: safepoint, requested by thread 0x0000028546a1a000


---------------  P R O C E S S  ---------------

Threads class SMR info:
_java_thread_list=0x0000028546988670, length=19, elements={
0x00000285408f2800, 0x00000285408fc000, 0x0000028541282800, 0x0000028541283800,
0x000002854090d000, 0x000002854091e000, 0x000002854145a800, 0x00000285414d5800,
0x0000028542357000, 0x0000028542348800, 0x00000285423c9800, 0x0000028542861000,
0x0000028542861800, 0x000002854288e000, 0x00000285428ce000, 0x0000028545cfb000,
0x0000028546a0e800, 0x0000028546a1c000, 0x0000028546a1a000
}

Java Threads: ( => current thread )
  0x00000285408f2800 JavaThread "Reference Handler" daemon [_thread_blocked, id=8, stack(0x000000a08db00000,0x000000a08dc00000)]
  0x00000285408fc000 JavaThread "Finalizer" daemon [_thread_blocked, id=13240, stack(0x000000a08dc00000,0x000000a08dd00000)]
  0x0000028541282800 JavaThread "Signal Dispatcher" daemon [_thread_blocked, id=13356, stack(0x000000a08dd00000,0x000000a08de00000)]
  0x0000028541283800 JavaThread "Attach Listener" daemon [_thread_blocked, id=236, stack(0x000000a08de00000,0x000000a08df00000)]
  0x000002854090d000 JavaThread "C1 CompilerThread0" daemon [_thread_blocked, id=5456, stack(0x000000a08df00000,0x000000a08e000000)]
  0x000002854091e000 JavaThread "Sweeper thread" daemon [_thread_blocked, id=2516, stack(0x000000a08e000000,0x000000a08e100000)]
  0x000002854145a800 JavaThread "Common-Cleaner" daemon [_thread_blocked, id=11792, stack(0x000000a08e100000,0x000000a08e200000)]
  0x00000285414d5800 JavaThread "Service Thread" daemon [_thread_blocked, id=11568, stack(0x000000a08e200000,0x000000a08e300000)]
  0x0000028542357000 JavaThread "RMI TCP Accept-0" daemon [_thread_in_native, id=7244, stack(0x000000a08e500000,0x000000a08e600000)]
  0x0000028542348800 JavaThread "RMI TCP Accept-4290" daemon [_thread_in_native, id=2884, stack(0x000000a08e600000,0x000000a08e700000)]
  0x00000285423c9800 JavaThread "RMI TCP Accept-0" daemon [_thread_in_native, id=3492, stack(0x000000a08e700000,0x000000a08e800000)]
  0x0000028542861000 JavaThread "RMI TCP Connection(idle)" daemon [_thread_blocked, id=148, stack(0x000000a08ec00000,0x000000a08ed00000)]
  0x0000028542861800 JavaThread "RMI Scheduler(0)" daemon [_thread_blocked, id=892, stack(0x000000a08ed00000,0x000000a08ee00000)]
  0x000002854288e000 JavaThread "RMI TCP Connection(3)-127.0.0.1" daemon [_thread_in_native, id=12544, stack(0x000000a08ee00000,0x000000a08ef00000)]
  0x00000285428ce000 JavaThread "JMX server connection timeout 22" daemon [_thread_blocked, id=2472, stack(0x000000a08ef00000,0x000000a08f000000)]
  0x0000028545cfb000 JavaThread "mysql-cj-abandoned-connection-cleanup" daemon [_thread_blocked, id=11676, stack(0x000000a08f000000,0x000000a08f100000)]
  0x0000028546a0e800 JavaThread "Live Reload Server" daemon [_thread_in_native, id=6208, stack(0x000000a08fb00000,0x000000a08fc00000)]
  0x0000028546a1c000 JavaThread "DestroyJavaVM" [_thread_blocked, id=12556, stack(0x000000a08d400000,0x000000a08d500000)]
  0x0000028546a1a000 JavaThread "Thread-5" [_thread_blocked, id=5468, stack(0x000000a08f600000,0x000000a08f700000)]

Other Threads:
=>0x00000285408cc000 VMThread "VM Thread" [stack: 0x000000a08da00000,0x000000a08db00000] [id=10524]
  0x00000285423d4000 WatcherThread [stack: 0x000000a08e800000,0x000000a08e900000] [id=4896]
  0x00000285225d2000 GCTaskThread "GC Thread#0" [stack: 0x000000a08d500000,0x000000a08d600000] [id=7136]
  0x000002854163e000 GCTaskThread "GC Thread#1" [stack: 0x000000a08e300000,0x000000a08e400000] [id=7276]
  0x0000028541e2f800 GCTaskThread "GC Thread#2" [stack: 0x000000a08e400000,0x000000a08e500000] [id=2188]
  0x00000285427eb800 GCTaskThread "GC Thread#3" [stack: 0x000000a08eb00000,0x000000a08ec00000] [id=14036]
  0x0000028522602000 ConcurrentGCThread "G1 Main Marker" [stack: 0x000000a08d600000,0x000000a08d700000] [id=4324]
  0x0000028522604000 ConcurrentGCThread "G1 Conc#0" [stack: 0x000000a08d700000,0x000000a08d800000] [id=14052]
  0x0000028522685800 ConcurrentGCThread "G1 Refine#0" [stack: 0x000000a08d800000,0x000000a08d900000] [id=7196]
  0x0000028540740800 ConcurrentGCThread "G1 Young RemSet Sampling" [stack: 0x000000a08d900000,0x000000a08da00000] [id=4932]

Threads with active compile tasks:
C1 CompilerThread07370       1       org.springframework.boot.ansi.AnsiOutput::toString (32 bytes)

VM state:at safepoint (normal execution)

VM Mutex/Monitor currently owned by a thread:  ([mutex/lock_event])
[0x00000285225b9310] Threads_lock - owner thread: 0x00000285408cc000
[0x00000285225b8e90] Heap_lock - owner thread: 0x0000028546a1a000

Heap address: 0x0000000082600000, size: 2010 MB, Compressed Oops mode: 32-bit
Narrow klass base: 0x0000000000000000, Narrow klass shift: 3
Compressed class space size: 1073741824 Address: 0x0000000100000000

Heap:
 garbage-first heap   total 249856K, used 148475K [0x0000000082600000, 0x0000000100000000)
  region size 1024K, 110 young (112640K), 10 survivors (10240K)
 Metaspace       used 74893K, capacity 76814K, committed 77084K, reserved 1116160K
  class space    used 9809K, capacity 10561K, committed 10624K, reserved 1048576K
Heap Regions: E=young(eden), S=young(survivor), O=old, HS=humongous(starts), HC=humongous(continues), CS=collection set, F=free, A=archive, TAMS=top-at-mark-start (previous, next)
|   0|0x0000000082600000, 0x0000000082700000, 0x0000000082700000|100%|HS|  |TAMS 0x0000000082700000, 0x0000000082600000| Complete 
|   1|0x0000000082700000, 0x0000000082800000, 0x0000000082800000|100%| O|  |TAMS 0x0000000082800000, 0x0000000082700000| Untracked 
|   2|0x0000000082800000, 0x0000000082900000, 0x0000000082900000|100%| O|  |TAMS 0x0000000082900000, 0x0000000082800000| Untracked 
|   3|0x0000000082900000, 0x0000000082a00000, 0x0000000082a00000|100%| O|  |TAMS 0x0000000082a00000, 0x0000000082900000| Untracked 
|   4|0x0000000082a00000, 0x0000000082b00000, 0x0000000082b00000|100%| O|  |TAMS 0x0000000082b00000, 0x0000000082a00000| Untracked 
|   5|0x0000000082b00000, 0x0000000082c00000, 0x0000000082c00000|100%| O|  |TAMS 0x0000000082c00000, 0x0000000082b00000| Untracked 
|   6|0x0000000082c00000, 0x0000000082d00000, 0x0000000082d00000|100%| O|  |TAMS 0x0000000082d00000, 0x0000000082c00000| Untracked 
|   7|0x0000000082d00000, 0x0000000082e00000, 0x0000000082e00000|100%| O|  |TAMS 0x0000000082e00000, 0x0000000082d00000| Untracked 
|   8|0x0000000082e00000, 0x0000000082f00000, 0x0000000082f00000|100%| O|  |TAMS 0x0000000082f00000, 0x0000000082e00000| Untracked 
|   9|0x0000000082f00000, 0x0000000083000000, 0x0000000083000000|100%| O|  |TAMS 0x0000000083000000, 0x0000000082f00000| Untracked 
|  10|0x0000000083000000, 0x0000000083100000, 0x0000000083100000|100%| O|  |TAMS 0x0000000083100000, 0x0000000083000000| Untracked 
|  11|0x0000000083100000, 0x0000000083200000, 0x0000000083200000|100%| O|  |TAMS 0x0000000083200000, 0x0000000083100000| Untracked 
|  12|0x0000000083200000, 0x0000000083300000, 0x0000000083300000|100%| O|  |TAMS 0x0000000083300000, 0x0000000083200000| Untracked 
|  13|0x0000000083300000, 0x0000000083400000, 0x0000000083400000|100%| O|  |TAMS 0x0000000083400000, 0x0000000083300000| Untracked 
|  14|0x0000000083400000, 0x0000000083500000, 0x0000000083500000|100%| O|  |TAMS 0x0000000083500000, 0x0000000083400000| Untracked 
|  15|0x0000000083500000, 0x0000000083600000, 0x0000000083600000|100%| O|  |TAMS 0x0000000083600000, 0x0000000083500000| Untracked 
|  16|0x0000000083600000, 0x0000000083700000, 0x0000000083700000|100%| O|  |TAMS 0x0000000083700000, 0x0000000083600000| Untracked 
|  17|0x0000000083700000, 0x0000000083800000, 0x0000000083800000|100%| O|  |TAMS 0x0000000083800000, 0x0000000083700000| Untracked 
|  18|0x0000000083800000, 0x0000000083900000, 0x0000000083900000|100%| O|  |TAMS 0x0000000083900000, 0x0000000083800000| Untracked 
|  19|0x0000000083900000, 0x0000000083a00000, 0x0000000083a00000|100%| O|  |TAMS 0x0000000083a00000, 0x0000000083900000| Untracked 
|  20|0x0000000083a00000, 0x0000000083b00000, 0x0000000083b00000|100%| O|  |TAMS 0x0000000083b00000, 0x0000000083a00000| Untracked 
|  21|0x0000000083b00000, 0x0000000083c00000, 0x0000000083c00000|100%| O|  |TAMS 0x0000000083c00000, 0x0000000083b00000| Untracked 
|  22|0x0000000083c00000, 0x0000000083d00000, 0x0000000083d00000|100%|HS|  |TAMS 0x0000000083d00000, 0x0000000083c00000| Complete 
|  23|0x0000000083d00000, 0x0000000083e00000, 0x0000000083e00000|100%|HC|  |TAMS 0x0000000083e00000, 0x0000000083d00000| Complete 
|  24|0x0000000083e00000, 0x0000000083f00000, 0x0000000083f00000|100%| O|  |TAMS 0x0000000083f00000, 0x0000000083e00000| Untracked 
|  25|0x0000000083f00000, 0x0000000084000000, 0x0000000084000000|100%| O|  |TAMS 0x0000000084000000, 0x0000000083f00000| Untracked 
|  26|0x0000000084000000, 0x0000000084100000, 0x0000000084100000|100%| O|  |TAMS 0x0000000084100000, 0x0000000084000000| Untracked 
|  27|0x0000000084100000, 0x0000000084200000, 0x0000000084200000|100%| O|  |TAMS 0x0000000084200000, 0x0000000084100000| Untracked 
|  28|0x0000000084200000, 0x0000000084300000, 0x0000000084300000|100%| O|  |TAMS 0x0000000084300000, 0x0000000084200000| Untracked 
|  29|0x0000000084300000, 0x0000000084400000, 0x0000000084400000|100%| O|  |TAMS 0x0000000084400000, 0x0000000084300000| Untracked 
|  30|0x0000000084400000, 0x0000000084500000, 0x0000000084500000|100%| O|  |TAMS 0x0000000084500000, 0x0000000084400000| Untracked 
|  31|0x0000000084500000, 0x0000000084600000, 0x0000000084600000|100%| O|  |TAMS 0x0000000084600000, 0x0000000084500000| Untracked 
|  32|0x0000000084600000, 0x0000000084700000, 0x0000000084700000|100%| O|  |TAMS 0x0000000084700000, 0x0000000084600000| Untracked 
|  33|0x0000000084700000, 0x0000000084800000, 0x0000000084800000|100%| O|  |TAMS 0x0000000084800000, 0x0000000084700000| Untracked 
|  34|0x0000000084800000, 0x0000000084900000, 0x0000000084900000|100%| O|  |TAMS 0x0000000084900000, 0x0000000084800000| Untracked 
|  35|0x0000000084900000, 0x0000000084991a00, 0x0000000084a00000| 56%| O|  |TAMS 0x0000000084991a00, 0x0000000084900000| Untracked 
|  36|0x0000000084a00000, 0x0000000084a00000, 0x0000000084b00000|  0%| F|  |TAMS 0x0000000084a00000, 0x0000000084a00000| Untracked 
|  37|0x0000000084b00000, 0x0000000084b00000, 0x0000000084c00000|  0%| F|  |TAMS 0x0000000084b00000, 0x0000000084b00000| Untracked 
|  38|0x0000000084c00000, 0x0000000084c00000, 0x0000000084d00000|  0%| F|  |TAMS 0x0000000084c00000, 0x0000000084c00000| Untracked 
|  39|0x0000000084d00000, 0x0000000084d00000, 0x0000000084e00000|  0%| F|  |TAMS 0x0000000084d00000, 0x0000000084d00000| Untracked 
|  40|0x0000000084e00000, 0x0000000084e00000, 0x0000000084f00000|  0%| F|  |TAMS 0x0000000084e00000, 0x0000000084e00000| Untracked 
|  41|0x0000000084f00000, 0x0000000084f00000, 0x0000000085000000|  0%| F|  |TAMS 0x0000000084f00000, 0x0000000084f00000| Untracked 
|  42|0x0000000085000000, 0x0000000085000000, 0x0000000085100000|  0%| F|  |TAMS 0x0000000085000000, 0x0000000085000000| Untracked 
|  43|0x0000000085100000, 0x0000000085100000, 0x0000000085200000|  0%| F|  |TAMS 0x0000000085100000, 0x0000000085100000| Untracked 
|  44|0x0000000085200000, 0x0000000085200000, 0x0000000085300000|  0%| F|  |TAMS 0x0000000085200000, 0x0000000085200000| Untracked 
|  45|0x0000000085300000, 0x0000000085300000, 0x0000000085400000|  0%| F|  |TAMS 0x0000000085300000, 0x0000000085300000| Untracked 
|  46|0x0000000085400000, 0x0000000085400000, 0x0000000085500000|  0%| F|  |TAMS 0x0000000085400000, 0x0000000085400000| Untracked 
|  47|0x0000000085500000, 0x0000000085500000, 0x0000000085600000|  0%| F|  |TAMS 0x0000000085500000, 0x0000000085500000| Untracked 
|  48|0x0000000085600000, 0x0000000085600000, 0x0000000085700000|  0%| F|  |TAMS 0x0000000085600000, 0x0000000085600000| Untracked 
|  49|0x0000000085700000, 0x0000000085700000, 0x0000000085800000|  0%| F|  |TAMS 0x0000000085700000, 0x0000000085700000| Untracked 
|  50|0x0000000085800000, 0x0000000085800000, 0x0000000085900000|  0%| F|  |TAMS 0x0000000085800000, 0x0000000085800000| Untracked 
|  51|0x0000000085900000, 0x0000000085900000, 0x0000000085a00000|  0%| F|  |TAMS 0x0000000085900000, 0x0000000085900000| Untracked 
|  52|0x0000000085a00000, 0x0000000085a00000, 0x0000000085b00000|  0%| F|  |TAMS 0x0000000085a00000, 0x0000000085a00000| Untracked 
|  53|0x0000000085b00000, 0x0000000085b00000, 0x0000000085c00000|  0%| F|  |TAMS 0x0000000085b00000, 0x0000000085b00000| Untracked 
|  54|0x0000000085c00000, 0x0000000085c00000, 0x0000000085d00000|  0%| F|  |TAMS 0x0000000085c00000, 0x0000000085c00000| Untracked 
|  55|0x0000000085d00000, 0x0000000085d00000, 0x0000000085e00000|  0%| F|  |TAMS 0x0000000085d00000, 0x0000000085d00000| Untracked 
|  56|0x0000000085e00000, 0x0000000085e00000, 0x0000000085f00000|  0%| F|  |TAMS 0x0000000085e00000, 0x0000000085e00000| Untracked 
|  57|0x0000000085f00000, 0x0000000085f00000, 0x0000000086000000|  0%| F|  |TAMS 0x0000000085f00000, 0x0000000085f00000| Untracked 
|  58|0x0000000086000000, 0x0000000086000000, 0x0000000086100000|  0%| F|  |TAMS 0x0000000086000000, 0x0000000086000000| Untracked 
|  59|0x0000000086100000, 0x0000000086100000, 0x0000000086200000|  0%| F|  |TAMS 0x0000000086100000, 0x0000000086100000| Untracked 
|  60|0x0000000086200000, 0x0000000086200000, 0x0000000086300000|  0%| F|  |TAMS 0x0000000086200000, 0x0000000086200000| Untracked 
|  61|0x0000000086300000, 0x0000000086300000, 0x0000000086400000|  0%| F|  |TAMS 0x0000000086300000, 0x0000000086300000| Untracked 
|  62|0x0000000086400000, 0x0000000086400000, 0x0000000086500000|  0%| F|  |TAMS 0x0000000086400000, 0x0000000086400000| Untracked 
|  63|0x0000000086500000, 0x0000000086500000, 0x0000000086600000|  0%| F|  |TAMS 0x0000000086500000, 0x0000000086500000| Untracked 
|  64|0x0000000086600000, 0x0000000086600000, 0x0000000086700000|  0%| F|  |TAMS 0x0000000086600000, 0x0000000086600000| Untracked 
|  65|0x0000000086700000, 0x0000000086700000, 0x0000000086800000|  0%| F|  |TAMS 0x0000000086700000, 0x0000000086700000| Untracked 
|  66|0x0000000086800000, 0x0000000086800000, 0x0000000086900000|  0%| F|  |TAMS 0x0000000086800000, 0x0000000086800000| Untracked 
|  67|0x0000000086900000, 0x0000000086900000, 0x0000000086a00000|  0%| F|  |TAMS 0x0000000086900000, 0x0000000086900000| Untracked 
|  68|0x0000000086a00000, 0x0000000086a00000, 0x0000000086b00000|  0%| F|  |TAMS 0x0000000086a00000, 0x0000000086a00000| Untracked 
|  69|0x0000000086b00000, 0x0000000086b00000, 0x0000000086c00000|  0%| F|  |TAMS 0x0000000086b00000, 0x0000000086b00000| Untracked 
|  70|0x0000000086c00000, 0x0000000086c00000, 0x0000000086d00000|  0%| F|  |TAMS 0x0000000086c00000, 0x0000000086c00000| Untracked 
|  71|0x0000000086d00000, 0x0000000086d00000, 0x0000000086e00000|  0%| F|  |TAMS 0x0000000086d00000, 0x0000000086d00000| Untracked 
|  72|0x0000000086e00000, 0x0000000086e00000, 0x0000000086f00000|  0%| F|  |TAMS 0x0000000086e00000, 0x0000000086e00000| Untracked 
|  73|0x0000000086f00000, 0x0000000086f00000, 0x0000000087000000|  0%| F|  |TAMS 0x0000000086f00000, 0x0000000086f00000| Untracked 
|  74|0x0000000087000000, 0x0000000087000000, 0x0000000087100000|  0%| F|  |TAMS 0x0000000087000000, 0x0000000087000000| Untracked 
|  75|0x0000000087100000, 0x0000000087100000, 0x0000000087200000|  0%| F|  |TAMS 0x0000000087100000, 0x0000000087100000| Untracked 
|  76|0x0000000087200000, 0x0000000087200000, 0x0000000087300000|  0%| F|  |TAMS 0x0000000087200000, 0x0000000087200000| Untracked 
|  77|0x0000000087300000, 0x0000000087300000, 0x0000000087400000|  0%| F|  |TAMS 0x0000000087300000, 0x0000000087300000| Untracked 
|  78|0x0000000087400000, 0x0000000087400000, 0x0000000087500000|  0%| F|  |TAMS 0x0000000087400000, 0x0000000087400000| Untracked 
|  79|0x0000000087500000, 0x0000000087500000, 0x0000000087600000|  0%| F|  |TAMS 0x0000000087500000, 0x0000000087500000| Untracked 
|  80|0x0000000087600000, 0x0000000087600000, 0x0000000087700000|  0%| F|  |TAMS 0x0000000087600000, 0x0000000087600000| Untracked 
|  81|0x0000000087700000, 0x0000000087700000, 0x0000000087800000|  0%| F|  |TAMS 0x0000000087700000, 0x0000000087700000| Untracked 
|  82|0x0000000087800000, 0x0000000087800000, 0x0000000087900000|  0%| F|  |TAMS 0x0000000087800000, 0x0000000087800000| Untracked 
|  83|0x0000000087900000, 0x0000000087900000, 0x0000000087a00000|  0%| F|  |TAMS 0x0000000087900000, 0x0000000087900000| Untracked 
|  84|0x0000000087a00000, 0x0000000087a00000, 0x0000000087b00000|  0%| F|  |TAMS 0x0000000087a00000, 0x0000000087a00000| Untracked 
|  85|0x0000000087b00000, 0x0000000087b00000, 0x0000000087c00000|  0%| F|  |TAMS 0x0000000087b00000, 0x0000000087b00000| Untracked 
|  86|0x0000000087c00000, 0x0000000087c00000, 0x0000000087d00000|  0%| F|  |TAMS 0x0000000087c00000, 0x0000000087c00000| Untracked 
|  87|0x0000000087d00000, 0x0000000087d00000, 0x0000000087e00000|  0%| F|  |TAMS 0x0000000087d00000, 0x0000000087d00000| Untracked 
|  88|0x0000000087e00000, 0x0000000087e00000, 0x0000000087f00000|  0%| F|  |TAMS 0x0000000087e00000, 0x0000000087e00000| Untracked 
|  89|0x0000000087f00000, 0x0000000087f00000, 0x0000000088000000|  0%| F|  |TAMS 0x0000000087f00000, 0x0000000087f00000| Untracked 
|  90|0x0000000088000000, 0x0000000088000000, 0x0000000088100000|  0%| F|  |TAMS 0x0000000088000000, 0x0000000088000000| Untracked 
|  91|0x0000000088100000, 0x0000000088100000, 0x0000000088200000|  0%| F|  |TAMS 0x0000000088100000, 0x0000000088100000| Untracked 
|  92|0x0000000088200000, 0x0000000088200000, 0x0000000088300000|  0%| F|  |TAMS 0x0000000088200000, 0x0000000088200000| Untracked 
|  93|0x0000000088300000, 0x0000000088300000, 0x0000000088400000|  0%| F|  |TAMS 0x0000000088300000, 0x0000000088300000| Untracked 
|  94|0x0000000088400000, 0x0000000088400000, 0x0000000088500000|  0%| F|  |TAMS 0x0000000088400000, 0x0000000088400000| Untracked 
|  95|0x0000000088500000, 0x0000000088500000, 0x0000000088600000|  0%| F|  |TAMS 0x0000000088500000, 0x0000000088500000| Untracked 
|  96|0x0000000088600000, 0x0000000088600000, 0x0000000088700000|  0%| F|  |TAMS 0x0000000088600000, 0x0000000088600000| Untracked 
|  97|0x0000000088700000, 0x0000000088700000, 0x0000000088800000|  0%| F|  |TAMS 0x0000000088700000, 0x0000000088700000| Untracked 
|  98|0x0000000088800000, 0x0000000088800000, 0x0000000088900000|  0%| F|  |TAMS 0x0000000088800000, 0x0000000088800000| Untracked 
|  99|0x0000000088900000, 0x0000000088900000, 0x0000000088a00000|  0%| F|  |TAMS 0x0000000088900000, 0x0000000088900000| Untracked 
| 100|0x0000000088a00000, 0x0000000088a00000, 0x0000000088b00000|  0%| F|  |TAMS 0x0000000088a00000, 0x0000000088a00000| Untracked 
| 101|0x0000000088b00000, 0x0000000088b00000, 0x0000000088c00000|  0%| F|  |TAMS 0x0000000088b00000, 0x0000000088b00000| Untracked 
| 102|0x0000000088c00000, 0x0000000088c00000, 0x0000000088d00000|  0%| F|  |TAMS 0x0000000088c00000, 0x0000000088c00000| Untracked 
| 103|0x0000000088d00000, 0x0000000088d00000, 0x0000000088e00000|  0%| F|  |TAMS 0x0000000088d00000, 0x0000000088d00000| Untracked 
| 104|0x0000000088e00000, 0x0000000088e00000, 0x0000000088f00000|  0%| F|  |TAMS 0x0000000088e00000, 0x0000000088e00000| Untracked 
| 105|0x0000000088f00000, 0x0000000088f00000, 0x0000000089000000|  0%| F|  |TAMS 0x0000000088f00000, 0x0000000088f00000| Untracked 
| 106|0x0000000089000000, 0x0000000089000000, 0x0000000089100000|  0%| F|  |TAMS 0x0000000089000000, 0x0000000089000000| Untracked 
| 107|0x0000000089100000, 0x0000000089100000, 0x0000000089200000|  0%| F|  |TAMS 0x0000000089100000, 0x0000000089100000| Untracked 
| 108|0x0000000089200000, 0x0000000089200000, 0x0000000089300000|  0%| F|  |TAMS 0x0000000089200000, 0x0000000089200000| Untracked 
| 109|0x0000000089300000, 0x000000008939ab80, 0x0000000089400000| 60%| S|  |TAMS 0x0000000089300000, 0x0000000089300000| Complete 
| 110|0x0000000089400000, 0x0000000089500000, 0x0000000089500000|100%| S|  |TAMS 0x0000000089400000, 0x0000000089400000| Complete 
| 111|0x0000000089500000, 0x0000000089600000, 0x0000000089600000|100%| S|  |TAMS 0x0000000089500000, 0x0000000089500000| Complete 
| 112|0x0000000089600000, 0x0000000089700000, 0x0000000089700000|100%| S|  |TAMS 0x0000000089600000, 0x0000000089600000| Complete 
| 113|0x0000000089700000, 0x0000000089800000, 0x0000000089800000|100%| S|  |TAMS 0x0000000089700000, 0x0000000089700000| Complete 
| 114|0x0000000089800000, 0x0000000089900000, 0x0000000089900000|100%| S|  |TAMS 0x0000000089800000, 0x0000000089800000| Complete 
| 115|0x0000000089900000, 0x0000000089a00000, 0x0000000089a00000|100%| S|  |TAMS 0x0000000089900000, 0x0000000089900000| Complete 
| 116|0x0000000089a00000, 0x0000000089b00000, 0x0000000089b00000|100%| S|  |TAMS 0x0000000089a00000, 0x0000000089a00000| Complete 
| 117|0x0000000089b00000, 0x0000000089c00000, 0x0000000089c00000|100%| S|  |TAMS 0x0000000089b00000, 0x0000000089b00000| Complete 
| 118|0x0000000089c00000, 0x0000000089d00000, 0x0000000089d00000|100%| S|  |TAMS 0x0000000089c00000, 0x0000000089c00000| Complete 
| 119|0x0000000089d00000, 0x0000000089d00000, 0x0000000089e00000|  0%| F|  |TAMS 0x0000000089d00000, 0x0000000089d00000| Untracked 
| 120|0x0000000089e00000, 0x0000000089e00000, 0x0000000089f00000|  0%| F|  |TAMS 0x0000000089e00000, 0x0000000089e00000| Untracked 
| 121|0x0000000089f00000, 0x0000000089f00000, 0x000000008a000000|  0%| F|  |TAMS 0x0000000089f00000, 0x0000000089f00000| Untracked 
| 122|0x000000008a000000, 0x000000008a000000, 0x000000008a100000|  0%| F|  |TAMS 0x000000008a000000, 0x000000008a000000| Untracked 
| 123|0x000000008a100000, 0x000000008a100000, 0x000000008a200000|  0%| F|  |TAMS 0x000000008a100000, 0x000000008a100000| Untracked 
| 124|0x000000008a200000, 0x000000008a200000, 0x000000008a300000|  0%| F|  |TAMS 0x000000008a200000, 0x000000008a200000| Untracked 
| 125|0x000000008a300000, 0x000000008a300000, 0x000000008a400000|  0%| F|  |TAMS 0x000000008a300000, 0x000000008a300000| Untracked 
| 126|0x000000008a400000, 0x000000008a400000, 0x000000008a500000|  0%| F|  |TAMS 0x000000008a400000, 0x000000008a400000| Untracked 
| 127|0x000000008a500000, 0x000000008a500000, 0x000000008a600000|  0%| F|  |TAMS 0x000000008a500000, 0x000000008a500000| Untracked 
| 128|0x000000008a600000, 0x000000008a600000, 0x000000008a700000|  0%| F|  |TAMS 0x000000008a600000, 0x000000008a600000| Untracked 
| 129|0x000000008a700000, 0x000000008a700000, 0x000000008a800000|  0%| F|  |TAMS 0x000000008a700000, 0x000000008a700000| Untracked 
| 130|0x000000008a800000, 0x000000008a800000, 0x000000008a900000|  0%| F|  |TAMS 0x000000008a800000, 0x000000008a800000| Untracked 
| 131|0x000000008a900000, 0x000000008a900000, 0x000000008aa00000|  0%| F|  |TAMS 0x000000008a900000, 0x000000008a900000| Untracked 
| 132|0x000000008aa00000, 0x000000008aa00000, 0x000000008ab00000|  0%| F|  |TAMS 0x000000008aa00000, 0x000000008aa00000| Untracked 
| 133|0x000000008ab00000, 0x000000008ab00000, 0x000000008ac00000|  0%| F|  |TAMS 0x000000008ab00000, 0x000000008ab00000| Untracked 
| 134|0x000000008ac00000, 0x000000008ac00000, 0x000000008ad00000|  0%| F|  |TAMS 0x000000008ac00000, 0x000000008ac00000| Untracked 
| 135|0x000000008ad00000, 0x000000008ad00000, 0x000000008ae00000|  0%| F|  |TAMS 0x000000008ad00000, 0x000000008ad00000| Untracked 
| 136|0x000000008ae00000, 0x000000008ae00000, 0x000000008af00000|  0%| F|  |TAMS 0x000000008ae00000, 0x000000008ae00000| Untracked 
| 137|0x000000008af00000, 0x000000008af00000, 0x000000008b000000|  0%| F|  |TAMS 0x000000008af00000, 0x000000008af00000| Untracked 
| 138|0x000000008b000000, 0x000000008b000000, 0x000000008b100000|  0%| F|  |TAMS 0x000000008b000000, 0x000000008b000000| Untracked 
| 139|0x000000008b100000, 0x000000008b100000, 0x000000008b200000|  0%| F|  |TAMS 0x000000008b100000, 0x000000008b100000| Untracked 
| 140|0x000000008b200000, 0x000000008b200000, 0x000000008b300000|  0%| F|  |TAMS 0x000000008b200000, 0x000000008b200000| Untracked 
| 141|0x000000008b300000, 0x000000008b300000, 0x000000008b400000|  0%| F|  |TAMS 0x000000008b300000, 0x000000008b300000| Untracked 
| 142|0x000000008b400000, 0x000000008b400000, 0x000000008b500000|  0%| F|  |TAMS 0x000000008b400000, 0x000000008b400000| Untracked 
| 143|0x000000008b500000, 0x000000008b500000, 0x000000008b600000|  0%| F|  |TAMS 0x000000008b500000, 0x000000008b500000| Untracked 
| 144|0x000000008b600000, 0x000000008b6d2750, 0x000000008b700000| 82%| E|  |TAMS 0x000000008b600000, 0x000000008b600000| Complete 
| 145|0x000000008b700000, 0x000000008b800000, 0x000000008b800000|100%| E|  |TAMS 0x000000008b700000, 0x000000008b700000| Complete 
| 146|0x000000008b800000, 0x000000008b900000, 0x000000008b900000|100%| E|  |TAMS 0x000000008b800000, 0x000000008b800000| Complete 
| 147|0x000000008b900000, 0x000000008ba00000, 0x000000008ba00000|100%| E|  |TAMS 0x000000008b900000, 0x000000008b900000| Complete 
| 148|0x000000008ba00000, 0x000000008bb00000, 0x000000008bb00000|100%| E|  |TAMS 0x000000008ba00000, 0x000000008ba00000| Complete 
| 149|0x000000008bb00000, 0x000000008bc00000, 0x000000008bc00000|100%| E|  |TAMS 0x000000008bb00000, 0x000000008bb00000| Complete 
| 150|0x000000008bc00000, 0x000000008bd00000, 0x000000008bd00000|100%| E|  |TAMS 0x000000008bc00000, 0x000000008bc00000| Complete 
| 151|0x000000008bd00000, 0x000000008be00000, 0x000000008be00000|100%| E|  |TAMS 0x000000008bd00000, 0x000000008bd00000| Complete 
| 152|0x000000008be00000, 0x000000008bf00000, 0x000000008bf00000|100%| E|  |TAMS 0x000000008be00000, 0x000000008be00000| Complete 
| 153|0x000000008bf00000, 0x000000008c000000, 0x000000008c000000|100%| E|  |TAMS 0x000000008bf00000, 0x000000008bf00000| Complete 
| 154|0x000000008c000000, 0x000000008c100000, 0x000000008c100000|100%| E|  |TAMS 0x000000008c000000, 0x000000008c000000| Complete 
| 155|0x000000008c100000, 0x000000008c200000, 0x000000008c200000|100%| E|  |TAMS 0x000000008c100000, 0x000000008c100000| Complete 
| 156|0x000000008c200000, 0x000000008c300000, 0x000000008c300000|100%| E|  |TAMS 0x000000008c200000, 0x000000008c200000| Complete 
| 157|0x000000008c300000, 0x000000008c400000, 0x000000008c400000|100%| E|  |TAMS 0x000000008c300000, 0x000000008c300000| Complete 
| 158|0x000000008c400000, 0x000000008c500000, 0x000000008c500000|100%| E|  |TAMS 0x000000008c400000, 0x000000008c400000| Complete 
| 159|0x000000008c500000, 0x000000008c600000, 0x000000008c600000|100%| E|  |TAMS 0x000000008c500000, 0x000000008c500000| Complete 
| 160|0x000000008c600000, 0x000000008c700000, 0x000000008c700000|100%| E|  |TAMS 0x000000008c600000, 0x000000008c600000| Complete 
| 161|0x000000008c700000, 0x000000008c800000, 0x000000008c800000|100%| E|  |TAMS 0x000000008c700000, 0x000000008c700000| Complete 
| 162|0x000000008c800000, 0x000000008c900000, 0x000000008c900000|100%| E|  |TAMS 0x000000008c800000, 0x000000008c800000| Complete 
| 163|0x000000008c900000, 0x000000008ca00000, 0x000000008ca00000|100%| E|  |TAMS 0x000000008c900000, 0x000000008c900000| Complete 
| 164|0x000000008ca00000, 0x000000008cb00000, 0x000000008cb00000|100%| E|  |TAMS 0x000000008ca00000, 0x000000008ca00000| Complete 
| 165|0x000000008cb00000, 0x000000008cc00000, 0x000000008cc00000|100%| E|  |TAMS 0x000000008cb00000, 0x000000008cb00000| Complete 
| 166|0x000000008cc00000, 0x000000008cd00000, 0x000000008cd00000|100%| E|  |TAMS 0x000000008cc00000, 0x000000008cc00000| Complete 
| 167|0x000000008cd00000, 0x000000008ce00000, 0x000000008ce00000|100%| E|  |TAMS 0x000000008cd00000, 0x000000008cd00000| Complete 
| 168|0x000000008ce00000, 0x000000008cf00000, 0x000000008cf00000|100%| E|  |TAMS 0x000000008ce00000, 0x000000008ce00000| Complete 
| 169|0x000000008cf00000, 0x000000008d000000, 0x000000008d000000|100%| E|  |TAMS 0x000000008cf00000, 0x000000008cf00000| Complete 
| 170|0x000000008d000000, 0x000000008d100000, 0x000000008d100000|100%| E|  |TAMS 0x000000008d000000, 0x000000008d000000| Complete 
| 171|0x000000008d100000, 0x000000008d200000, 0x000000008d200000|100%| E|  |TAMS 0x000000008d100000, 0x000000008d100000| Complete 
| 172|0x000000008d200000, 0x000000008d300000, 0x000000008d300000|100%| E|  |TAMS 0x000000008d200000, 0x000000008d200000| Complete 
| 173|0x000000008d300000, 0x000000008d400000, 0x000000008d400000|100%| E|  |TAMS 0x000000008d300000, 0x000000008d300000| Complete 
| 174|0x000000008d400000, 0x000000008d500000, 0x000000008d500000|100%| E|  |TAMS 0x000000008d400000, 0x000000008d400000| Complete 
| 175|0x000000008d500000, 0x000000008d600000, 0x000000008d600000|100%| E|  |TAMS 0x000000008d500000, 0x000000008d500000| Complete 
| 176|0x000000008d600000, 0x000000008d700000, 0x000000008d700000|100%| E|  |TAMS 0x000000008d600000, 0x000000008d600000| Complete 
| 177|0x000000008d700000, 0x000000008d800000, 0x000000008d800000|100%| E|  |TAMS 0x000000008d700000, 0x000000008d700000| Complete 
| 178|0x000000008d800000, 0x000000008d900000, 0x000000008d900000|100%| E|  |TAMS 0x000000008d800000, 0x000000008d800000| Complete 
| 179|0x000000008d900000, 0x000000008da00000, 0x000000008da00000|100%| E|  |TAMS 0x000000008d900000, 0x000000008d900000| Complete 
| 180|0x000000008da00000, 0x000000008db00000, 0x000000008db00000|100%| E|  |TAMS 0x000000008da00000, 0x000000008da00000| Complete 
| 181|0x000000008db00000, 0x000000008dc00000, 0x000000008dc00000|100%| E|  |TAMS 0x000000008db00000, 0x000000008db00000| Complete 
| 182|0x000000008dc00000, 0x000000008dd00000, 0x000000008dd00000|100%| E|  |TAMS 0x000000008dc00000, 0x000000008dc00000| Complete 
| 183|0x000000008dd00000, 0x000000008de00000, 0x000000008de00000|100%| E|  |TAMS 0x000000008dd00000, 0x000000008dd00000| Complete 
| 184|0x000000008de00000, 0x000000008df00000, 0x000000008df00000|100%| E|  |TAMS 0x000000008de00000, 0x000000008de00000| Complete 
| 185|0x000000008df00000, 0x000000008e000000, 0x000000008e000000|100%| E|  |TAMS 0x000000008df00000, 0x000000008df00000| Complete 
| 186|0x000000008e000000, 0x000000008e100000, 0x000000008e100000|100%| E|  |TAMS 0x000000008e000000, 0x000000008e000000| Complete 
| 187|0x000000008e100000, 0x000000008e200000, 0x000000008e200000|100%| E|  |TAMS 0x000000008e100000, 0x000000008e100000| Complete 
| 188|0x000000008e200000, 0x000000008e300000, 0x000000008e300000|100%| E|  |TAMS 0x000000008e200000, 0x000000008e200000| Complete 
| 189|0x000000008e300000, 0x000000008e400000, 0x000000008e400000|100%| E|  |TAMS 0x000000008e300000, 0x000000008e300000| Complete 
| 190|0x000000008e400000, 0x000000008e500000, 0x000000008e500000|100%| E|  |TAMS 0x000000008e400000, 0x000000008e400000| Complete 
| 191|0x000000008e500000, 0x000000008e600000, 0x000000008e600000|100%| E|  |TAMS 0x000000008e500000, 0x000000008e500000| Complete 
| 192|0x000000008e600000, 0x000000008e700000, 0x000000008e700000|100%| E|  |TAMS 0x000000008e600000, 0x000000008e600000| Complete 
| 193|0x000000008e700000, 0x000000008e800000, 0x000000008e800000|100%| E|  |TAMS 0x000000008e700000, 0x000000008e700000| Complete 
| 194|0x000000008e800000, 0x000000008e900000, 0x000000008e900000|100%| E|  |TAMS 0x000000008e800000, 0x000000008e800000| Complete 
| 195|0x000000008e900000, 0x000000008ea00000, 0x000000008ea00000|100%| E|  |TAMS 0x000000008e900000, 0x000000008e900000| Complete 
| 196|0x000000008ea00000, 0x000000008eb00000, 0x000000008eb00000|100%| E|  |TAMS 0x000000008ea00000, 0x000000008ea00000| Complete 
| 197|0x000000008eb00000, 0x000000008ec00000, 0x000000008ec00000|100%| E|  |TAMS 0x000000008eb00000, 0x000000008eb00000| Complete 
| 198|0x000000008ec00000, 0x000000008ed00000, 0x000000008ed00000|100%| E|  |TAMS 0x000000008ec00000, 0x000000008ec00000| Complete 
| 199|0x000000008ed00000, 0x000000008ee00000, 0x000000008ee00000|100%| E|  |TAMS 0x000000008ed00000, 0x000000008ed00000| Complete 
| 200|0x000000008ee00000, 0x000000008ef00000, 0x000000008ef00000|100%| E|  |TAMS 0x000000008ee00000, 0x000000008ee00000| Complete 
| 201|0x000000008ef00000, 0x000000008f000000, 0x000000008f000000|100%| E|  |TAMS 0x000000008ef00000, 0x000000008ef00000| Complete 
| 202|0x000000008f000000, 0x000000008f100000, 0x000000008f100000|100%| E|  |TAMS 0x000000008f000000, 0x000000008f000000| Complete 
| 203|0x000000008f100000, 0x000000008f200000, 0x000000008f200000|100%| E|  |TAMS 0x000000008f100000, 0x000000008f100000| Complete 
| 204|0x000000008f200000, 0x000000008f300000, 0x000000008f300000|100%| E|  |TAMS 0x000000008f200000, 0x000000008f200000| Complete 
| 205|0x000000008f300000, 0x000000008f400000, 0x000000008f400000|100%| E|  |TAMS 0x000000008f300000, 0x000000008f300000| Complete 
| 206|0x000000008f400000, 0x000000008f500000, 0x000000008f500000|100%| E|  |TAMS 0x000000008f400000, 0x000000008f400000| Complete 
| 207|0x000000008f500000, 0x000000008f600000, 0x000000008f600000|100%| E|  |TAMS 0x000000008f500000, 0x000000008f500000| Complete 
| 208|0x000000008f600000, 0x000000008f700000, 0x000000008f700000|100%| E|  |TAMS 0x000000008f600000, 0x000000008f600000| Complete 
| 209|0x000000008f700000, 0x000000008f800000, 0x000000008f800000|100%| E|  |TAMS 0x000000008f700000, 0x000000008f700000| Complete 
| 210|0x000000008f800000, 0x000000008f900000, 0x000000008f900000|100%| E|  |TAMS 0x000000008f800000, 0x000000008f800000| Complete 
| 211|0x000000008f900000, 0x000000008fa00000, 0x000000008fa00000|100%| E|  |TAMS 0x000000008f900000, 0x000000008f900000| Complete 
| 212|0x000000008fa00000, 0x000000008fb00000, 0x000000008fb00000|100%| E|  |TAMS 0x000000008fa00000, 0x000000008fa00000| Complete 
| 213|0x000000008fb00000, 0x000000008fc00000, 0x000000008fc00000|100%| E|  |TAMS 0x000000008fb00000, 0x000000008fb00000| Complete 
| 214|0x000000008fc00000, 0x000000008fd00000, 0x000000008fd00000|100%| E|  |TAMS 0x000000008fc00000, 0x000000008fc00000| Complete 
| 215|0x000000008fd00000, 0x000000008fe00000, 0x000000008fe00000|100%| E|  |TAMS 0x000000008fd00000, 0x000000008fd00000| Complete 
| 216|0x000000008fe00000, 0x000000008ff00000, 0x000000008ff00000|100%| E|  |TAMS 0x000000008fe00000, 0x000000008fe00000| Complete 
| 217|0x000000008ff00000, 0x0000000090000000, 0x0000000090000000|100%| E|  |TAMS 0x000000008ff00000, 0x000000008ff00000| Complete 
| 218|0x0000000090000000, 0x0000000090100000, 0x0000000090100000|100%| E|  |TAMS 0x0000000090000000, 0x0000000090000000| Complete 
| 219|0x0000000090100000, 0x0000000090200000, 0x0000000090200000|100%| E|  |TAMS 0x0000000090100000, 0x0000000090100000| Complete 
| 220|0x0000000090200000, 0x0000000090300000, 0x0000000090300000|100%| E|  |TAMS 0x0000000090200000, 0x0000000090200000| Complete 
| 221|0x0000000090300000, 0x0000000090400000, 0x0000000090400000|100%| E|  |TAMS 0x0000000090300000, 0x0000000090300000| Complete 
| 222|0x0000000090400000, 0x0000000090500000, 0x0000000090500000|100%| E|  |TAMS 0x0000000090400000, 0x0000000090400000| Complete 
| 223|0x0000000090500000, 0x0000000090600000, 0x0000000090600000|100%| E|  |TAMS 0x0000000090500000, 0x0000000090500000| Complete 
| 224|0x0000000090600000, 0x0000000090700000, 0x0000000090700000|100%| E|  |TAMS 0x0000000090600000, 0x0000000090600000| Complete 
| 225|0x0000000090700000, 0x0000000090800000, 0x0000000090800000|100%| E|  |TAMS 0x0000000090700000, 0x0000000090700000| Complete 
| 226|0x0000000090800000, 0x0000000090900000, 0x0000000090900000|100%| E|  |TAMS 0x0000000090800000, 0x0000000090800000| Complete 
| 227|0x0000000090900000, 0x0000000090a00000, 0x0000000090a00000|100%| E|  |TAMS 0x0000000090900000, 0x0000000090900000| Complete 
| 228|0x0000000090a00000, 0x0000000090b00000, 0x0000000090b00000|100%| E|  |TAMS 0x0000000090a00000, 0x0000000090a00000| Complete 
| 229|0x0000000090b00000, 0x0000000090c00000, 0x0000000090c00000|100%| E|  |TAMS 0x0000000090b00000, 0x0000000090b00000| Complete 
| 230|0x0000000090c00000, 0x0000000090d00000, 0x0000000090d00000|100%| E|  |TAMS 0x0000000090c00000, 0x0000000090c00000| Complete 
| 231|0x0000000090d00000, 0x0000000090e00000, 0x0000000090e00000|100%| E|  |TAMS 0x0000000090d00000, 0x0000000090d00000| Complete 
| 232|0x0000000090e00000, 0x0000000090f00000, 0x0000000090f00000|100%| E|  |TAMS 0x0000000090e00000, 0x0000000090e00000| Complete 
| 233|0x0000000090f00000, 0x0000000091000000, 0x0000000091000000|100%| E|  |TAMS 0x0000000090f00000, 0x0000000090f00000| Complete 
| 234|0x0000000091000000, 0x0000000091100000, 0x0000000091100000|100%| E|  |TAMS 0x0000000091000000, 0x0000000091000000| Complete 
| 235|0x0000000091100000, 0x0000000091200000, 0x0000000091200000|100%| E|  |TAMS 0x0000000091100000, 0x0000000091100000| Complete 
| 236|0x0000000091200000, 0x0000000091300000, 0x0000000091300000|100%| E|  |TAMS 0x0000000091200000, 0x0000000091200000| Complete 
| 237|0x0000000091300000, 0x0000000091400000, 0x0000000091400000|100%| E|  |TAMS 0x0000000091300000, 0x0000000091300000| Complete 
| 238|0x0000000091400000, 0x0000000091500000, 0x0000000091500000|100%| E|  |TAMS 0x0000000091400000, 0x0000000091400000| Complete 
| 239|0x0000000091500000, 0x0000000091600000, 0x0000000091600000|100%| E|  |TAMS 0x0000000091500000, 0x0000000091500000| Complete 
| 240|0x0000000091600000, 0x0000000091700000, 0x0000000091700000|100%| E|  |TAMS 0x0000000091600000, 0x0000000091600000| Complete 
| 241|0x0000000091700000, 0x0000000091800000, 0x0000000091800000|100%| E|  |TAMS 0x0000000091700000, 0x0000000091700000| Complete 
| 242|0x0000000091800000, 0x0000000091900000, 0x0000000091900000|100%| E|  |TAMS 0x0000000091800000, 0x0000000091800000| Complete 
| 243|0x0000000091900000, 0x0000000091a00000, 0x0000000091a00000|100%| E|  |TAMS 0x0000000091900000, 0x0000000091900000| Complete 

Card table byte_map: [0x0000028539d30000,0x000002853a120000] _byte_map_base: 0x000002853991d000

Marking Bits (Prev, Next): (CMBitMap*) 0x00000285225f9258, (CMBitMap*) 0x00000285225f9290
 Prev Bits: [0x000002853a510000, 0x000002853c478000)
 Next Bits: [0x000002853c480000, 0x000002853e3e8000)

Polling page: 0x0000028520460000

Metaspace:

Usage:
  Non-class:     64.70 MB capacity,    63.56 MB ( 98%) used,   932.02 KB (  1%) free+waste,   237.44 KB ( <1%) overhead. 
      Class:     10.31 MB capacity,     9.58 MB ( 93%) used,   637.66 KB (  6%) free+waste,   113.81 KB (  1%) overhead. 
       Both:     75.01 MB capacity,    73.14 MB ( 97%) used,     1.53 MB (  2%) free+waste,   351.25 KB ( <1%) overhead. 

Virtual space:
  Non-class space:       66.00 MB reserved,      64.90 MB ( 98%) committed 
      Class space:        1.00 GB reserved,      10.38 MB (  1%) committed 
             Both:        1.06 GB reserved,      75.28 MB (  7%) committed 

Chunk freelists:
   Non-Class:  1.88 KB
       Class:  0 bytes
        Both:  1.88 KB

CodeHeap 'non-profiled nmethods': size=238912Kb used=12162Kb max_used=12162Kb free=226749Kb
 bounds [0x000002852aff0000, 0x000002852bbe0000, 0x0000028539940000]
CodeHeap 'non-nmethods': size=6848Kb used=1302Kb max_used=1302Kb free=5545Kb
 bounds [0x000002852a940000, 0x000002852abb0000, 0x000002852aff0000]
 total_blobs=8083 nmethods=7332 adapters=621
 compilation: enabled
              stopped_count=0, restarted_count=0
 full_count=0

Compilation events (10 events):
Event: 59.525 Thread 0x000002854090d000 nmethod 7367 0x000002852bbcea10 code [0x000002852bbcebe0, 0x000002852bbceeb0]
Event: 59.528 Thread 0x000002854090d000 7368       1       org.h2.mvstore.MVStore::isOpen (13 bytes)
Event: 59.528 Thread 0x000002854090d000 nmethod 7368 0x000002852bbcf010 code [0x000002852bbcf1c0, 0x000002852bbcf2f8]
Event: 59.528 Thread 0x000002854090d000 7369   !   1       org.h2.mvstore.MVStore::isClosed (59 bytes)
Event: 59.528 Thread 0x000002854090d000 nmethod 7369 0x000002852bbcf390 code [0x000002852bbcf580, 0x000002852bbcf7f0]
Event: 59.528 Thread 0x000002854090d000 7372       1       org.springframework.boot.ansi.AnsiOutput::buildEnabled (127 bytes)
Event: 59.529 Thread 0x000002854090d000 nmethod 7372 0x000002852bbcfa10 code [0x000002852bbcfc40, 0x000002852bbd0020]
Event: 59.529 Thread 0x000002854090d000 7373       1       ch.qos.logback.core.pattern.CompositeConverter::convert (43 bytes)
Event: 59.529 Thread 0x000002854090d000 nmethod 7373 0x000002852bbd0310 code [0x000002852bbd0500, 0x000002852bbd08b0]
Event: 59.529 Thread 0x000002854090d000 7370       1       org.springframework.boot.ansi.AnsiOutput::toString (32 bytes)

GC Heap History (10 events):
Event: 2.337 GC heap after
{Heap after GC invocations=12 (full 0):
 garbage-first heap   total 187392K, used 30907K [0x0000000082600000, 0x0000000100000000)
  region size 1024K, 9 young (9216K), 9 survivors (9216K)
 Metaspace       used 36249K, capacity 37544K, committed 37808K, reserved 1081344K
  class space    used 4592K, capacity 5085K, committed 5120K, reserved 1048576K
}
Event: 2.891 GC heap before
{Heap before GC invocations=12 (full 0):
 garbage-first heap   total 187392K, used 135355K [0x0000000082600000, 0x0000000100000000)
  region size 1024K, 109 young (111616K), 9 survivors (9216K)
 Metaspace       used 46657K, capacity 48025K, committed 48176K, reserved 1091584K
  class space    used 5888K, capacity 6427K, committed 6528K, reserved 1048576K
}
Event: 2.899 GC heap after
{Heap after GC invocations=13 (full 0):
 garbage-first heap   total 187392K, used 36954K [0x0000000082600000, 0x0000000100000000)
  region size 1024K, 11 young (11264K), 11 survivors (11264K)
 Metaspace       used 46657K, capacity 48025K, committed 48176K, reserved 1091584K
  class space    used 5888K, capacity 6427K, committed 6528K, reserved 1048576K
}
Event: 3.240 GC heap before
{Heap before GC invocations=13 (full 0):
 garbage-first heap   total 187392K, used 136282K [0x0000000082600000, 0x0000000100000000)
  region size 1024K, 109 young (111616K), 11 survivors (11264K)
 Metaspace       used 55798K, capacity 57312K, committed 57520K, reserved 1099776K
  class space    used 7082K, capacity 7639K, committed 7680K, reserved 1048576K
}
Event: 3.255 GC heap after
{Heap after GC invocations=14 (full 0):
 garbage-first heap   total 187392K, used 41249K [0x0000000082600000, 0x0000000100000000)
  region size 1024K, 10 young (10240K), 10 survivors (10240K)
 Metaspace       used 55798K, capacity 57312K, committed 57520K, reserved 1099776K
  class space    used 7082K, capacity 7639K, committed 7680K, reserved 1048576K
}
Event: 3.360 GC heap before
{Heap before GC invocations=14 (full 0):
 garbage-first heap   total 187392K, used 64801K [0x0000000082600000, 0x0000000100000000)
  region size 1024K, 34 young (34816K), 10 survivors (10240K)
 Metaspace       used 58560K, capacity 60040K, committed 60208K, reserved 1101824K
  class space    used 7506K, capacity 8051K, committed 8064K, reserved 1048576K
}
Event: 3.368 GC heap after
{Heap after GC invocations=15 (full 0):
 garbage-first heap   total 249856K, used 42566K [0x0000000082600000, 0x0000000100000000)
  region size 1024K, 6 young (6144K), 6 survivors (6144K)
 Metaspace       used 58560K, capacity 60040K, committed 60208K, reserved 1101824K
  class space    used 7506K, capacity 8051K, committed 8064K, reserved 1048576K
}
Event: 4.221 GC heap before
{Heap before GC invocations=16 (full 0):
 garbage-first heap   total 249856K, used 164422K [0x0000000082600000, 0x0000000100000000)
  region size 1024K, 125 young (128000K), 6 survivors (6144K)
 Metaspace       used 66860K, capacity 68729K, committed 69020K, reserved 1110016K
  class space    used 8734K, capacity 9429K, committed 9472K, reserved 1048576K
}
Event: 4.230 GC heap after
{Heap after GC invocations=17 (full 0):
 garbage-first heap   total 249856K, used 46257K [0x0000000082600000, 0x0000000100000000)
  region size 1024K, 10 young (10240K), 10 survivors (10240K)
 Metaspace       used 66860K, capacity 68729K, committed 69020K, reserved 1110016K
  class space    used 8734K, capacity 9429K, committed 9472K, reserved 1048576K
}
Event: 59.529 GC heap before
{Heap before GC invocations=18 (full 0):
 garbage-first heap   total 249856K, used 147633K [0x0000000082600000, 0x0000000100000000)
  region size 1024K, 110 young (112640K), 10 survivors (10240K)
 Metaspace       used 74893K, capacity 76814K, committed 77084K, reserved 1116160K
  class space    used 9809K, capacity 10561K, committed 10624K, reserved 1048576K
}

Deoptimization events (0 events):
No events

Classes redefined (0 events):
No events

Internal exceptions (10 events):
Event: 4.251 Thread 0x00000285427a7800 Exception <a 'java/lang/ClassNotFoundException'{0x00000000916c72d0}: com/rossini/cursomc/domain/PagamentoCustomizer> (0x00000000916c72d0) thrown at [t:/workspace/open/src/hotspot/share/classfile/systemDictionary.cpp, line 231]
Event: 4.251 Thread 0x00000285427a7800 Exception <a 'java/lang/ClassNotFoundException'{0x00000000916f37c0}: com/rossini/cursomc/domain/PagamentoComCartaoCustomizer> (0x00000000916f37c0) thrown at [t:/workspace/open/src/hotspot/share/classfile/systemDictionary.cpp, line 231]
Event: 4.258 Thread 0x00000285427a7800 Exception <a 'java/lang/ClassNotFoundException'{0x0000000091537138}: java/lang/ObjectCustomizer> (0x0000000091537138) thrown at [t:/workspace/open/src/hotspot/share/classfile/systemDictionary.cpp, line 231]
Event: 4.259 Thread 0x00000285427a7800 Exception <a 'java/lang/ClassNotFoundException'{0x000000009155f050}: com/rossini/cursomc/domain/PagamentoCustomizer> (0x000000009155f050) thrown at [t:/workspace/open/src/hotspot/share/classfile/systemDictionary.cpp, line 231]
Event: 4.260 Thread 0x00000285427a7800 Exception <a 'java/lang/ClassNotFoundException'{0x00000000915af9f8}: com/rossini/cursomc/domain/PagamentoComBoletoCustomizer> (0x00000000915af9f8) thrown at [t:/workspace/open/src/hotspot/share/classfile/systemDictionary.cpp, line 231]
Event: 4.323 Thread 0x00000285427a7800 Exception <a 'java/lang/NoSuchMethodError'{0x0000000090d55d30}: java.lang.invoke.DirectMethodHandle$Holder.invokeInterface(Ljava/lang/Object;Ljava/lang/Object;Ljava/lang/Object;Ljava/lang/Object;)Ljava/lang/Object;> (0x0000000090d55d30) thrown at [t:/work
Event: 4.460 Thread 0x00000285427a7800 Exception <a 'java/lang/IncompatibleClassChangeError'{0x000000008fbd89d0}: Found class java.lang.Object, but interface was expected> (0x000000008fbd89d0) thrown at [t:/workspace/open/src/hotspot/share/interpreter/linkResolver.cpp, line 838]
Event: 4.600 Thread 0x00000285427a7800 Exception <a 'java/lang/NullPointerException'{0x000000008e7a55c8}> (0x000000008e7a55c8) thrown at [t:/workspace/open/src/hotspot/share/interpreter/linkResolver.cpp, line 1436]
Event: 59.493 Thread 0x0000028545d00000 Exception <a 'java/lang/InterruptedException'{0x000000008b8697e0}: sleep interrupted> (0x000000008b8697e0) thrown at [t:/workspace/open/src/hotspot/share/prims/jvm.cpp, line 3106]
Event: 59.495 Thread 0x0000028545d01000 Exception <a 'java/lang/InterruptedException'{0x000000008b8e97e0}: sleep interrupted> (0x000000008b8e97e0) thrown at [t:/workspace/open/src/hotspot/share/prims/jvm.cpp, line 3106]

Events (10 events):
Event: 59.524 Executing VM operation: RevokeBias
Event: 59.524 Executing VM operation: RevokeBias done
Event: 59.527 Executing VM operation: RevokeBias
Event: 59.527 Executing VM operation: RevokeBias done
Event: 59.527 Executing VM operation: RevokeBias
Event: 59.528 Executing VM operation: RevokeBias done
Event: 59.528 Executing VM operation: RevokeBias
Event: 59.528 Executing VM operation: RevokeBias done
Event: 59.528 Thread 0x0000028546a12800 Thread exited: 0x0000028546a12800
Event: 59.529 Executing VM operation: G1CollectFull


Dynamic libraries:
0x00007ff69e9f0000 - 0x00007ff69ea37000 	C:\Program Files\Java\jdk-11.0.6\bin\javaw.exe
0x00007ffd2d910000 - 0x00007ffd2db05000 	C:\Windows\SYSTEM32\ntdll.dll
0x00007ffd2cb50000 - 0x00007ffd2cc0d000 	C:\Windows\System32\KERNEL32.DLL
0x00007ffd2b500000 - 0x00007ffd2b7c7000 	C:\Windows\System32\KERNELBASE.dll
0x00007ffd2c840000 - 0x00007ffd2c8ea000 	C:\Windows\System32\ADVAPI32.dll
0x00007ffd2c770000 - 0x00007ffd2c80e000 	C:\Windows\System32\msvcrt.dll
0x00007ffd2cc80000 - 0x00007ffd2cd1b000 	C:\Windows\System32\sechost.dll
0x00007ffd2be00000 - 0x00007ffd2bf23000 	C:\Windows\System32\RPCRT4.dll
0x00007ffd2c9b0000 - 0x00007ffd2cb50000 	C:\Windows\System32\USER32.dll
0x00007ffd2b0f0000 - 0x00007ffd2b112000 	C:\Windows\System32\win32u.dll
0x00007ffd2c810000 - 0x00007ffd2c83a000 	C:\Windows\System32\GDI32.dll
0x00007ffd2b1c0000 - 0x00007ffd2b2ca000 	C:\Windows\System32\gdi32full.dll
0x00007ffd2b120000 - 0x00007ffd2b1bd000 	C:\Windows\System32\msvcp_win.dll
0x00007ffd2b380000 - 0x00007ffd2b480000 	C:\Windows\System32\ucrtbase.dll
0x00007ffd19e10000 - 0x00007ffd1a0aa000 	C:\Windows\WinSxS\amd64_microsoft.windows.common-controls_6595b64144ccf1df_6.0.19041.1_none_b555e41d4684ddec\COMCTL32.dll
0x00007ffd24530000 - 0x00007ffd2453a000 	C:\Windows\SYSTEM32\VERSION.dll
0x00007ffd2cda0000 - 0x00007ffd2cdd0000 	C:\Windows\System32\IMM32.DLL
0x00007ffd1db60000 - 0x00007ffd1db76000 	C:\Program Files\Java\jdk-11.0.6\bin\vcruntime140.dll
0x00007ffd1d600000 - 0x00007ffd1d6aa000 	C:\Program Files\Java\jdk-11.0.6\bin\msvcp140.dll
0x00007ffcfe1a0000 - 0x00007ffcfecc9000 	C:\Program Files\Java\jdk-11.0.6\bin\server\jvm.dll
0x00007ffd2d640000 - 0x00007ffd2d648000 	C:\Windows\System32\PSAPI.DLL
0x00007ffd20b20000 - 0x00007ffd20b47000 	C:\Windows\SYSTEM32\WINMM.dll
0x00007ffd24da0000 - 0x00007ffd24da9000 	C:\Windows\SYSTEM32\WSOCK32.dll
0x00007ffd2cc10000 - 0x00007ffd2cc7b000 	C:\Windows\System32\WS2_32.dll
0x00007ffd29000000 - 0x00007ffd29013000 	C:\Windows\SYSTEM32\kernel.appcore.dll
0x00007ffd25510000 - 0x00007ffd25521000 	C:\Program Files\Java\jdk-11.0.6\bin\verify.dll
0x00007ffd15aa0000 - 0x00007ffd15c84000 	C:\Windows\SYSTEM32\DBGHELP.DLL
0x00007ffd159a0000 - 0x00007ffd159cc000 	C:\Windows\SYSTEM32\dbgcore.DLL
0x00007ffd2b480000 - 0x00007ffd2b4ff000 	C:\Windows\System32\bcryptPrimitives.dll
0x00007ffd21050000 - 0x00007ffd21079000 	C:\Program Files\Java\jdk-11.0.6\bin\java.dll
0x00007ffd20d00000 - 0x00007ffd20d16000 	C:\Program Files\Java\jdk-11.0.6\bin\zip.dll
0x00007ffd26640000 - 0x00007ffd2664a000 	C:\Program Files\Java\jdk-11.0.6\bin\jimage.dll
0x00007ffd2cf00000 - 0x00007ffd2d640000 	C:\Windows\System32\SHELL32.dll
0x00007ffd29200000 - 0x00007ffd29991000 	C:\Windows\SYSTEM32\windows.storage.dll
0x00007ffd2c3a0000 - 0x00007ffd2c6f3000 	C:\Windows\System32\combase.dll
0x00007ffd2aa10000 - 0x00007ffd2aa3c000 	C:\Windows\SYSTEM32\Wldp.dll
0x00007ffd2c8f0000 - 0x00007ffd2c99e000 	C:\Windows\System32\SHCORE.dll
0x00007ffd2bc00000 - 0x00007ffd2bc55000 	C:\Windows\System32\shlwapi.dll
0x00007ffd2afa0000 - 0x00007ffd2afbf000 	C:\Windows\SYSTEM32\profapi.dll
0x00007ffd20bf0000 - 0x00007ffd20c09000 	C:\Program Files\Java\jdk-11.0.6\bin\net.dll
0x00007ffd1e1a0000 - 0x00007ffd1e2a0000 	C:\Windows\SYSTEM32\WINHTTP.dll
0x00007ffd2a790000 - 0x00007ffd2a7fa000 	C:\Windows\system32\mswsock.dll
0x00007ffd1fb80000 - 0x00007ffd1fb93000 	C:\Program Files\Java\jdk-11.0.6\bin\nio.dll
0x00007ffd255c0000 - 0x00007ffd255c9000 	C:\Program Files\Java\jdk-11.0.6\bin\management.dll
0x00007ffd25590000 - 0x00007ffd2559c000 	C:\Program Files\Java\jdk-11.0.6\bin\management_ext.dll
0x00007ffd0e200000 - 0x00007ffd0e217000 	C:\Windows\system32\napinsp.dll
0x00007ffd0dc80000 - 0x00007ffd0dc9b000 	C:\Windows\system32\pnrpnsp.dll
0x00007ffd0fcf0000 - 0x00007ffd0fd05000 	C:\Windows\system32\wshbth.dll
0x00007ffd26b90000 - 0x00007ffd26bad000 	C:\Windows\system32\NLAapi.dll
0x00007ffd2a480000 - 0x00007ffd2a4bb000 	C:\Windows\SYSTEM32\IPHLPAPI.DLL
0x00007ffd2a4c0000 - 0x00007ffd2a58a000 	C:\Windows\SYSTEM32\DNSAPI.dll
0x00007ffd2c700000 - 0x00007ffd2c709000 	C:\Windows\System32\NSI.dll
0x00007ffd0dc60000 - 0x00007ffd0dc72000 	C:\Windows\System32\winrnr.dll
0x00007ffd1c090000 - 0x00007ffd1c09a000 	C:\Windows\System32\rasadhlp.dll
0x00007ffd1d180000 - 0x00007ffd1d1ff000 	C:\Windows\System32\fwpuclnt.dll
0x00007ffd2b060000 - 0x00007ffd2b087000 	C:\Windows\System32\bcrypt.dll
0x00007ffd2a960000 - 0x00007ffd2a978000 	C:\Windows\SYSTEM32\CRYPTSP.dll
0x00007ffd2a120000 - 0x00007ffd2a154000 	C:\Windows\system32\rsaenh.dll
0x00007ffd2af60000 - 0x00007ffd2af8e000 	C:\Windows\SYSTEM32\USERENV.dll
0x00007ffd2a980000 - 0x00007ffd2a98c000 	C:\Windows\SYSTEM32\CRYPTBASE.dll
0x00007ffd24800000 - 0x00007ffd24817000 	C:\Windows\SYSTEM32\dhcpcsvc6.DLL
0x00007ffd24b00000 - 0x00007ffd24b1d000 	C:\Windows\SYSTEM32\dhcpcsvc.DLL
0x00007ffd13b00000 - 0x00007ffd13b27000 	C:\Program Files\Java\jdk-11.0.6\bin\sunec.dll
0x00007ffd22900000 - 0x00007ffd2290d000 	C:\Program Files\Java\jdk-11.0.6\bin\sunmscapi.dll
0x00007ffd2b7d0000 - 0x00007ffd2b92d000 	C:\Windows\System32\CRYPT32.dll
0x00007ffd2aa80000 - 0x00007ffd2aaa7000 	C:\Windows\SYSTEM32\ncrypt.dll
0x00007ffd2aa40000 - 0x00007ffd2aa7b000 	C:\Windows\SYSTEM32\NTASN1.dll

dbghelp: loaded successfully - version: 4.0.5 - missing functions: none
symbol engine: initialized successfully - sym options: 0x614 - pdb path: .;C:\Program Files\Java\jdk-11.0.6\bin;C:\Windows\SYSTEM32;C:\Windows\WinSxS\amd64_microsoft.windows.common-controls_6595b64144ccf1df_6.0.19041.1_none_b555e41d4684ddec;C:\Program Files\Java\jdk-11.0.6\bin\server

VM Arguments:
jvm_args: -Dcom.sun.management.jmxremote -Dcom.sun.management.jmxremote.port=4290 -Dcom.sun.management.jmxremote.authenticate=false -Dcom.sun.management.jmxremote.ssl=false -Djava.rmi.server.hostname=localhost -Dspring.jmx.enabled=true -Dspring.application.admin.enabled=true -Xverify:none -XX:TieredStopAtLevel=1 -Dspring.boot.project.name=cursomc -Dfile.encoding=UTF-8 
java_command: com.rossini.cursomc.CursomcApplication --spring.output.ansi.enabled=always
java_class_path (initial): D:\Usuario\Documentos\GitHub\cursomc\target\classes;C:\Users\rossi\.m2\repository\org\springframework\boot\spring-boot-starter-web\2.3.3.RELEASE\spring-boot-starter-web-2.3.3.RELEASE.jar;C:\Users\rossi\.m2\repository\org\springframework\boot\spring-boot-starter\2.3.3.RELEASE\spring-boot-starter-2.3.3.RELEASE.jar;C:\Users\rossi\.m2\repository\org\springframework\boot\spring-boot-starter-logging\2.3.3.RELEASE\spring-boot-starter-logging-2.3.3.RELEASE.jar;C:\Users\rossi\.m2\repository\ch\qos\logback\logback-classic\1.2.3\logback-classic-1.2.3.jar;C:\Users\rossi\.m2\repository\ch\qos\logback\logback-core\1.2.3\logback-core-1.2.3.jar;C:\Users\rossi\.m2\repository\org\apache\logging\log4j\log4j-to-slf4j\2.13.3\log4j-to-slf4j-2.13.3.jar;C:\Users\rossi\.m2\repository\org\apache\logging\log4j\log4j-api\2.13.3\log4j-api-2.13.3.jar;C:\Users\rossi\.m2\repository\org\slf4j\jul-to-slf4j\1.7.30\jul-to-slf4j-1.7.30.jar;C:\Users\rossi\.m2\repository\jakarta\annotation\jakarta.annotation-api\1.3.5\jakarta.annotation-api-1.3.5.jar;C:\Users\rossi\.m2\repository\org\yaml\snakeyaml\1.26\snakeyaml-1.26.jar;C:\Users\rossi\.m2\repository\org\springframework\boot\spring-boot-starter-json\2.3.3.RELEASE\spring-boot-starter-json-2.3.3.RELEASE.jar;C:\Users\rossi\.m2\repository\com\fasterxml\jackson\datatype\jackson-datatype-jdk8\2.11.2\jackson-datatype-jdk8-2.11.2.jar;C:\Users\rossi\.m2\repository\com\fasterxml\jackson\datatype\jackson-datatype-jsr310\2.11.2\jackson-datatype-jsr310-2.11.2.jar;C:\Users\rossi\.m2\repository\com\fasterxml\jackson\module\jackson-module-parameter-names\2.11.2\jackson-module-parameter-names-2.11.2.jar;C:\Users\rossi\.m2\repository\org\springframework\boot\spring-boot-starter-tomcat\2.3.3.RELEASE\spring-boot-starter-tomcat-2.3.3.RELEASE.jar;C:\Users\rossi\.m2\repository\org\apache\tomcat\embed\tomcat-embed-core\9.0.37\tomcat-embed-core-9.0.37.jar;C:\Users\rossi\.m2\repository\org\glassfish\jakarta.el\3.0.3\jakarta.el-3.0.3.jar;C:\Users\ross
Launcher Type: SUN_STANDARD

[Global flags]
     bool BytecodeVerificationLocal                = false                                     {product} {command line}
     bool BytecodeVerificationRemote               = false                                     {product} {command line}
     intx CICompilerCount                          = 3                                         {product} {ergonomic}
     uint ConcGCThreads                            = 1                                         {product} {ergonomic}
     uint G1ConcRefinementThreads                  = 4                                         {product} {ergonomic}
   size_t G1HeapRegionSize                         = 1048576                                   {product} {ergonomic}
    uintx GCDrainStackTargetSize                   = 64                                        {product} {ergonomic}
   size_t InitialHeapSize                          = 132120576                                 {product} {ergonomic}
     bool ManagementServer                         = true                                      {product} {command line}
   size_t MarkStackSize                            = 4194304                                   {product} {ergonomic}
   size_t MaxHeapSize                              = 2107637760                                {product} {ergonomic}
   size_t MaxNewSize                               = 1264582656                                {product} {ergonomic}
   size_t MinHeapDeltaBytes                        = 1048576                                   {product} {ergonomic}
    uintx NonNMethodCodeHeapSize                   = 6973028                                {pd product} {ergonomic}
    uintx NonProfiledCodeHeapSize                  = 244685212                              {pd product} {ergonomic}
    uintx ProfiledCodeHeapSize                     = 0                                      {pd product} {ergonomic}
    uintx ReservedCodeCacheSize                    = 251658240                              {pd product} {ergonomic}
     bool SegmentedCodeCache                       = true                                      {product} {ergonomic}
     intx TieredStopAtLevel                        = 1                                         {product} {command line}
     bool UseCompressedClassPointers               = true                                 {lp64_product} {ergonomic}
     bool UseCompressedOops                        = true                                 {lp64_product} {ergonomic}
     bool UseG1GC                                  = true                                      {product} {ergonomic}
     bool UseLargePagesIndividualAllocation        = false                                  {pd product} {ergonomic}

Logging:
Log output configuration:
 #0: stdout all=warning uptime,level,tags
 #1: stderr all=off uptime,level,tags

Environment Variables:
JAVA_HOME=C:\Program Files\Java\jdk-11.0.6
PATH=C:/Program Files/Java/jdk-11.0.6/bin/server;C:/Program Files/Java/jdk-11.0.6/bin;C:\Windows\system32;C:\Windows;C:\Windows\System32\Wbem;C:\Windows\System32\WindowsPowerShell\v1.0\;C:\Windows\System32\OpenSSH\;C:\Program Files\dotnet\;C:\Program Files\Microsoft SQL Server\130\Tools\Binn\;C:\Program Files\Microsoft SQL Server\Client SDK\ODBC\170\Tools\Binn\;C:\Program Files\Java\jdk-11.0.6\bin;C:\xampp\mysql\bin;D:\Program Files\Git\cmd;C:\Users\rossi\AppData\Local\Microsoft\WindowsApps;C:\Users\rossi\.dotnet\tools;C:\Users\rossi\AppData\Local\GitHubDesktop\bin;C:\Program Files\Java\jdk-11.0.6\bin;D:\Program Files\heroku\bin;D:\Program Files\sts-4.7.1.RELEASE;
USERNAME=rossi
OS=Windows_NT
PROCESSOR_IDENTIFIER=Intel64 Family 6 Model 158 Stepping 11, GenuineIntel



---------------  S Y S T E M  ---------------

OS: Windows 10 , 64 bit Build 19041 (10.0.19041.292)

CPU:total 4 (initial active 4) (4 cores per cpu, 1 threads per core) family 6 model 158 stepping 11, cmov, cx8, fxsr, mmx, sse, sse2, sse3, ssse3, sse4.1, sse4.2, popcnt, avx, avx2, aes, clmul, erms, 3dnowpref, lzcnt, tsc, tscinvbit, bmi1, bmi2, adx, fma

Memory: 4k page, system-wide physical 8033M (2140M free)
TotalPageFile size 9313M (AvailPageFile size 1782M)
current process WorkingSet (physical memory assigned to process): 382M, peak: 384M
current process commit charge ("private bytes"): 465M, peak: 465M

vm_info: Java HotSpot(TM) 64-Bit Server VM (11.0.6+8-LTS) for windows-amd64 JRE (11.0.6+8-LTS), built on Dec 11 2019 09:17:57 by "mach5one" with MS VC++ 15.5 (VS2017)

END.
