#
# A fatal error has been detected by the Java Runtime Environment:
#
#  EXCEPTION_ACCESS_VIOLATION (0xc0000005) at pc=0x00007ffcea44f15d, pid=8824, tid=14164
#
# JRE version: Java(TM) SE Runtime Environment (11.0.6+8) (build 11.0.6+8-LTS)
# Java VM: Java HotSpot(TM) 64-Bit Server VM (11.0.6+8-LTS, mixed mode, tiered, compressed oops, g1 gc, windows-amd64)
# Problematic frame:
# V  [jvm.dll+0x65f15d]
#
# No core dump will be written. Minidumps are not enabled by default on client versions of Windows
#
# If you would like to submit a bug report, please visit:
#   http://bugreport.java.com/bugreport/crash.jsp
#

---------------  S U M M A R Y ------------

Command Line: -Dcom.sun.management.jmxremote -Dcom.sun.management.jmxremote.port=23926 -Dcom.sun.management.jmxremote.authenticate=false -Dcom.sun.management.jmxremote.ssl=false -Djava.rmi.server.hostname=localhost -Dspring.jmx.enabled=true -Dspring.application.admin.enabled=true -Xverify:none -XX:TieredStopAtLevel=1 -Dspring.boot.project.name=cursomc -Dfile.encoding=UTF-8 com.rossini.cursomc.CursomcApplication --spring.output.ansi.enabled=always

Host: Intel(R) Core(TM) i3-8100 CPU @ 3.60GHz, 4 cores, 7G,  Windows 10 , 64 bit Build 19041 (10.0.19041.292)
Time: Tue Sep  1 22:13:56 2020 Hora oficial do Brasil elapsed time: 5 seconds (0d 0h 0m 5s)

---------------  T H R E A D  ---------------

Current thread (0x0000021ee741a800):  VMThread "VM Thread" [stack: 0x0000007de4700000,0x0000007de4800000] [id=14164]

Stack: [0x0000007de4700000,0x0000007de4800000],  sp=0x0000007de47fede0,  free space=1019k
Native frames: (J=compiled Java code, j=interpreted, Vv=VM code, C=native code)
V  [jvm.dll+0x65f15d]
V  [jvm.dll+0x65f70a]
V  [jvm.dll+0x3732a9]
V  [jvm.dll+0x77d002]
V  [jvm.dll+0x77d60c]
V  [jvm.dll+0x77bad7]
V  [jvm.dll+0x77c300]
V  [jvm.dll+0x77c607]
V  [jvm.dll+0x733905]
V  [jvm.dll+0x635846]
C  [ucrtbase.dll+0x21542]
C  [KERNEL32.DLL+0x16fd4]
C  [ntdll.dll+0x4cec1]


siginfo: EXCEPTION_ACCESS_VIOLATION (0xc0000005), reading address 0x000000080000000f


Register to memory mapping:

RIP=0x00007ffcea44f15d jvm.dll
RAX=0x0000000000000001 is an unknown value
RBX=0x0000000800000007 is an unknown value
RCX=0x0000021ec70a0000 points into unknown readable memory: 00 00 00 00 00 00 00 00
RDX=0x0000021ec70a0000 points into unknown readable memory: 00 00 00 00 00 00 00 00
RSP=0x0000007de47fede0 points into unknown readable memory: cd 00 00 00 00 00 00 00
RBP=0x0 is NULL
RSI=0x0000000000000006 is an unknown value
RDI=0x0000021ee8e85760 points into unknown readable memory: 07 00 00 00 08 00 00 00
R8 =0x0000000000000004 is an unknown value
R9 =0x0000000000000001 is an unknown value
R10=0x0000000000008000 is an unknown value
R11=0x0000007de47fed40 points into unknown readable memory: 08 4a 0c c7 1e 02 00 00
R12=0x00007ffcea62d5e8 jvm.dll
R13=0x0000007de41feed0 is pointing into the stack for thread: 0x0000021ec71ca800
R14=0x0000021ee741a800 points into unknown readable memory: 08 82 6e ea fc 7f 00 00
R15=0x0000021ec70c4a08 points into unknown readable memory: 00 a8 41 e7 1e 02 00 00


Registers:
RAX=0x0000000000000001, RBX=0x0000000800000007, RCX=0x0000021ec70a0000, RDX=0x0000021ec70a0000
RSP=0x0000007de47fede0, RBP=0x0000000000000000, RSI=0x0000000000000006, RDI=0x0000021ee8e85760
R8 =0x0000000000000004, R9 =0x0000000000000001, R10=0x0000000000008000, R11=0x0000007de47fed40
R12=0x00007ffcea62d5e8, R13=0x0000007de41feed0, R14=0x0000021ee741a800, R15=0x0000021ec70c4a08
RIP=0x00007ffcea44f15d, EFLAGS=0x0000000000010202

Top of Stack: (sp=0x0000007de47fede0)
0x0000007de47fede0:   00000000000000cd 00007ffc00000000
0x0000007de47fedf0:   0000021e00000000 0000000000000000
0x0000007de47fee00:   0000000000000013 00007ffcea44f70a
0x0000007de47fee10:   0000021ee741a800 000000000000001f
0x0000007de47fee20:   0000000000000006 0000007de47fef20
0x0000007de47fee30:   0000000000000000 00007ffcea1632a9
0x0000007de47fee40:   0000007de47feee0 0000000000000006
0x0000007de47fee50:   0000000000000000 0000000000000006
0x0000007de47fee60:   0000000000000013 00007ffcea56d002
0x0000007de47fee70:   0000021ee741a800 0000000000000006
0x0000007de47fee80:   0000000000000006 0000000000000000
0x0000007de47fee90:   0000021e00000000 0000000000000000
0x0000007de47feea0:   0000000000000000 0000021ee741a800
0x0000007de47feeb0:   0000021eed06cef0 0000021ec7290100
0x0000007de47feec0:   0000000000000000 0000000000000000
0x0000007de47feed0:   0000021eecab5600 0000000000000013 

Instructions: (pc=0x00007ffcea44f15d)
0x00007ffcea44f13d:   8b ce e8 bc a2 a5 ff 48 8b 3d 35 03 41 00 48 8b
0x00007ffcea44f14d:   74 24 40 48 85 ff 74 39 48 8b 1f 48 85 db 74 29
0x00007ffcea44f15d:   48 83 7b 08 01 75 1a 48 8b 53 18 89 2b 48 85 d2
0x00007ffcea44f16d:   74 0f 39 6b 04 48 8b cb e8 06 ea b8 ff 48 89 6b 


Stack slot to memory mapping:
stack at sp + 0 slots: 0x00000000000000cd is an unknown value
stack at sp + 1 slots: 0x00007ffc00000000 is an unknown value
stack at sp + 2 slots: 0x0000021e00000000 is an unknown value
stack at sp + 3 slots: 0x0 is NULL
stack at sp + 4 slots: 0x0000000000000013 is an unknown value
stack at sp + 5 slots: 0x00007ffcea44f70a jvm.dll
stack at sp + 6 slots: 0x0000021ee741a800 points into unknown readable memory: 08 82 6e ea fc 7f 00 00
stack at sp + 7 slots: 0x000000000000001f is an unknown value

VM_Operation (0x0000007de41feed0): Exit, mode: safepoint, requested by thread 0x0000021ec71ca800


---------------  P R O C E S S  ---------------

Threads class SMR info:
_java_thread_list=0x0000021eed06cef0, length=19, elements={
0x0000021ec71ca800, 0x0000021ee7441800, 0x0000021ee744b000, 0x0000021ee7dd2800,
0x0000021ee745c800, 0x0000021ee745e000, 0x0000021ee7467000, 0x0000021ec729d000,
0x0000021ee8026800, 0x0000021ee8ea8800, 0x0000021ee8eb4800, 0x0000021ee8f11000,
0x0000021ee93b9000, 0x0000021ee9443800, 0x0000021ee9448000, 0x0000021ee9457000,
0x0000021eeb305800, 0x0000021eec955000, 0x0000021eec956000
}

Java Threads: ( => current thread )
  0x0000021ec71ca800 JavaThread "main" [_thread_blocked, id=7424, stack(0x0000007de4100000,0x0000007de4200000)]
  0x0000021ee7441800 JavaThread "Reference Handler" daemon [_thread_blocked, id=5512, stack(0x0000007de4800000,0x0000007de4900000)]
  0x0000021ee744b000 JavaThread "Finalizer" daemon [_thread_blocked, id=9784, stack(0x0000007de4900000,0x0000007de4a00000)]
  0x0000021ee7dd2800 JavaThread "Signal Dispatcher" daemon [_thread_blocked, id=7460, stack(0x0000007de4a00000,0x0000007de4b00000)]
  0x0000021ee745c800 JavaThread "Attach Listener" daemon [_thread_blocked, id=11688, stack(0x0000007de4b00000,0x0000007de4c00000)]
  0x0000021ee745e000 JavaThread "C1 CompilerThread0" daemon [_thread_blocked, id=12524, stack(0x0000007de4c00000,0x0000007de4d00000)]
  0x0000021ee7467000 JavaThread "Sweeper thread" daemon [_thread_blocked, id=4376, stack(0x0000007de4d00000,0x0000007de4e00000)]
  0x0000021ec729d000 JavaThread "Common-Cleaner" daemon [_thread_blocked, id=5712, stack(0x0000007de4e00000,0x0000007de4f00000)]
  0x0000021ee8026800 JavaThread "Service Thread" daemon [_thread_blocked, id=12260, stack(0x0000007de4f00000,0x0000007de5000000)]
  0x0000021ee8ea8800 JavaThread "RMI TCP Accept-0" daemon [_thread_in_native, id=13240, stack(0x0000007de5300000,0x0000007de5400000)]
  0x0000021ee8eb4800 JavaThread "RMI TCP Accept-23926" daemon [_thread_in_native, id=7032, stack(0x0000007de5400000,0x0000007de5500000)]
  0x0000021ee8f11000 JavaThread "RMI TCP Accept-0" daemon [_thread_in_native, id=5376, stack(0x0000007de5500000,0x0000007de5600000)]
  0x0000021ee93b9000 JavaThread "RMI TCP Connection(1)-127.0.0.1" daemon [_thread_in_native, id=5572, stack(0x0000007de5a00000,0x0000007de5b00000)]
  0x0000021ee9443800 JavaThread "RMI Scheduler(0)" daemon [_thread_blocked, id=8724, stack(0x0000007de5b00000,0x0000007de5c00000)]
  0x0000021ee9448000 JavaThread "RMI TCP Connection(2)-127.0.0.1" daemon [_thread_blocked, id=4964, stack(0x0000007de5c00000,0x0000007de5d00000)]
  0x0000021ee9457000 JavaThread "JMX server connection timeout 22" daemon [_thread_blocked, id=1464, stack(0x0000007de5d00000,0x0000007de5e00000)]
  0x0000021eeb305800 JavaThread "mysql-cj-abandoned-connection-cleanup" daemon [_thread_blocked, id=3160, stack(0x0000007de5e00000,0x0000007de5f00000)]
  0x0000021eec955000 JavaThread "Generate Seed" daemon [_thread_in_native, id=9976, stack(0x0000007de6700000,0x0000007de6800000)]
  0x0000021eec956000 JavaThread "Live Reload Server" daemon [_thread_in_native, id=10268, stack(0x0000007de6a00000,0x0000007de6b00000)]

Other Threads:
=>0x0000021ee741a800 VMThread "VM Thread" [stack: 0x0000007de4700000,0x0000007de4800000] [id=14164]
  0x0000021ec71e2000 GCTaskThread "GC Thread#0" [stack: 0x0000007de4200000,0x0000007de4300000] [id=2532]
  0x0000021ee8983800 GCTaskThread "GC Thread#1" [stack: 0x0000007de5000000,0x0000007de5100000] [id=11740]
  0x0000021ee8984800 GCTaskThread "GC Thread#2" [stack: 0x0000007de5100000,0x0000007de5200000] [id=3820]
  0x0000021ee9315800 GCTaskThread "GC Thread#3" [stack: 0x0000007de5900000,0x0000007de5a00000] [id=13084]
  0x0000021ec7211800 ConcurrentGCThread "G1 Main Marker" [stack: 0x0000007de4300000,0x0000007de4400000] [id=11028]
  0x0000021ec7214800 ConcurrentGCThread "G1 Conc#0" [stack: 0x0000007de4400000,0x0000007de4500000] [id=8864]
  0x0000021ec728f000 ConcurrentGCThread "G1 Refine#0" [stack: 0x0000007de4500000,0x0000007de4600000] [id=8736]
  0x0000021ec7292000 ConcurrentGCThread "G1 Young RemSet Sampling" [stack: 0x0000007de4600000,0x0000007de4700000] [id=12980]

Threads with active compile tasks:

VM state:at safepoint (shutting down)

VM Mutex/Monitor currently owned by a thread:  ([mutex/lock_event])
[0x0000021ec71c8a10] Threads_lock - owner thread: 0x0000021ee741a800

Heap address: 0x0000000082600000, size: 2010 MB, Compressed Oops mode: 32-bit
Narrow klass base: 0x0000000000000000, Narrow klass shift: 3
Compressed class space size: 1073741824 Address: 0x0000000100000000

Heap:
 garbage-first heap   total 234496K, used 58202K [0x0000000082600000, 0x0000000100000000)
  region size 1024K, 24 young (24576K), 11 survivors (11264K)
 Metaspace       used 66657K, capacity 68482K, committed 68816K, reserved 1107968K
  class space    used 8757K, capacity 9496K, committed 9600K, reserved 1048576K
Heap Regions: E=young(eden), S=young(survivor), O=old, HS=humongous(starts), HC=humongous(continues), CS=collection set, F=free, A=archive, TAMS=top-at-mark-start (previous, next)
|   0|0x0000000082600000, 0x0000000082700000, 0x0000000082700000|100%|HS|  |TAMS 0x0000000082700000, 0x0000000082600000| Complete 
|   1|0x0000000082700000, 0x0000000082800000, 0x0000000082800000|100%| O|  |TAMS 0x0000000082800000, 0x0000000082700000| Untracked 
|   2|0x0000000082800000, 0x00000000828ffff8, 0x0000000082900000| 99%| O|  |TAMS 0x00000000828ffff8, 0x0000000082800000| Untracked 
|   3|0x0000000082900000, 0x0000000082a00000, 0x0000000082a00000|100%| O|  |TAMS 0x0000000082a00000, 0x0000000082900000| Untracked 
|   4|0x0000000082a00000, 0x0000000082b00000, 0x0000000082b00000|100%| O|  |TAMS 0x0000000082b00000, 0x0000000082a00000| Untracked 
|   5|0x0000000082b00000, 0x0000000082c00000, 0x0000000082c00000|100%| O|  |TAMS 0x0000000082c00000, 0x0000000082b00000| Untracked 
|   6|0x0000000082c00000, 0x0000000082d00000, 0x0000000082d00000|100%| O|  |TAMS 0x0000000082d00000, 0x0000000082c00000| Untracked 
|   7|0x0000000082d00000, 0x0000000082e00000, 0x0000000082e00000|100%| O|  |TAMS 0x0000000082e00000, 0x0000000082d00000| Untracked 
|   8|0x0000000082e00000, 0x0000000082f00000, 0x0000000082f00000|100%| O|  |TAMS 0x0000000082f00000, 0x0000000082e00000| Untracked 
|   9|0x0000000082f00000, 0x0000000083000000, 0x0000000083000000|100%| O|  |TAMS 0x0000000083000000, 0x0000000082f00000| Untracked 
|  10|0x0000000083000000, 0x0000000083100000, 0x0000000083100000|100%| O|  |TAMS 0x0000000083100000, 0x0000000083000000| Untracked 
|  11|0x0000000083100000, 0x0000000083200000, 0x0000000083200000|100%| O|  |TAMS 0x0000000083200000, 0x0000000083100000| Untracked 
|  12|0x0000000083200000, 0x0000000083300000, 0x0000000083300000|100%| O|  |TAMS 0x0000000083300000, 0x0000000083200000| Untracked 
|  13|0x0000000083300000, 0x0000000083400000, 0x0000000083400000|100%| O|  |TAMS 0x0000000083400000, 0x0000000083300000| Untracked 
|  14|0x0000000083400000, 0x0000000083500000, 0x0000000083500000|100%| O|  |TAMS 0x0000000083500000, 0x0000000083400000| Untracked 
|  15|0x0000000083500000, 0x0000000083600000, 0x0000000083600000|100%| O|  |TAMS 0x0000000083600000, 0x0000000083500000| Untracked 
|  16|0x0000000083600000, 0x0000000083700000, 0x0000000083700000|100%| O|  |TAMS 0x0000000083700000, 0x0000000083600000| Untracked 
|  17|0x0000000083700000, 0x0000000083800000, 0x0000000083800000|100%| O|  |TAMS 0x0000000083800000, 0x0000000083700000| Untracked 
|  18|0x0000000083800000, 0x0000000083900000, 0x0000000083900000|100%| O|  |TAMS 0x0000000083900000, 0x0000000083800000| Untracked 
|  19|0x0000000083900000, 0x0000000083a00000, 0x0000000083a00000|100%| O|  |TAMS 0x0000000083a00000, 0x0000000083900000| Untracked 
|  20|0x0000000083a00000, 0x0000000083b00000, 0x0000000083b00000|100%| O|  |TAMS 0x0000000083b00000, 0x0000000083a00000| Untracked 
|  21|0x0000000083b00000, 0x0000000083c00000, 0x0000000083c00000|100%| O|  |TAMS 0x0000000083c00000, 0x0000000083b00000| Untracked 
|  22|0x0000000083c00000, 0x0000000083d00000, 0x0000000083d00000|100%| O|  |TAMS 0x0000000083d00000, 0x0000000083c00000| Untracked 
|  23|0x0000000083d00000, 0x0000000083e00000, 0x0000000083e00000|100%| O|  |TAMS 0x0000000083e00000, 0x0000000083d00000| Untracked 
|  24|0x0000000083e00000, 0x0000000083f00000, 0x0000000083f00000|100%| O|  |TAMS 0x0000000083f00000, 0x0000000083e00000| Untracked 
|  25|0x0000000083f00000, 0x0000000084000000, 0x0000000084000000|100%|HS|  |TAMS 0x0000000084000000, 0x0000000083f00000| Complete 
|  26|0x0000000084000000, 0x0000000084100000, 0x0000000084100000|100%|HC|  |TAMS 0x0000000084100000, 0x0000000084000000| Complete 
|  27|0x0000000084100000, 0x0000000084200000, 0x0000000084200000|100%| O|  |TAMS 0x0000000084200000, 0x0000000084100000| Untracked 
|  28|0x0000000084200000, 0x0000000084300000, 0x0000000084300000|100%| O|  |TAMS 0x0000000084300000, 0x0000000084200000| Untracked 
|  29|0x0000000084300000, 0x0000000084400000, 0x0000000084400000|100%| O|  |TAMS 0x0000000084400000, 0x0000000084300000| Untracked 
|  30|0x0000000084400000, 0x0000000084500000, 0x0000000084500000|100%| O|  |TAMS 0x0000000084500000, 0x0000000084400000| Untracked 
|  31|0x0000000084500000, 0x0000000084600000, 0x0000000084600000|100%| O|  |TAMS 0x0000000084600000, 0x0000000084500000| Untracked 
|  32|0x0000000084600000, 0x0000000084700000, 0x0000000084700000|100%| O|  |TAMS 0x0000000084700000, 0x0000000084600000| Untracked 
|  33|0x0000000084700000, 0x0000000084800000, 0x0000000084800000|100%| O|  |TAMS 0x0000000084800000, 0x0000000084700000| Untracked 
|  34|0x0000000084800000, 0x000000008487b200, 0x0000000084900000| 48%| O|  |TAMS 0x000000008487b200, 0x0000000084800000| Untracked 
|  35|0x0000000084900000, 0x0000000084900000, 0x0000000084a00000|  0%| F|  |TAMS 0x0000000084900000, 0x0000000084900000| Untracked 
|  36|0x0000000084a00000, 0x0000000084a00000, 0x0000000084b00000|  0%| F|  |TAMS 0x0000000084a00000, 0x0000000084a00000| Untracked 
|  37|0x0000000084b00000, 0x0000000084b00000, 0x0000000084c00000|  0%| F|  |TAMS 0x0000000084b00000, 0x0000000084b00000| Untracked 
|  38|0x0000000084c00000, 0x0000000084c00000, 0x0000000084d00000|  0%| F|  |TAMS 0x0000000084c00000, 0x0000000084c00000| Untracked 
|  39|0x0000000084d00000, 0x0000000084d00000, 0x0000000084e00000|  0%| F|  |TAMS 0x0000000084d00000, 0x0000000084d00000| Untracked 
|  40|0x0000000084e00000, 0x0000000084e00000, 0x0000000084f00000|  0%| F|  |TAMS 0x0000000084e00000, 0x0000000084e00000| Untracked 
|  41|0x0000000084f00000, 0x0000000084f00000, 0x0000000085000000|  0%| F|  |TAMS 0x0000000084f00000, 0x0000000084f00000| Untracked 
|  42|0x0000000085000000, 0x0000000085000000, 0x0000000085100000|  0%| F|  |TAMS 0x0000000085000000, 0x0000000085000000| Untracked 
|  43|0x0000000085100000, 0x0000000085100000, 0x0000000085200000|  0%| F|  |TAMS 0x0000000085100000, 0x0000000085100000| Untracked 
|  44|0x0000000085200000, 0x0000000085200000, 0x0000000085300000|  0%| F|  |TAMS 0x0000000085200000, 0x0000000085200000| Untracked 
|  45|0x0000000085300000, 0x0000000085300000, 0x0000000085400000|  0%| F|  |TAMS 0x0000000085300000, 0x0000000085300000| Untracked 
|  46|0x0000000085400000, 0x0000000085400000, 0x0000000085500000|  0%| F|  |TAMS 0x0000000085400000, 0x0000000085400000| Untracked 
|  47|0x0000000085500000, 0x0000000085500000, 0x0000000085600000|  0%| F|  |TAMS 0x0000000085500000, 0x0000000085500000| Untracked 
|  48|0x0000000085600000, 0x0000000085600000, 0x0000000085700000|  0%| F|  |TAMS 0x0000000085600000, 0x0000000085600000| Untracked 
|  49|0x0000000085700000, 0x0000000085700000, 0x0000000085800000|  0%| F|  |TAMS 0x0000000085700000, 0x0000000085700000| Untracked 
|  50|0x0000000085800000, 0x0000000085800000, 0x0000000085900000|  0%| F|  |TAMS 0x0000000085800000, 0x0000000085800000| Untracked 
|  51|0x0000000085900000, 0x0000000085900000, 0x0000000085a00000|  0%| F|  |TAMS 0x0000000085900000, 0x0000000085900000| Untracked 
|  52|0x0000000085a00000, 0x0000000085a00000, 0x0000000085b00000|  0%| F|  |TAMS 0x0000000085a00000, 0x0000000085a00000| Untracked 
|  53|0x0000000085b00000, 0x0000000085b00000, 0x0000000085c00000|  0%| F|  |TAMS 0x0000000085b00000, 0x0000000085b00000| Untracked 
|  54|0x0000000085c00000, 0x0000000085c00000, 0x0000000085d00000|  0%| F|  |TAMS 0x0000000085c00000, 0x0000000085c00000| Untracked 
|  55|0x0000000085d00000, 0x0000000085d00000, 0x0000000085e00000|  0%| F|  |TAMS 0x0000000085d00000, 0x0000000085d00000| Untracked 
|  56|0x0000000085e00000, 0x0000000085e00000, 0x0000000085f00000|  0%| F|  |TAMS 0x0000000085e00000, 0x0000000085e00000| Untracked 
|  57|0x0000000085f00000, 0x0000000085f00000, 0x0000000086000000|  0%| F|  |TAMS 0x0000000085f00000, 0x0000000085f00000| Untracked 
|  58|0x0000000086000000, 0x0000000086000000, 0x0000000086100000|  0%| F|  |TAMS 0x0000000086000000, 0x0000000086000000| Untracked 
|  59|0x0000000086100000, 0x0000000086100000, 0x0000000086200000|  0%| F|  |TAMS 0x0000000086100000, 0x0000000086100000| Untracked 
|  60|0x0000000086200000, 0x0000000086200000, 0x0000000086300000|  0%| F|  |TAMS 0x0000000086200000, 0x0000000086200000| Untracked 
|  61|0x0000000086300000, 0x0000000086300000, 0x0000000086400000|  0%| F|  |TAMS 0x0000000086300000, 0x0000000086300000| Untracked 
|  62|0x0000000086400000, 0x0000000086400000, 0x0000000086500000|  0%| F|  |TAMS 0x0000000086400000, 0x0000000086400000| Untracked 
|  63|0x0000000086500000, 0x000000008655b9f8, 0x0000000086600000| 35%| S|CS|TAMS 0x0000000086500000, 0x0000000086500000| Complete 
|  64|0x0000000086600000, 0x0000000086700000, 0x0000000086700000|100%| S|CS|TAMS 0x0000000086600000, 0x0000000086600000| Complete 
|  65|0x0000000086700000, 0x0000000086800000, 0x0000000086800000|100%| S|CS|TAMS 0x0000000086700000, 0x0000000086700000| Complete 
|  66|0x0000000086800000, 0x0000000086900000, 0x0000000086900000|100%| S|CS|TAMS 0x0000000086800000, 0x0000000086800000| Complete 
|  67|0x0000000086900000, 0x0000000086a00000, 0x0000000086a00000|100%| S|CS|TAMS 0x0000000086900000, 0x0000000086900000| Complete 
|  68|0x0000000086a00000, 0x0000000086b00000, 0x0000000086b00000|100%| S|CS|TAMS 0x0000000086a00000, 0x0000000086a00000| Complete 
|  69|0x0000000086b00000, 0x0000000086c00000, 0x0000000086c00000|100%| S|CS|TAMS 0x0000000086b00000, 0x0000000086b00000| Complete 
|  70|0x0000000086c00000, 0x0000000086d00000, 0x0000000086d00000|100%| S|CS|TAMS 0x0000000086c00000, 0x0000000086c00000| Complete 
|  71|0x0000000086d00000, 0x0000000086e00000, 0x0000000086e00000|100%| S|CS|TAMS 0x0000000086d00000, 0x0000000086d00000| Complete 
|  72|0x0000000086e00000, 0x0000000086f00000, 0x0000000086f00000|100%| S|CS|TAMS 0x0000000086e00000, 0x0000000086e00000| Complete 
|  73|0x0000000086f00000, 0x0000000087000000, 0x0000000087000000|100%| S|CS|TAMS 0x0000000086f00000, 0x0000000086f00000| Complete 
|  74|0x0000000087000000, 0x0000000087000000, 0x0000000087100000|  0%| F|  |TAMS 0x0000000087000000, 0x0000000087000000| Untracked 
|  75|0x0000000087100000, 0x0000000087100000, 0x0000000087200000|  0%| F|  |TAMS 0x0000000087100000, 0x0000000087100000| Untracked 
|  76|0x0000000087200000, 0x0000000087200000, 0x0000000087300000|  0%| F|  |TAMS 0x0000000087200000, 0x0000000087200000| Untracked 
|  77|0x0000000087300000, 0x0000000087300000, 0x0000000087400000|  0%| F|  |TAMS 0x0000000087300000, 0x0000000087300000| Untracked 
|  78|0x0000000087400000, 0x0000000087400000, 0x0000000087500000|  0%| F|  |TAMS 0x0000000087400000, 0x0000000087400000| Untracked 
|  79|0x0000000087500000, 0x0000000087500000, 0x0000000087600000|  0%| F|  |TAMS 0x0000000087500000, 0x0000000087500000| Untracked 
|  80|0x0000000087600000, 0x0000000087600000, 0x0000000087700000|  0%| F|  |TAMS 0x0000000087600000, 0x0000000087600000| Untracked 
|  81|0x0000000087700000, 0x0000000087700000, 0x0000000087800000|  0%| F|  |TAMS 0x0000000087700000, 0x0000000087700000| Untracked 
|  82|0x0000000087800000, 0x0000000087800000, 0x0000000087900000|  0%| F|  |TAMS 0x0000000087800000, 0x0000000087800000| Untracked 
|  83|0x0000000087900000, 0x0000000087900000, 0x0000000087a00000|  0%| F|  |TAMS 0x0000000087900000, 0x0000000087900000| Untracked 
|  84|0x0000000087a00000, 0x0000000087a00000, 0x0000000087b00000|  0%| F|  |TAMS 0x0000000087a00000, 0x0000000087a00000| Untracked 
|  85|0x0000000087b00000, 0x0000000087b00000, 0x0000000087c00000|  0%| F|  |TAMS 0x0000000087b00000, 0x0000000087b00000| Untracked 
|  86|0x0000000087c00000, 0x0000000087c00000, 0x0000000087d00000|  0%| F|  |TAMS 0x0000000087c00000, 0x0000000087c00000| Untracked 
|  87|0x0000000087d00000, 0x0000000087d00000, 0x0000000087e00000|  0%| F|  |TAMS 0x0000000087d00000, 0x0000000087d00000| Untracked 
|  88|0x0000000087e00000, 0x0000000087e00000, 0x0000000087f00000|  0%| F|  |TAMS 0x0000000087e00000, 0x0000000087e00000| Untracked 
|  89|0x0000000087f00000, 0x0000000087f00000, 0x0000000088000000|  0%| F|  |TAMS 0x0000000087f00000, 0x0000000087f00000| Untracked 
|  90|0x0000000088000000, 0x0000000088000000, 0x0000000088100000|  0%| F|  |TAMS 0x0000000088000000, 0x0000000088000000| Untracked 
|  91|0x0000000088100000, 0x0000000088100000, 0x0000000088200000|  0%| F|  |TAMS 0x0000000088100000, 0x0000000088100000| Untracked 
|  92|0x0000000088200000, 0x0000000088200000, 0x0000000088300000|  0%| F|  |TAMS 0x0000000088200000, 0x0000000088200000| Untracked 
|  93|0x0000000088300000, 0x0000000088300000, 0x0000000088400000|  0%| F|  |TAMS 0x0000000088300000, 0x0000000088300000| Untracked 
|  94|0x0000000088400000, 0x0000000088400000, 0x0000000088500000|  0%| F|  |TAMS 0x0000000088400000, 0x0000000088400000| Untracked 
|  95|0x0000000088500000, 0x0000000088500000, 0x0000000088600000|  0%| F|  |TAMS 0x0000000088500000, 0x0000000088500000| Untracked 
|  96|0x0000000088600000, 0x0000000088600000, 0x0000000088700000|  0%| F|  |TAMS 0x0000000088600000, 0x0000000088600000| Untracked 
|  97|0x0000000088700000, 0x0000000088700000, 0x0000000088800000|  0%| F|  |TAMS 0x0000000088700000, 0x0000000088700000| Untracked 
|  98|0x0000000088800000, 0x0000000088800000, 0x0000000088900000|  0%| F|  |TAMS 0x0000000088800000, 0x0000000088800000| Untracked 
|  99|0x0000000088900000, 0x0000000088900000, 0x0000000088a00000|  0%| F|  |TAMS 0x0000000088900000, 0x0000000088900000| Untracked 
| 100|0x0000000088a00000, 0x0000000088a00000, 0x0000000088b00000|  0%| F|  |TAMS 0x0000000088a00000, 0x0000000088a00000| Untracked 
| 101|0x0000000088b00000, 0x0000000088b00000, 0x0000000088c00000|  0%| F|  |TAMS 0x0000000088b00000, 0x0000000088b00000| Untracked 
| 102|0x0000000088c00000, 0x0000000088c00000, 0x0000000088d00000|  0%| F|  |TAMS 0x0000000088c00000, 0x0000000088c00000| Untracked 
| 103|0x0000000088d00000, 0x0000000088d00000, 0x0000000088e00000|  0%| F|  |TAMS 0x0000000088d00000, 0x0000000088d00000| Untracked 
| 104|0x0000000088e00000, 0x0000000088e00000, 0x0000000088f00000|  0%| F|  |TAMS 0x0000000088e00000, 0x0000000088e00000| Untracked 
| 105|0x0000000088f00000, 0x0000000088f00000, 0x0000000089000000|  0%| F|  |TAMS 0x0000000088f00000, 0x0000000088f00000| Untracked 
| 106|0x0000000089000000, 0x0000000089000000, 0x0000000089100000|  0%| F|  |TAMS 0x0000000089000000, 0x0000000089000000| Untracked 
| 107|0x0000000089100000, 0x0000000089100000, 0x0000000089200000|  0%| F|  |TAMS 0x0000000089100000, 0x0000000089100000| Untracked 
| 108|0x0000000089200000, 0x0000000089200000, 0x0000000089300000|  0%| F|  |TAMS 0x0000000089200000, 0x0000000089200000| Untracked 
| 109|0x0000000089300000, 0x0000000089300000, 0x0000000089400000|  0%| F|  |TAMS 0x0000000089300000, 0x0000000089300000| Untracked 
| 110|0x0000000089400000, 0x0000000089400000, 0x0000000089500000|  0%| F|  |TAMS 0x0000000089400000, 0x0000000089400000| Untracked 
| 111|0x0000000089500000, 0x0000000089500000, 0x0000000089600000|  0%| F|  |TAMS 0x0000000089500000, 0x0000000089500000| Untracked 
| 112|0x0000000089600000, 0x0000000089600000, 0x0000000089700000|  0%| F|  |TAMS 0x0000000089600000, 0x0000000089600000| Untracked 
| 113|0x0000000089700000, 0x0000000089700000, 0x0000000089800000|  0%| F|  |TAMS 0x0000000089700000, 0x0000000089700000| Untracked 
| 114|0x0000000089800000, 0x0000000089800000, 0x0000000089900000|  0%| F|  |TAMS 0x0000000089800000, 0x0000000089800000| Untracked 
| 115|0x0000000089900000, 0x0000000089900000, 0x0000000089a00000|  0%| F|  |TAMS 0x0000000089900000, 0x0000000089900000| Untracked 
| 116|0x0000000089a00000, 0x0000000089a00000, 0x0000000089b00000|  0%| F|  |TAMS 0x0000000089a00000, 0x0000000089a00000| Untracked 
| 117|0x0000000089b00000, 0x0000000089b00000, 0x0000000089c00000|  0%| F|  |TAMS 0x0000000089b00000, 0x0000000089b00000| Untracked 
| 118|0x0000000089c00000, 0x0000000089c00000, 0x0000000089d00000|  0%| F|  |TAMS 0x0000000089c00000, 0x0000000089c00000| Untracked 
| 119|0x0000000089d00000, 0x0000000089d00000, 0x0000000089e00000|  0%| F|  |TAMS 0x0000000089d00000, 0x0000000089d00000| Untracked 
| 120|0x0000000089e00000, 0x0000000089e00000, 0x0000000089f00000|  0%| F|  |TAMS 0x0000000089e00000, 0x0000000089e00000| Untracked 
| 121|0x0000000089f00000, 0x0000000089f00000, 0x000000008a000000|  0%| F|  |TAMS 0x0000000089f00000, 0x0000000089f00000| Untracked 
| 122|0x000000008a000000, 0x000000008a000000, 0x000000008a100000|  0%| F|  |TAMS 0x000000008a000000, 0x000000008a000000| Untracked 
| 123|0x000000008a100000, 0x000000008a100000, 0x000000008a200000|  0%| F|  |TAMS 0x000000008a100000, 0x000000008a100000| Untracked 
| 124|0x000000008a200000, 0x000000008a200000, 0x000000008a300000|  0%| F|  |TAMS 0x000000008a200000, 0x000000008a200000| Untracked 
| 125|0x000000008a300000, 0x000000008a300000, 0x000000008a400000|  0%| F|  |TAMS 0x000000008a300000, 0x000000008a300000| Untracked 
| 126|0x000000008a400000, 0x000000008a400000, 0x000000008a500000|  0%| F|  |TAMS 0x000000008a400000, 0x000000008a400000| Untracked 
| 127|0x000000008a500000, 0x000000008a500000, 0x000000008a600000|  0%| F|  |TAMS 0x000000008a500000, 0x000000008a500000| Untracked 
| 128|0x000000008a600000, 0x000000008a600000, 0x000000008a700000|  0%| F|  |TAMS 0x000000008a600000, 0x000000008a600000| Untracked 
| 129|0x000000008a700000, 0x000000008a700000, 0x000000008a800000|  0%| F|  |TAMS 0x000000008a700000, 0x000000008a700000| Untracked 
| 130|0x000000008a800000, 0x000000008a800000, 0x000000008a900000|  0%| F|  |TAMS 0x000000008a800000, 0x000000008a800000| Untracked 
| 131|0x000000008a900000, 0x000000008a900000, 0x000000008aa00000|  0%| F|  |TAMS 0x000000008a900000, 0x000000008a900000| Untracked 
| 132|0x000000008aa00000, 0x000000008aa00000, 0x000000008ab00000|  0%| F|  |TAMS 0x000000008aa00000, 0x000000008aa00000| Untracked 
| 133|0x000000008ab00000, 0x000000008ab00000, 0x000000008ac00000|  0%| F|  |TAMS 0x000000008ab00000, 0x000000008ab00000| Untracked 
| 134|0x000000008ac00000, 0x000000008ac00000, 0x000000008ad00000|  0%| F|  |TAMS 0x000000008ac00000, 0x000000008ac00000| Untracked 
| 135|0x000000008ad00000, 0x000000008ad00000, 0x000000008ae00000|  0%| F|  |TAMS 0x000000008ad00000, 0x000000008ad00000| Untracked 
| 136|0x000000008ae00000, 0x000000008ae00000, 0x000000008af00000|  0%| F|  |TAMS 0x000000008ae00000, 0x000000008ae00000| Untracked 
| 137|0x000000008af00000, 0x000000008af00000, 0x000000008b000000|  0%| F|  |TAMS 0x000000008af00000, 0x000000008af00000| Untracked 
| 138|0x000000008b000000, 0x000000008b000000, 0x000000008b100000|  0%| F|  |TAMS 0x000000008b000000, 0x000000008b000000| Untracked 
| 139|0x000000008b100000, 0x000000008b100000, 0x000000008b200000|  0%| F|  |TAMS 0x000000008b100000, 0x000000008b100000| Untracked 
| 140|0x000000008b200000, 0x000000008b200000, 0x000000008b300000|  0%| F|  |TAMS 0x000000008b200000, 0x000000008b200000| Untracked 
| 141|0x000000008b300000, 0x000000008b300000, 0x000000008b400000|  0%| F|  |TAMS 0x000000008b300000, 0x000000008b300000| Untracked 
| 142|0x000000008b400000, 0x000000008b400000, 0x000000008b500000|  0%| F|  |TAMS 0x000000008b400000, 0x000000008b400000| Untracked 
| 143|0x000000008b500000, 0x000000008b500000, 0x000000008b600000|  0%| F|  |TAMS 0x000000008b500000, 0x000000008b500000| Untracked 
| 144|0x000000008b600000, 0x000000008b600000, 0x000000008b700000|  0%| F|  |TAMS 0x000000008b600000, 0x000000008b600000| Untracked 
| 145|0x000000008b700000, 0x000000008b700000, 0x000000008b800000|  0%| F|  |TAMS 0x000000008b700000, 0x000000008b700000| Untracked 
| 146|0x000000008b800000, 0x000000008b800000, 0x000000008b900000|  0%| F|  |TAMS 0x000000008b800000, 0x000000008b800000| Untracked 
| 147|0x000000008b900000, 0x000000008b900000, 0x000000008ba00000|  0%| F|  |TAMS 0x000000008b900000, 0x000000008b900000| Untracked 
| 148|0x000000008ba00000, 0x000000008ba00000, 0x000000008bb00000|  0%| F|  |TAMS 0x000000008ba00000, 0x000000008ba00000| Untracked 
| 149|0x000000008bb00000, 0x000000008bb00000, 0x000000008bc00000|  0%| F|  |TAMS 0x000000008bb00000, 0x000000008bb00000| Untracked 
| 150|0x000000008bc00000, 0x000000008bc00000, 0x000000008bd00000|  0%| F|  |TAMS 0x000000008bc00000, 0x000000008bc00000| Untracked 
| 151|0x000000008bd00000, 0x000000008bd00000, 0x000000008be00000|  0%| F|  |TAMS 0x000000008bd00000, 0x000000008bd00000| Untracked 
| 152|0x000000008be00000, 0x000000008be00000, 0x000000008bf00000|  0%| F|  |TAMS 0x000000008be00000, 0x000000008be00000| Untracked 
| 153|0x000000008bf00000, 0x000000008bf00000, 0x000000008c000000|  0%| F|  |TAMS 0x000000008bf00000, 0x000000008bf00000| Untracked 
| 154|0x000000008c000000, 0x000000008c000000, 0x000000008c100000|  0%| F|  |TAMS 0x000000008c000000, 0x000000008c000000| Untracked 
| 155|0x000000008c100000, 0x000000008c100000, 0x000000008c200000|  0%| F|  |TAMS 0x000000008c100000, 0x000000008c100000| Untracked 
| 156|0x000000008c200000, 0x000000008c200000, 0x000000008c300000|  0%| F|  |TAMS 0x000000008c200000, 0x000000008c200000| Untracked 
| 157|0x000000008c300000, 0x000000008c300000, 0x000000008c400000|  0%| F|  |TAMS 0x000000008c300000, 0x000000008c300000| Untracked 
| 158|0x000000008c400000, 0x000000008c400000, 0x000000008c500000|  0%| F|  |TAMS 0x000000008c400000, 0x000000008c400000| Untracked 
| 159|0x000000008c500000, 0x000000008c500000, 0x000000008c600000|  0%| F|  |TAMS 0x000000008c500000, 0x000000008c500000| Untracked 
| 160|0x000000008c600000, 0x000000008c600000, 0x000000008c700000|  0%| F|  |TAMS 0x000000008c600000, 0x000000008c600000| Untracked 
| 161|0x000000008c700000, 0x000000008c700000, 0x000000008c800000|  0%| F|  |TAMS 0x000000008c700000, 0x000000008c700000| Untracked 
| 162|0x000000008c800000, 0x000000008c800000, 0x000000008c900000|  0%| F|  |TAMS 0x000000008c800000, 0x000000008c800000| Untracked 
| 163|0x000000008c900000, 0x000000008c900000, 0x000000008ca00000|  0%| F|  |TAMS 0x000000008c900000, 0x000000008c900000| Untracked 
| 164|0x000000008ca00000, 0x000000008ca00000, 0x000000008cb00000|  0%| F|  |TAMS 0x000000008ca00000, 0x000000008ca00000| Untracked 
| 165|0x000000008cb00000, 0x000000008cb00000, 0x000000008cc00000|  0%| F|  |TAMS 0x000000008cb00000, 0x000000008cb00000| Untracked 
| 166|0x000000008cc00000, 0x000000008cc00000, 0x000000008cd00000|  0%| F|  |TAMS 0x000000008cc00000, 0x000000008cc00000| Untracked 
| 167|0x000000008cd00000, 0x000000008cd00000, 0x000000008ce00000|  0%| F|  |TAMS 0x000000008cd00000, 0x000000008cd00000| Untracked 
| 168|0x000000008ce00000, 0x000000008ce00000, 0x000000008cf00000|  0%| F|  |TAMS 0x000000008ce00000, 0x000000008ce00000| Untracked 
| 169|0x000000008cf00000, 0x000000008cf00000, 0x000000008d000000|  0%| F|  |TAMS 0x000000008cf00000, 0x000000008cf00000| Untracked 
| 170|0x000000008d000000, 0x000000008d000000, 0x000000008d100000|  0%| F|  |TAMS 0x000000008d000000, 0x000000008d000000| Untracked 
| 171|0x000000008d100000, 0x000000008d100000, 0x000000008d200000|  0%| F|  |TAMS 0x000000008d100000, 0x000000008d100000| Untracked 
| 172|0x000000008d200000, 0x000000008d200000, 0x000000008d300000|  0%| F|  |TAMS 0x000000008d200000, 0x000000008d200000| Untracked 
| 173|0x000000008d300000, 0x000000008d300000, 0x000000008d400000|  0%| F|  |TAMS 0x000000008d300000, 0x000000008d300000| Untracked 
| 174|0x000000008d400000, 0x000000008d400000, 0x000000008d500000|  0%| F|  |TAMS 0x000000008d400000, 0x000000008d400000| Untracked 
| 175|0x000000008d500000, 0x000000008d500000, 0x000000008d600000|  0%| F|  |TAMS 0x000000008d500000, 0x000000008d500000| Untracked 
| 176|0x000000008d600000, 0x000000008d600000, 0x000000008d700000|  0%| F|  |TAMS 0x000000008d600000, 0x000000008d600000| Untracked 
| 177|0x000000008d700000, 0x000000008d700000, 0x000000008d800000|  0%| F|  |TAMS 0x000000008d700000, 0x000000008d700000| Untracked 
| 178|0x000000008d800000, 0x000000008d800000, 0x000000008d900000|  0%| F|  |TAMS 0x000000008d800000, 0x000000008d800000| Untracked 
| 179|0x000000008d900000, 0x000000008d900000, 0x000000008da00000|  0%| F|  |TAMS 0x000000008d900000, 0x000000008d900000| Untracked 
| 180|0x000000008da00000, 0x000000008da00000, 0x000000008db00000|  0%| F|  |TAMS 0x000000008da00000, 0x000000008da00000| Untracked 
| 181|0x000000008db00000, 0x000000008db00000, 0x000000008dc00000|  0%| F|  |TAMS 0x000000008db00000, 0x000000008db00000| Untracked 
| 182|0x000000008dc00000, 0x000000008dc00000, 0x000000008dd00000|  0%| F|  |TAMS 0x000000008dc00000, 0x000000008dc00000| Untracked 
| 183|0x000000008dd00000, 0x000000008dd00000, 0x000000008de00000|  0%| F|  |TAMS 0x000000008dd00000, 0x000000008dd00000| Untracked 
| 184|0x000000008de00000, 0x000000008de00000, 0x000000008df00000|  0%| F|  |TAMS 0x000000008de00000, 0x000000008de00000| Untracked 
| 185|0x000000008df00000, 0x000000008df00000, 0x000000008e000000|  0%| F|  |TAMS 0x000000008df00000, 0x000000008df00000| Untracked 
| 186|0x000000008e000000, 0x000000008e000000, 0x000000008e100000|  0%| F|  |TAMS 0x000000008e000000, 0x000000008e000000| Untracked 
| 187|0x000000008e100000, 0x000000008e100000, 0x000000008e200000|  0%| F|  |TAMS 0x000000008e100000, 0x000000008e100000| Untracked 
| 188|0x000000008e200000, 0x000000008e200000, 0x000000008e300000|  0%| F|  |TAMS 0x000000008e200000, 0x000000008e200000| Untracked 
| 189|0x000000008e300000, 0x000000008e300000, 0x000000008e400000|  0%| F|  |TAMS 0x000000008e300000, 0x000000008e300000| Untracked 
| 190|0x000000008e400000, 0x000000008e400000, 0x000000008e500000|  0%| F|  |TAMS 0x000000008e400000, 0x000000008e400000| Untracked 
| 191|0x000000008e500000, 0x000000008e500000, 0x000000008e600000|  0%| F|  |TAMS 0x000000008e500000, 0x000000008e500000| Untracked 
| 192|0x000000008e600000, 0x000000008e600000, 0x000000008e700000|  0%| F|  |TAMS 0x000000008e600000, 0x000000008e600000| Untracked 
| 193|0x000000008e700000, 0x000000008e700000, 0x000000008e800000|  0%| F|  |TAMS 0x000000008e700000, 0x000000008e700000| Untracked 
| 194|0x000000008e800000, 0x000000008e800000, 0x000000008e900000|  0%| F|  |TAMS 0x000000008e800000, 0x000000008e800000| Untracked 
| 195|0x000000008e900000, 0x000000008e900000, 0x000000008ea00000|  0%| F|  |TAMS 0x000000008e900000, 0x000000008e900000| Untracked 
| 196|0x000000008ea00000, 0x000000008ea00000, 0x000000008eb00000|  0%| F|  |TAMS 0x000000008ea00000, 0x000000008ea00000| Untracked 
| 197|0x000000008eb00000, 0x000000008eb00000, 0x000000008ec00000|  0%| F|  |TAMS 0x000000008eb00000, 0x000000008eb00000| Untracked 
| 198|0x000000008ec00000, 0x000000008ec00000, 0x000000008ed00000|  0%| F|  |TAMS 0x000000008ec00000, 0x000000008ec00000| Untracked 
| 199|0x000000008ed00000, 0x000000008ed00000, 0x000000008ee00000|  0%| F|  |TAMS 0x000000008ed00000, 0x000000008ed00000| Untracked 
| 200|0x000000008ee00000, 0x000000008ee00000, 0x000000008ef00000|  0%| F|  |TAMS 0x000000008ee00000, 0x000000008ee00000| Untracked 
| 201|0x000000008ef00000, 0x000000008ef00000, 0x000000008f000000|  0%| F|  |TAMS 0x000000008ef00000, 0x000000008ef00000| Untracked 
| 202|0x000000008f000000, 0x000000008f000000, 0x000000008f100000|  0%| F|  |TAMS 0x000000008f000000, 0x000000008f000000| Untracked 
| 203|0x000000008f100000, 0x000000008f100000, 0x000000008f200000|  0%| F|  |TAMS 0x000000008f100000, 0x000000008f100000| Untracked 
| 204|0x000000008f200000, 0x000000008f200000, 0x000000008f300000|  0%| F|  |TAMS 0x000000008f200000, 0x000000008f200000| Untracked 
| 205|0x000000008f300000, 0x000000008f300000, 0x000000008f400000|  0%| F|  |TAMS 0x000000008f300000, 0x000000008f300000| Untracked 
| 206|0x000000008f400000, 0x000000008f400000, 0x000000008f500000|  0%| F|  |TAMS 0x000000008f400000, 0x000000008f400000| Untracked 
| 207|0x000000008f500000, 0x000000008f500000, 0x000000008f600000|  0%| F|  |TAMS 0x000000008f500000, 0x000000008f500000| Untracked 
| 208|0x000000008f600000, 0x000000008f600000, 0x000000008f700000|  0%| F|  |TAMS 0x000000008f600000, 0x000000008f600000| Untracked 
| 209|0x000000008f700000, 0x000000008f700000, 0x000000008f800000|  0%| F|  |TAMS 0x000000008f700000, 0x000000008f700000| Untracked 
| 210|0x000000008f800000, 0x000000008f800000, 0x000000008f900000|  0%| F|  |TAMS 0x000000008f800000, 0x000000008f800000| Untracked 
| 211|0x000000008f900000, 0x000000008f900000, 0x000000008fa00000|  0%| F|  |TAMS 0x000000008f900000, 0x000000008f900000| Untracked 
| 212|0x000000008fa00000, 0x000000008fa00000, 0x000000008fb00000|  0%| F|  |TAMS 0x000000008fa00000, 0x000000008fa00000| Untracked 
| 213|0x000000008fb00000, 0x000000008fb00000, 0x000000008fc00000|  0%| F|  |TAMS 0x000000008fb00000, 0x000000008fb00000| Untracked 
| 214|0x000000008fc00000, 0x000000008fc00000, 0x000000008fd00000|  0%| F|  |TAMS 0x000000008fc00000, 0x000000008fc00000| Untracked 
| 215|0x000000008fd00000, 0x000000008fd00000, 0x000000008fe00000|  0%| F|  |TAMS 0x000000008fd00000, 0x000000008fd00000| Untracked 
| 216|0x000000008fe00000, 0x000000008ff00000, 0x000000008ff00000|100%| E|  |TAMS 0x000000008fe00000, 0x000000008fe00000| Complete 
| 217|0x000000008ff00000, 0x0000000090000000, 0x0000000090000000|100%| E|CS|TAMS 0x000000008ff00000, 0x000000008ff00000| Complete 
| 218|0x0000000090000000, 0x0000000090100000, 0x0000000090100000|100%| E|CS|TAMS 0x0000000090000000, 0x0000000090000000| Complete 
| 219|0x0000000090100000, 0x0000000090200000, 0x0000000090200000|100%| E|CS|TAMS 0x0000000090100000, 0x0000000090100000| Complete 
| 220|0x0000000090200000, 0x0000000090300000, 0x0000000090300000|100%| E|CS|TAMS 0x0000000090200000, 0x0000000090200000| Complete 
| 221|0x0000000090300000, 0x0000000090400000, 0x0000000090400000|100%| E|CS|TAMS 0x0000000090300000, 0x0000000090300000| Complete 
| 222|0x0000000090400000, 0x0000000090500000, 0x0000000090500000|100%| E|CS|TAMS 0x0000000090400000, 0x0000000090400000| Complete 
| 223|0x0000000090500000, 0x0000000090600000, 0x0000000090600000|100%| E|CS|TAMS 0x0000000090500000, 0x0000000090500000| Complete 
| 224|0x0000000090600000, 0x0000000090700000, 0x0000000090700000|100%| E|CS|TAMS 0x0000000090600000, 0x0000000090600000| Complete 
| 225|0x0000000090700000, 0x0000000090800000, 0x0000000090800000|100%| E|CS|TAMS 0x0000000090700000, 0x0000000090700000| Complete 
| 226|0x0000000090800000, 0x0000000090900000, 0x0000000090900000|100%| E|CS|TAMS 0x0000000090800000, 0x0000000090800000| Complete 
| 227|0x0000000090900000, 0x0000000090a00000, 0x0000000090a00000|100%| E|CS|TAMS 0x0000000090900000, 0x0000000090900000| Complete 
| 228|0x0000000090a00000, 0x0000000090b00000, 0x0000000090b00000|100%| E|CS|TAMS 0x0000000090a00000, 0x0000000090a00000| Complete 

Card table byte_map: [0x0000021ee0770000,0x0000021ee0b60000] _byte_map_base: 0x0000021ee035d000

Marking Bits (Prev, Next): (CMBitMap*) 0x0000021ec7208e68, (CMBitMap*) 0x0000021ec7208ea0
 Prev Bits: [0x0000021ee0f50000, 0x0000021ee2eb8000)
 Next Bits: [0x0000021ee2ec0000, 0x0000021ee4e28000)

Polling page: 0x0000021ec7030000

Metaspace:

Usage:
  Non-class:     57.60 MB capacity,    56.54 MB ( 98%) used,   872.01 KB (  1%) free+waste,   213.94 KB ( <1%) overhead. 
      Class:      9.27 MB capacity,     8.55 MB ( 92%) used,   634.63 KB (  7%) free+waste,   103.50 KB (  1%) overhead. 
       Both:     66.88 MB capacity,    65.10 MB ( 97%) used,     1.47 MB (  2%) free+waste,   317.44 KB ( <1%) overhead. 

Virtual space:
  Non-class space:       58.00 MB reserved,      57.83 MB (>99%) committed 
      Class space:        1.00 GB reserved,       9.38 MB ( <1%) committed 
             Both:        1.06 GB reserved,      67.20 MB (  6%) committed 

Chunk freelists:
   Non-Class:  4.75 KB
       Class:  1.00 KB
        Both:  5.75 KB

CodeHeap 'non-profiled nmethods': size=238912Kb used=10606Kb max_used=10606Kb free=228305Kb
 bounds [0x0000021ed1410000, 0x0000021ed1e70000, 0x0000021edfd60000]
CodeHeap 'non-nmethods': size=6848Kb used=1256Kb max_used=1256Kb free=5591Kb
 bounds [0x0000021ed0d60000, 0x0000021ed0fd0000, 0x0000021ed1410000]
 total_blobs=7148 nmethods=6493 adapters=564
 compilation: enabled
              stopped_count=0, restarted_count=0
 full_count=0

Compilation events (10 events):
Event: 4.562 Thread 0x0000021ee745e000 6489       1       ch.qos.logback.classic.spi.StackTraceElementProxy::<init> (24 bytes)
Event: 4.562 Thread 0x0000021ee745e000 nmethod 6489 0x0000021ed1e69f90 code [0x0000021ed1e6a160, 0x0000021ed1e6a390]
Event: 4.565 Thread 0x0000021ee745e000 6490       1       ch.qos.logback.classic.spi.PackagingDataCalculator::computeBySTEP (81 bytes)
Event: 4.565 Thread 0x0000021ee745e000 nmethod 6490 0x0000021ed1e6a490 code [0x0000021ed1e6a6a0, 0x0000021ed1e6aab0]
Event: 4.565 Thread 0x0000021ee745e000 6491       1       ch.qos.logback.classic.spi.StackTraceElementProxy::setClassPackagingData (23 bytes)
Event: 4.565 Thread 0x0000021ee745e000 nmethod 6491 0x0000021ed1e6ad10 code [0x0000021ed1e6aee0, 0x0000021ed1e6b110]
Event: 4.567 Thread 0x0000021ee745e000 6492       1       org.springframework.util.ConcurrentReferenceHashMap$Segment::access$300 (5 bytes)
Event: 4.567 Thread 0x0000021ee745e000 nmethod 6492 0x0000021ed1e6b210 code [0x0000021ed1e6b3c0, 0x0000021ed1e6b4b8]
Event: 4.569 Thread 0x0000021ee745e000 6493       1       java.util.Collections$3::hasMoreElements (10 bytes)
Event: 4.569 Thread 0x0000021ee745e000 nmethod 6493 0x0000021ed1e6b590 code [0x0000021ed1e6b740, 0x0000021ed1e6b890]

GC Heap History (10 events):
Event: 2.272 GC heap before
{Heap before GC invocations=11 (full 0):
 garbage-first heap   total 155648K, used 111713K [0x0000000082600000, 0x0000000100000000)
  region size 1024K, 90 young (92160K), 9 survivors (9216K)
 Metaspace       used 36243K, capacity 37573K, committed 37808K, reserved 1081344K
  class space    used 4592K, capacity 5117K, committed 5120K, reserved 1048576K
}
Event: 2.280 GC heap after
{Heap after GC invocations=12 (full 0):
 garbage-first heap   total 187392K, used 31127K [0x0000000082600000, 0x0000000100000000)
  region size 1024K, 7 young (7168K), 7 survivors (7168K)
 Metaspace       used 36243K, capacity 37573K, committed 37808K, reserved 1081344K
  class space    used 4592K, capacity 5117K, committed 5120K, reserved 1048576K
}
Event: 2.742 GC heap before
{Heap before GC invocations=12 (full 0):
 garbage-first heap   total 187392K, used 130455K [0x0000000082600000, 0x0000000100000000)
  region size 1024K, 103 young (105472K), 7 survivors (7168K)
 Metaspace       used 43367K, capacity 44711K, committed 44848K, reserved 1087488K
  class space    used 5399K, capacity 5936K, committed 6016K, reserved 1048576K
}
Event: 2.748 GC heap after
{Heap after GC invocations=13 (full 0):
 garbage-first heap   total 187392K, used 35870K [0x0000000082600000, 0x0000000100000000)
  region size 1024K, 9 young (9216K), 9 survivors (9216K)
 Metaspace       used 43367K, capacity 44711K, committed 44848K, reserved 1087488K
  class space    used 5399K, capacity 5936K, committed 6016K, reserved 1048576K
}
Event: 3.134 GC heap before
{Heap before GC invocations=13 (full 0):
 garbage-first heap   total 187392K, used 138270K [0x0000000082600000, 0x0000000100000000)
  region size 1024K, 109 young (111616K), 9 survivors (9216K)
 Metaspace       used 54811K, capacity 56315K, committed 56368K, reserved 1097728K
  class space    used 6920K, capacity 7518K, committed 7552K, reserved 1048576K
}
Event: 3.143 GC heap after
{Heap after GC invocations=14 (full 0):
 garbage-first heap   total 187392K, used 40929K [0x0000000082600000, 0x0000000100000000)
  region size 1024K, 13 young (13312K), 13 survivors (13312K)
 Metaspace       used 54811K, capacity 56315K, committed 56368K, reserved 1097728K
  class space    used 6920K, capacity 7518K, committed 7552K, reserved 1048576K
}
Event: 3.284 GC heap before
{Heap before GC invocations=14 (full 0):
 garbage-first heap   total 187392K, used 87009K [0x0000000082600000, 0x0000000100000000)
  region size 1024K, 59 young (60416K), 13 survivors (13312K)
 Metaspace       used 58658K, capacity 60171K, committed 60240K, reserved 1101824K
  class space    used 7542K, capacity 8156K, committed 8192K, reserved 1048576K
}
Event: 3.293 GC heap after
{Heap after GC invocations=15 (full 0):
 garbage-first heap   total 187392K, used 42476K [0x0000000082600000, 0x0000000100000000)
  region size 1024K, 7 young (7168K), 7 survivors (7168K)
 Metaspace       used 58658K, capacity 60171K, committed 60240K, reserved 1101824K
  class space    used 7542K, capacity 8156K, committed 8192K, reserved 1048576K
}
Event: 4.457 GC heap before
{Heap before GC invocations=16 (full 0):
 garbage-first heap   total 187392K, used 146924K [0x0000000082600000, 0x0000000100000000)
  region size 1024K, 109 young (111616K), 7 survivors (7168K)
 Metaspace       used 66211K, capacity 67974K, committed 68176K, reserved 1107968K
  class space    used 8667K, capacity 9371K, committed 9472K, reserved 1048576K
}
Event: 4.465 GC heap after
{Heap after GC invocations=17 (full 0):
 garbage-first heap   total 234496K, used 45914K [0x0000000082600000, 0x0000000100000000)
  region size 1024K, 11 young (11264K), 11 survivors (11264K)
 Metaspace       used 66211K, capacity 67974K, committed 68176K, reserved 1107968K
  class space    used 8667K, capacity 9371K, committed 9472K, reserved 1048576K
}

Deoptimization events (0 events):
No events

Classes redefined (0 events):
No events

Internal exceptions (10 events):
Event: 4.220 Thread 0x0000021ee92f4000 Exception <a 'java/lang/reflect/InvocationTargetException'{0x0000000087f136a0}> (0x0000000087f136a0) thrown at [t:/workspace/open/src/hotspot/share/runtime/reflection.cpp, line 1242]
Event: 4.227 Thread 0x0000021ee92f4000 Exception <a 'java/lang/NoSuchMethodError'{0x0000000087fa2960}: java.lang.invoke.Invokers$Holder.linkToTargetMethod(Ljava/lang/Object;ILjava/lang/Object;)Ljava/lang/Object;> (0x0000000087fa2960) thrown at [t:/workspace/open/src/hotspot/share/interpreter/l
Event: 4.230 Thread 0x0000021ee92f4000 Exception <a 'java/lang/IncompatibleClassChangeError'{0x0000000087fd9be0}: Found class java.lang.Object, but interface was expected> (0x0000000087fd9be0) thrown at [t:/workspace/open/src/hotspot/share/interpreter/linkResolver.cpp, line 838]
Event: 4.475 Thread 0x0000021ee92f4000 Exception <a 'java/lang/reflect/InvocationTargetException'{0x00000000908e18e8}> (0x00000000908e18e8) thrown at [t:/workspace/open/src/hotspot/share/runtime/reflection.cpp, line 1242]
Event: 4.475 Thread 0x0000021ee92f4000 Exception <a 'java/lang/ClassNotFoundException'{0x00000000908eba58}: java/io/SerializableCustomizer> (0x00000000908eba58) thrown at [t:/workspace/open/src/hotspot/share/classfile/systemDictionary.cpp, line 231]
Event: 4.478 Thread 0x0000021ee92f4000 Exception <a 'java/lang/reflect/InvocationTargetException'{0x000000009071e128}> (0x000000009071e128) thrown at [t:/workspace/open/src/hotspot/share/runtime/reflection.cpp, line 1242]
Event: 4.517 Thread 0x0000021eec94e800 Exception <a 'java/lang/InterruptedException'{0x0000000090300040}: sleep interrupted> (0x0000000090300040) thrown at [t:/workspace/open/src/hotspot/share/prims/jvm.cpp, line 3106]
Event: 4.550 Thread 0x0000021eec94f800 Exception <a 'java/lang/InterruptedException'{0x0000000090155e70}: sleep interrupted> (0x0000000090155e70) thrown at [t:/workspace/open/src/hotspot/share/prims/jvm.cpp, line 3106]
Event: 4.563 Thread 0x0000021ee92f4000 Exception <a 'java/lang/NoClassDefFoundError'{0x000000008ff10a58}: sun/reflect/Reflection> (0x000000008ff10a58) thrown at [t:/workspace/open/src/hotspot/share/classfile/systemDictionary.cpp, line 220]
Event: 4.567 Thread 0x0000021ee92f4000 Exception <a 'java/lang/reflect/InvocationTargetException'{0x000000008ff9d4a0}> (0x000000008ff9d4a0) thrown at [t:/workspace/open/src/hotspot/share/runtime/reflection.cpp, line 1242]

Events (10 events):
Event: 4.567 loading class org/springframework/boot/devtools/restart/Restarter
Event: 4.567 loading class org/springframework/boot/devtools/restart/Restarter done
Event: 4.567 loading class org/springframework/boot/system/JavaVersion
Event: 4.567 loading class org/springframework/boot/system/JavaVersion done
Event: 4.568 Thread 0x0000021ee9307800 Thread exited: 0x0000021ee9307800
Event: 4.568 loading class org/springframework/boot/devtools/restart/SilentExitExceptionHandler$SilentExitException
Event: 4.568 loading class org/springframework/boot/devtools/restart/SilentExitExceptionHandler$SilentExitException done
Event: 4.568 Thread 0x0000021eec94f800 Thread added: 0x0000021eec94f800
Event: 4.569 Thread 0x0000021eec94f800 Thread exited: 0x0000021eec94f800
Event: 4.569 Executing VM operation: Exit


Dynamic libraries:
0x00007ff653960000 - 0x00007ff6539a7000 	C:\Program Files\Java\jdk-11.0.6\bin\javaw.exe
0x00007ffd2d910000 - 0x00007ffd2db05000 	C:\Windows\SYSTEM32\ntdll.dll
0x00007ffd2cb50000 - 0x00007ffd2cc0d000 	C:\Windows\System32\KERNEL32.DLL
0x00007ffd2b500000 - 0x00007ffd2b7c7000 	C:\Windows\System32\KERNELBASE.dll
0x00007ffd2c840000 - 0x00007ffd2c8ea000 	C:\Windows\System32\ADVAPI32.dll
0x00007ffd2c770000 - 0x00007ffd2c80e000 	C:\Windows\System32\msvcrt.dll
0x00007ffd2cc80000 - 0x00007ffd2cd1b000 	C:\Windows\System32\sechost.dll
0x00007ffd2be00000 - 0x00007ffd2bf23000 	C:\Windows\System32\RPCRT4.dll
0x00007ffd2c9b0000 - 0x00007ffd2cb50000 	C:\Windows\System32\USER32.dll
0x00007ffd2b0f0000 - 0x00007ffd2b112000 	C:\Windows\System32\win32u.dll
0x00007ffd2c810000 - 0x00007ffd2c83a000 	C:\Windows\System32\GDI32.dll
0x00007ffd2b1c0000 - 0x00007ffd2b2ca000 	C:\Windows\System32\gdi32full.dll
0x00007ffd2b120000 - 0x00007ffd2b1bd000 	C:\Windows\System32\msvcp_win.dll
0x00007ffd2b380000 - 0x00007ffd2b480000 	C:\Windows\System32\ucrtbase.dll
0x00007ffd19e10000 - 0x00007ffd1a0aa000 	C:\Windows\WinSxS\amd64_microsoft.windows.common-controls_6595b64144ccf1df_6.0.19041.1_none_b555e41d4684ddec\COMCTL32.dll
0x00007ffd24530000 - 0x00007ffd2453a000 	C:\Windows\SYSTEM32\VERSION.dll
0x00007ffd2cda0000 - 0x00007ffd2cdd0000 	C:\Windows\System32\IMM32.DLL
0x00007ffd107f0000 - 0x00007ffd10806000 	C:\Program Files\Java\jdk-11.0.6\bin\vcruntime140.dll
0x00007ffd06f00000 - 0x00007ffd06faa000 	C:\Program Files\Java\jdk-11.0.6\bin\msvcp140.dll
0x00007ffce9df0000 - 0x00007ffcea919000 	C:\Program Files\Java\jdk-11.0.6\bin\server\jvm.dll
0x00007ffd2d640000 - 0x00007ffd2d648000 	C:\Windows\System32\PSAPI.DLL
0x00007ffd24da0000 - 0x00007ffd24da9000 	C:\Windows\SYSTEM32\WSOCK32.dll
0x00007ffd2cc10000 - 0x00007ffd2cc7b000 	C:\Windows\System32\WS2_32.dll
0x00007ffd228f0000 - 0x00007ffd22917000 	C:\Windows\SYSTEM32\WINMM.dll
0x00007ffd29000000 - 0x00007ffd29013000 	C:\Windows\SYSTEM32\kernel.appcore.dll
0x00007ffd16930000 - 0x00007ffd16941000 	C:\Program Files\Java\jdk-11.0.6\bin\verify.dll
0x00007ffd15aa0000 - 0x00007ffd15c84000 	C:\Windows\SYSTEM32\DBGHELP.DLL
0x00007ffd159a0000 - 0x00007ffd159cc000 	C:\Windows\SYSTEM32\dbgcore.DLL
0x00007ffd2b480000 - 0x00007ffd2b4ff000 	C:\Windows\System32\bcryptPrimitives.dll
0x00007ffd0ba50000 - 0x00007ffd0ba79000 	C:\Program Files\Java\jdk-11.0.6\bin\java.dll
0x00007ffd16360000 - 0x00007ffd16376000 	C:\Program Files\Java\jdk-11.0.6\bin\zip.dll
0x00007ffd24e40000 - 0x00007ffd24e4a000 	C:\Program Files\Java\jdk-11.0.6\bin\jimage.dll
0x00007ffd2cf00000 - 0x00007ffd2d640000 	C:\Windows\System32\SHELL32.dll
0x00007ffd29200000 - 0x00007ffd29991000 	C:\Windows\SYSTEM32\windows.storage.dll
0x00007ffd2c3a0000 - 0x00007ffd2c6f3000 	C:\Windows\System32\combase.dll
0x00007ffd2aa10000 - 0x00007ffd2aa3c000 	C:\Windows\SYSTEM32\Wldp.dll
0x00007ffd2c8f0000 - 0x00007ffd2c99e000 	C:\Windows\System32\SHCORE.dll
0x00007ffd2bc00000 - 0x00007ffd2bc55000 	C:\Windows\System32\shlwapi.dll
0x00007ffd2afa0000 - 0x00007ffd2afbf000 	C:\Windows\SYSTEM32\profapi.dll
0x00007ffd10ad0000 - 0x00007ffd10ae9000 	C:\Program Files\Java\jdk-11.0.6\bin\net.dll
0x00007ffd1e1a0000 - 0x00007ffd1e2a0000 	C:\Windows\SYSTEM32\WINHTTP.dll
0x00007ffd2a790000 - 0x00007ffd2a7fa000 	C:\Windows\system32\mswsock.dll
0x00007ffd0bd90000 - 0x00007ffd0bda3000 	C:\Program Files\Java\jdk-11.0.6\bin\nio.dll
0x00007ffd24a00000 - 0x00007ffd24a09000 	C:\Program Files\Java\jdk-11.0.6\bin\management.dll
0x00007ffd22680000 - 0x00007ffd2268c000 	C:\Program Files\Java\jdk-11.0.6\bin\management_ext.dll
0x00007ffd0e200000 - 0x00007ffd0e217000 	C:\Windows\system32\napinsp.dll
0x00007ffd0dc80000 - 0x00007ffd0dc9b000 	C:\Windows\system32\pnrpnsp.dll
0x00007ffd0fcf0000 - 0x00007ffd0fd05000 	C:\Windows\system32\wshbth.dll
0x00007ffd26b90000 - 0x00007ffd26bad000 	C:\Windows\system32\NLAapi.dll
0x00007ffd2a480000 - 0x00007ffd2a4bb000 	C:\Windows\SYSTEM32\IPHLPAPI.DLL
0x00007ffd2a4c0000 - 0x00007ffd2a58a000 	C:\Windows\SYSTEM32\DNSAPI.dll
0x00007ffd2c700000 - 0x00007ffd2c709000 	C:\Windows\System32\NSI.dll
0x00007ffd0dc60000 - 0x00007ffd0dc72000 	C:\Windows\System32\winrnr.dll
0x00007ffd1c090000 - 0x00007ffd1c09a000 	C:\Windows\System32\rasadhlp.dll
0x00007ffd1d180000 - 0x00007ffd1d1ff000 	C:\Windows\System32\fwpuclnt.dll
0x00007ffd2b060000 - 0x00007ffd2b087000 	C:\Windows\System32\bcrypt.dll
0x00007ffd2a960000 - 0x00007ffd2a978000 	C:\Windows\SYSTEM32\CRYPTSP.dll
0x00007ffd2a120000 - 0x00007ffd2a154000 	C:\Windows\system32\rsaenh.dll
0x00007ffd2af60000 - 0x00007ffd2af8e000 	C:\Windows\SYSTEM32\USERENV.dll
0x00007ffd2a980000 - 0x00007ffd2a98c000 	C:\Windows\SYSTEM32\CRYPTBASE.dll
0x00007ffd24800000 - 0x00007ffd24817000 	C:\Windows\SYSTEM32\dhcpcsvc6.DLL
0x00007ffd24b00000 - 0x00007ffd24b1d000 	C:\Windows\SYSTEM32\dhcpcsvc.DLL
0x00007ffd218b0000 - 0x00007ffd218bd000 	C:\Program Files\Java\jdk-11.0.6\bin\sunmscapi.dll
0x00007ffd2b7d0000 - 0x00007ffd2b92d000 	C:\Windows\System32\CRYPT32.dll
0x00007ffd2aa80000 - 0x00007ffd2aaa7000 	C:\Windows\SYSTEM32\ncrypt.dll
0x00007ffd2aa40000 - 0x00007ffd2aa7b000 	C:\Windows\SYSTEM32\NTASN1.dll
0x00007ffd0b7a0000 - 0x00007ffd0b7c7000 	C:\Program Files\Java\jdk-11.0.6\bin\sunec.dll

dbghelp: loaded successfully - version: 4.0.5 - missing functions: none
symbol engine: initialized successfully - sym options: 0x614 - pdb path: .;C:\Program Files\Java\jdk-11.0.6\bin;C:\Windows\SYSTEM32;C:\Windows\WinSxS\amd64_microsoft.windows.common-controls_6595b64144ccf1df_6.0.19041.1_none_b555e41d4684ddec;C:\Program Files\Java\jdk-11.0.6\bin\server

VM Arguments:
jvm_args: -Dcom.sun.management.jmxremote -Dcom.sun.management.jmxremote.port=23926 -Dcom.sun.management.jmxremote.authenticate=false -Dcom.sun.management.jmxremote.ssl=false -Djava.rmi.server.hostname=localhost -Dspring.jmx.enabled=true -Dspring.application.admin.enabled=true -Xverify:none -XX:TieredStopAtLevel=1 -Dspring.boot.project.name=cursomc -Dfile.encoding=UTF-8 
java_command: com.rossini.cursomc.CursomcApplication --spring.output.ansi.enabled=always
java_class_path (initial): D:\Usuario\Documentos\GitHub\cursomc\target\classes;C:\Users\rossi\.m2\repository\org\springframework\boot\spring-boot-starter-web\2.3.3.RELEASE\spring-boot-starter-web-2.3.3.RELEASE.jar;C:\Users\rossi\.m2\repository\org\springframework\boot\spring-boot-starter\2.3.3.RELEASE\spring-boot-starter-2.3.3.RELEASE.jar;C:\Users\rossi\.m2\repository\org\springframework\boot\spring-boot-starter-logging\2.3.3.RELEASE\spring-boot-starter-logging-2.3.3.RELEASE.jar;C:\Users\rossi\.m2\repository\ch\qos\logback\logback-classic\1.2.3\logback-classic-1.2.3.jar;C:\Users\rossi\.m2\repository\ch\qos\logback\logback-core\1.2.3\logback-core-1.2.3.jar;C:\Users\rossi\.m2\repository\org\apache\logging\log4j\log4j-to-slf4j\2.13.3\log4j-to-slf4j-2.13.3.jar;C:\Users\rossi\.m2\repository\org\apache\logging\log4j\log4j-api\2.13.3\log4j-api-2.13.3.jar;C:\Users\rossi\.m2\repository\org\slf4j\jul-to-slf4j\1.7.30\jul-to-slf4j-1.7.30.jar;C:\Users\rossi\.m2\repository\jakarta\annotation\jakarta.annotation-api\1.3.5\jakarta.annotation-api-1.3.5.jar;C:\Users\rossi\.m2\repository\org\yaml\snakeyaml\1.26\snakeyaml-1.26.jar;C:\Users\rossi\.m2\repository\org\springframework\boot\spring-boot-starter-json\2.3.3.RELEASE\spring-boot-starter-json-2.3.3.RELEASE.jar;C:\Users\rossi\.m2\repository\com\fasterxml\jackson\datatype\jackson-datatype-jdk8\2.11.2\jackson-datatype-jdk8-2.11.2.jar;C:\Users\rossi\.m2\repository\com\fasterxml\jackson\datatype\jackson-datatype-jsr310\2.11.2\jackson-datatype-jsr310-2.11.2.jar;C:\Users\rossi\.m2\repository\com\fasterxml\jackson\module\jackson-module-parameter-names\2.11.2\jackson-module-parameter-names-2.11.2.jar;C:\Users\rossi\.m2\repository\org\springframework\boot\spring-boot-starter-tomcat\2.3.3.RELEASE\spring-boot-starter-tomcat-2.3.3.RELEASE.jar;C:\Users\rossi\.m2\repository\org\apache\tomcat\embed\tomcat-embed-core\9.0.37\tomcat-embed-core-9.0.37.jar;C:\Users\rossi\.m2\repository\org\glassfish\jakarta.el\3.0.3\jakarta.el-3.0.3.jar;C:\Users\ross
Launcher Type: SUN_STANDARD

[Global flags]
     bool BytecodeVerificationLocal                = false                                     {product} {command line}
     bool BytecodeVerificationRemote               = false                                     {product} {command line}
     intx CICompilerCount                          = 3                                         {product} {ergonomic}
     uint ConcGCThreads                            = 1                                         {product} {ergonomic}
     uint G1ConcRefinementThreads                  = 4                                         {product} {ergonomic}
   size_t G1HeapRegionSize                         = 1048576                                   {product} {ergonomic}
    uintx GCDrainStackTargetSize                   = 64                                        {product} {ergonomic}
   size_t InitialHeapSize                          = 132120576                                 {product} {ergonomic}
     bool ManagementServer                         = true                                      {product} {command line}
   size_t MarkStackSize                            = 4194304                                   {product} {ergonomic}
   size_t MaxHeapSize                              = 2107637760                                {product} {ergonomic}
   size_t MaxNewSize                               = 1264582656                                {product} {ergonomic}
   size_t MinHeapDeltaBytes                        = 1048576                                   {product} {ergonomic}
    uintx NonNMethodCodeHeapSize                   = 6973028                                {pd product} {ergonomic}
    uintx NonProfiledCodeHeapSize                  = 244685212                              {pd product} {ergonomic}
    uintx ProfiledCodeHeapSize                     = 0                                      {pd product} {ergonomic}
    uintx ReservedCodeCacheSize                    = 251658240                              {pd product} {ergonomic}
     bool SegmentedCodeCache                       = true                                      {product} {ergonomic}
     intx TieredStopAtLevel                        = 1                                         {product} {command line}
     bool UseCompressedClassPointers               = true                                 {lp64_product} {ergonomic}
     bool UseCompressedOops                        = true                                 {lp64_product} {ergonomic}
     bool UseG1GC                                  = true                                      {product} {ergonomic}
     bool UseLargePagesIndividualAllocation        = false                                  {pd product} {ergonomic}

Logging:
Log output configuration:
 #0: stdout all=warning uptime,level,tags
 #1: stderr all=off uptime,level,tags

Environment Variables:
JAVA_HOME=C:\Program Files\Java\jdk-11.0.6
PATH=C:/Program Files/Java/jdk-11.0.6/bin/server;C:/Program Files/Java/jdk-11.0.6/bin;C:\Windows\system32;C:\Windows;C:\Windows\System32\Wbem;C:\Windows\System32\WindowsPowerShell\v1.0\;C:\Windows\System32\OpenSSH\;C:\Program Files\dotnet\;C:\Program Files\Microsoft SQL Server\130\Tools\Binn\;C:\Program Files\Microsoft SQL Server\Client SDK\ODBC\170\Tools\Binn\;C:\Program Files\Java\jdk-11.0.6\bin;C:\xampp\mysql\bin;D:\Program Files\Git\cmd;C:\Users\rossi\AppData\Local\Microsoft\WindowsApps;C:\Users\rossi\.dotnet\tools;C:\Users\rossi\AppData\Local\GitHubDesktop\bin;C:\Program Files\Java\jdk-11.0.6\bin;D:\Program Files\heroku\bin;D:\Program Files\sts-4.7.1.RELEASE;
USERNAME=rossi
OS=Windows_NT
PROCESSOR_IDENTIFIER=Intel64 Family 6 Model 158 Stepping 11, GenuineIntel



---------------  S Y S T E M  ---------------

OS: Windows 10 , 64 bit Build 19041 (10.0.19041.292)

CPU:total 4 (initial active 4) (4 cores per cpu, 1 threads per core) family 6 model 158 stepping 11, cmov, cx8, fxsr, mmx, sse, sse2, sse3, ssse3, sse4.1, sse4.2, popcnt, avx, avx2, aes, clmul, erms, 3dnowpref, lzcnt, tsc, tscinvbit, bmi1, bmi2, adx, fma

Memory: 4k page, system-wide physical 8033M (1309M free)
TotalPageFile size 14679M (AvailPageFile size 2094M)
current process WorkingSet (physical memory assigned to process): 321M, peak: 321M
current process commit charge ("private bytes"): 429M, peak: 429M

vm_info: Java HotSpot(TM) 64-Bit Server VM (11.0.6+8-LTS) for windows-amd64 JRE (11.0.6+8-LTS), built on Dec 11 2019 09:17:57 by "mach5one" with MS VC++ 15.5 (VS2017)

END.
