#
# A fatal error has been detected by the Java Runtime Environment:
#
#  EXCEPTION_ACCESS_VIOLATION (0xc0000005) at pc=0x00007ffcea4b8859, pid=1692, tid=10972
#
# JRE version: Java(TM) SE Runtime Environment (11.0.6+8) (build 11.0.6+8-LTS)
# Java VM: Java HotSpot(TM) 64-Bit Server VM (11.0.6+8-LTS, mixed mode, tiered, compressed oops, g1 gc, windows-amd64)
# Problematic frame:
# V  [jvm.dll+0x6c8859]
#
# No core dump will be written. Minidumps are not enabled by default on client versions of Windows
#
# If you would like to submit a bug report, please visit:
#   http://bugreport.java.com/bugreport/crash.jsp
#

---------------  S U M M A R Y ------------

Command Line: -Dcom.sun.management.jmxremote -Dcom.sun.management.jmxremote.port=23892 -Dcom.sun.management.jmxremote.authenticate=false -Dcom.sun.management.jmxremote.ssl=false -Djava.rmi.server.hostname=localhost -Dspring.jmx.enabled=true -Dspring.application.admin.enabled=true -Xverify:none -XX:TieredStopAtLevel=1 -Dspring.boot.project.name=cursomc -Dfile.encoding=UTF-8 com.rossini.cursomc.CursomcApplication --spring.output.ansi.enabled=always

Host: Intel(R) Core(TM) i3-8100 CPU @ 3.60GHz, 4 cores, 7G,  Windows 10 , 64 bit Build 19041 (10.0.19041.292)
Time: Tue Sep  1 22:12:24 2020 Hora oficial do Brasil elapsed time: 0 seconds (0d 0h 0m 0s)

---------------  T H R E A D  ---------------

Current thread (0x000001dcfbe1d000):  WatcherThread [stack: 0x000000516c000000,0x000000516c100000] [id=10972]

Stack: [0x000000516c000000,0x000000516c100000],  sp=0x000000516c0ff730,  free space=1021k
Native frames: (J=compiled Java code, j=interpreted, Vv=VM code, C=native code)
V  [jvm.dll+0x6c8859]
V  [jvm.dll+0x714d0d]
V  [jvm.dll+0x73ab89]
V  [jvm.dll+0x733905]
V  [jvm.dll+0x635846]
C  [ucrtbase.dll+0x21542]
C  [KERNEL32.DLL+0x16fd4]
C  [ntdll.dll+0x4cec1]


siginfo: EXCEPTION_ACCESS_VIOLATION (0xc0000005), reading address 0x0000000800000007


Register to memory mapping:

RIP=0x00007ffcea4b8859 jvm.dll
RAX=0x000001dcfbd7d0a0 points into unknown readable memory: 07 00 00 00 08 00 00 00
RBX=0x0 is NULL
RCX=0x0000000800000007 is an unknown value
RDX=0x000000000000003a is an unknown value
RSP=0x000000516c0ff730 points into unknown readable memory: 00 d0 e1 fb dc 01 00 00
RBP=0x0000000000000002 is an unknown value
RSI=0x000001dcfbd7d1e0 points into unknown readable memory: 40 76 db fb dc 01 00 00
RDI=0x0 is NULL
R8 =0x0 is NULL
R9 =0x000001dce43a0b80 is at begin+0 in a stub
StubRoutines::atomic_cmpxchg_long [0x000001dce43a0b80, 0x000001dce43a0b89[ (9 bytes)
R10=0x00000000546c6148 is an unknown value
R11=0x00000361cb649040 is an unknown value
R12=0x0 is NULL
R13=0x000001dcfbe1d000 points into unknown readable memory: a8 a3 6c ea fc 7f 00 00
R14=0x000000000000003a is an unknown value
R15=0x000001dcfbe1dcf0 points into unknown readable memory: 00 00 00 00 00 00 00 00


Registers:
RAX=0x000001dcfbd7d0a0, RBX=0x0000000000000000, RCX=0x0000000800000007, RDX=0x000000000000003a
RSP=0x000000516c0ff730, RBP=0x0000000000000002, RSI=0x000001dcfbd7d1e0, RDI=0x0000000000000000
R8 =0x0000000000000000, R9 =0x000001dce43a0b80, R10=0x00000000546c6148, R11=0x00000361cb649040
R12=0x0000000000000000, R13=0x000001dcfbe1d000, R14=0x000000000000003a, R15=0x000001dcfbe1dcf0
RIP=0x00007ffcea4b8859, EFLAGS=0x0000000000010202

Top of Stack: (sp=0x000000516c0ff730)
0x000000516c0ff730:   000001dcfbe1d000 000001dcfbe1d000
0x000000516c0ff740:   000278a31f34c7d0 00007ffcea3f93a9
0x000000516c0ff750:   00007ffcea8657d8 00007ffcea504d0d
0x000000516c0ff760:   0000000000000001 000001dcdc01bb60
0x000000516c0ff770:   000001dcdc01bb60 431bde82d7b634db
0x000000516c0ff780:   000001dcfbe1dcf0 000278a31f34c7d0
0x000000516c0ff790:   000001dcdc01bb60 00007ffcea52ab89
0x000000516c0ff7a0:   0000000000000001 000000000000003a
0x000000516c0ff7b0:   0000000000000032 0000000000000002
0x000000516c0ff7c0:   000000516c0ff860 0000000000000000
0x000000516c0ff7d0:   00007ffd2d910000 00007ffd2d984623
0x000000516c0ff7e0:   0000000000000000 00007ffd2d910000
0x000000516c0ff7f0:   0000000000000000 000000516a70e000
0x000000516c0ff800:   000001dcfbe1d000 0000000000000000
0x000000516c0ff810:   0000000000100000 000000516c0ffc60
0x000000516c0ff820:   000000516c000000 00007ffcea523905 

Instructions: (pc=0x00007ffcea4b8859)
0x00007ffcea4b8839:   20 48 8b 35 47 7e 3a 00 33 db 48 8b 06 39 18 7e
0x00007ffcea4b8849:   27 48 89 7c 24 30 8b fb 48 8b 40 18 48 8b 0c 07
0x00007ffcea4b8859:   48 8b 01 ff 50 08 48 8b 06 48 8d 7f 08 ff c3 3b
0x00007ffcea4b8869:   18 7c e5 48 8b 7c 24 30 48 8b 5c 24 38 48 83 c4 


Stack slot to memory mapping:
stack at sp + 0 slots: 0x000001dcfbe1d000 points into unknown readable memory: a8 a3 6c ea fc 7f 00 00
stack at sp + 1 slots: 0x000001dcfbe1d000 points into unknown readable memory: a8 a3 6c ea fc 7f 00 00
stack at sp + 2 slots: 0x000278a31f34c7d0 is an unknown value
stack at sp + 3 slots: 0x00007ffcea3f93a9 jvm.dll
stack at sp + 4 slots: 0x00007ffcea8657d8 jvm.dll
stack at sp + 5 slots: 0x00007ffcea504d0d jvm.dll
stack at sp + 6 slots: 0x0000000000000001 is an unknown value
stack at sp + 7 slots: 0x000001dcdc01bb60 points into unknown readable memory: 01 00 00 00 00 00 00 00


---------------  P R O C E S S  ---------------

Threads class SMR info:
_java_thread_list=0x000001dcfbdb6500, length=12, elements={
0x000001dcdc01d000, 0x000001dcfa343000, 0x000001dcfa34c800, 0x000001dcfacd2800,
0x000001dcfacd3800, 0x000001dcfa360000, 0x000001dcfa369000, 0x000001dcfa2d7000,
0x000001dcfaf1b800, 0x000001dcfbd98800, 0x000001dcfbda3000, 0x000001dcfbe13000
}

Java Threads: ( => current thread )
  0x000001dcdc01d000 JavaThread "main" [_thread_in_vm, id=5964, stack(0x000000516ac00000,0x000000516ad00000)]
  0x000001dcfa343000 JavaThread "Reference Handler" daemon [_thread_blocked, id=5288, stack(0x000000516b300000,0x000000516b400000)]
  0x000001dcfa34c800 JavaThread "Finalizer" daemon [_thread_blocked, id=3348, stack(0x000000516b400000,0x000000516b500000)]
  0x000001dcfacd2800 JavaThread "Signal Dispatcher" daemon [_thread_blocked, id=11904, stack(0x000000516b500000,0x000000516b600000)]
  0x000001dcfacd3800 JavaThread "Attach Listener" daemon [_thread_blocked, id=8540, stack(0x000000516b600000,0x000000516b700000)]
  0x000001dcfa360000 JavaThread "C1 CompilerThread0" daemon [_thread_blocked, id=10960, stack(0x000000516b700000,0x000000516b800000)]
  0x000001dcfa369000 JavaThread "Sweeper thread" daemon [_thread_blocked, id=13072, stack(0x000000516b800000,0x000000516b900000)]
  0x000001dcfa2d7000 JavaThread "Common-Cleaner" daemon [_thread_blocked, id=13880, stack(0x000000516b900000,0x000000516ba00000)]
  0x000001dcfaf1b800 JavaThread "Service Thread" daemon [_thread_blocked, id=10896, stack(0x000000516ba00000,0x000000516bb00000)]
  0x000001dcfbd98800 JavaThread "RMI TCP Accept-0" daemon [_thread_in_native, id=560, stack(0x000000516bd00000,0x000000516be00000)]
  0x000001dcfbda3000 JavaThread "RMI TCP Accept-23892" daemon [_thread_in_native, id=11384, stack(0x000000516be00000,0x000000516bf00000)]
  0x000001dcfbe13000 JavaThread "RMI TCP Accept-0" daemon [_thread_in_native, id=8784, stack(0x000000516bf00000,0x000000516c000000)]

Other Threads:
  0x000001dcfa31c000 VMThread "VM Thread" [stack: 0x000000516b200000,0x000000516b300000] [id=8880]
=>0x000001dcfbe1d000 WatcherThread [stack: 0x000000516c000000,0x000000516c100000] [id=10972]
  0x000001dcdc035000 GCTaskThread "GC Thread#0" [stack: 0x000000516ad00000,0x000000516ae00000] [id=4124]
  0x000001dcfb08e000 GCTaskThread "GC Thread#1" [stack: 0x000000516bb00000,0x000000516bc00000] [id=1584]
  0x000001dcfb87f800 GCTaskThread "GC Thread#2" [stack: 0x000000516bc00000,0x000000516bd00000] [id=13532]
  0x000001dcdc065000 ConcurrentGCThread "G1 Main Marker" [stack: 0x000000516ae00000,0x000000516af00000] [id=7944]
  0x000001dcdc069800 ConcurrentGCThread "G1 Conc#0" [stack: 0x000000516af00000,0x000000516b000000] [id=7808]
  0x000001dcdc0e4800 ConcurrentGCThread "G1 Refine#0" [stack: 0x000000516b000000,0x000000516b100000] [id=1824]
  0x000001dcdc0e7800 ConcurrentGCThread "G1 Young RemSet Sampling" [stack: 0x000000516b100000,0x000000516b200000] [id=10112]

Threads with active compile tasks:

VM state:not at safepoint (normal execution)

VM Mutex/Monitor currently owned by a thread:  ([mutex/lock_event])
[0x000001dcdc01bb60] PeriodicTask_lock - owner thread: 0x000001dcfbe1d000

Heap address: 0x0000000082600000, size: 2010 MB, Compressed Oops mode: 32-bit
Narrow klass base: 0x0000000000000000, Narrow klass shift: 3
Compressed class space size: 1073741824 Address: 0x0000000100000000

Heap:
 garbage-first heap   total 129024K, used 24162K [0x0000000082600000, 0x0000000100000000)
  region size 1024K, 7 young (7168K), 3 survivors (3072K)
 Metaspace       used 14627K, capacity 15023K, committed 15360K, reserved 1062912K
  class space    used 1546K, capacity 1696K, committed 1792K, reserved 1048576K
Heap Regions: E=young(eden), S=young(survivor), O=old, HS=humongous(starts), HC=humongous(continues), CS=collection set, F=free, A=archive, TAMS=top-at-mark-start (previous, next)
|   0|0x0000000082600000, 0x0000000082700000, 0x0000000082700000|100%|HS|  |TAMS 0x0000000082600000, 0x0000000082600000| Complete 
|   1|0x0000000082700000, 0x0000000082800000, 0x0000000082800000|100%| O|  |TAMS 0x0000000082700000, 0x0000000082700000| Untracked 
|   2|0x0000000082800000, 0x0000000082900000, 0x0000000082900000|100%| O|  |TAMS 0x0000000082800000, 0x0000000082800000| Untracked 
|   3|0x0000000082900000, 0x0000000082a00000, 0x0000000082a00000|100%| O|  |TAMS 0x0000000082900000, 0x0000000082900000| Untracked 
|   4|0x0000000082a00000, 0x0000000082b00000, 0x0000000082b00000|100%| O|  |TAMS 0x0000000082a00000, 0x0000000082a00000| Untracked 
|   5|0x0000000082b00000, 0x0000000082c00000, 0x0000000082c00000|100%| O|  |TAMS 0x0000000082b00000, 0x0000000082b00000| Untracked 
|   6|0x0000000082c00000, 0x0000000082d00000, 0x0000000082d00000|100%| O|  |TAMS 0x0000000082c00000, 0x0000000082c00000| Untracked 
|   7|0x0000000082d00000, 0x0000000082e00000, 0x0000000082e00000|100%| O|  |TAMS 0x0000000082d00000, 0x0000000082d00000| Untracked 
|   8|0x0000000082e00000, 0x0000000082f00000, 0x0000000082f00000|100%| O|  |TAMS 0x0000000082e00000, 0x0000000082e00000| Untracked 
|   9|0x0000000082f00000, 0x0000000083000000, 0x0000000083000000|100%| O|  |TAMS 0x0000000082f00000, 0x0000000082f00000| Untracked 
|  10|0x0000000083000000, 0x0000000083100000, 0x0000000083100000|100%| O|  |TAMS 0x0000000083000000, 0x0000000083000000| Untracked 
|  11|0x0000000083100000, 0x0000000083200000, 0x0000000083200000|100%| O|  |TAMS 0x0000000083100000, 0x0000000083100000| Untracked 
|  12|0x0000000083200000, 0x0000000083300000, 0x0000000083300000|100%| O|  |TAMS 0x0000000083200000, 0x0000000083200000| Untracked 
|  13|0x0000000083300000, 0x0000000083400000, 0x0000000083400000|100%| O|  |TAMS 0x0000000083300000, 0x0000000083300000| Untracked 
|  14|0x0000000083400000, 0x0000000083500000, 0x0000000083500000|100%| O|  |TAMS 0x0000000083400000, 0x0000000083400000| Untracked 
|  15|0x0000000083500000, 0x0000000083600000, 0x0000000083600000|100%| O|  |TAMS 0x0000000083500000, 0x0000000083500000| Untracked 
|  16|0x0000000083600000, 0x0000000083700000, 0x0000000083700000|100%| O|  |TAMS 0x0000000083600000, 0x0000000083600000| Untracked 
|  17|0x0000000083700000, 0x0000000083798800, 0x0000000083800000| 59%| O|  |TAMS 0x0000000083700000, 0x0000000083700000| Untracked 
|  18|0x0000000083800000, 0x0000000083800000, 0x0000000083900000|  0%| F|  |TAMS 0x0000000083800000, 0x0000000083800000| Untracked 
|  19|0x0000000083900000, 0x0000000083900000, 0x0000000083a00000|  0%| F|  |TAMS 0x0000000083900000, 0x0000000083900000| Untracked 
|  20|0x0000000083a00000, 0x0000000083a00000, 0x0000000083b00000|  0%| F|  |TAMS 0x0000000083a00000, 0x0000000083a00000| Untracked 
|  21|0x0000000083b00000, 0x0000000083b00000, 0x0000000083c00000|  0%| F|  |TAMS 0x0000000083b00000, 0x0000000083b00000| Untracked 
|  22|0x0000000083c00000, 0x0000000083c00000, 0x0000000083d00000|  0%| F|  |TAMS 0x0000000083c00000, 0x0000000083c00000| Untracked 
|  23|0x0000000083d00000, 0x0000000083d00000, 0x0000000083e00000|  0%| F|  |TAMS 0x0000000083d00000, 0x0000000083d00000| Untracked 
|  24|0x0000000083e00000, 0x0000000083e00000, 0x0000000083f00000|  0%| F|  |TAMS 0x0000000083e00000, 0x0000000083e00000| Untracked 
|  25|0x0000000083f00000, 0x0000000083f00000, 0x0000000084000000|  0%| F|  |TAMS 0x0000000083f00000, 0x0000000083f00000| Untracked 
|  26|0x0000000084000000, 0x0000000084000000, 0x0000000084100000|  0%| F|  |TAMS 0x0000000084000000, 0x0000000084000000| Untracked 
|  27|0x0000000084100000, 0x0000000084100000, 0x0000000084200000|  0%| F|  |TAMS 0x0000000084100000, 0x0000000084100000| Untracked 
|  28|0x0000000084200000, 0x0000000084200000, 0x0000000084300000|  0%| F|  |TAMS 0x0000000084200000, 0x0000000084200000| Untracked 
|  29|0x0000000084300000, 0x0000000084300000, 0x0000000084400000|  0%| F|  |TAMS 0x0000000084300000, 0x0000000084300000| Untracked 
|  30|0x0000000084400000, 0x0000000084400000, 0x0000000084500000|  0%| F|  |TAMS 0x0000000084400000, 0x0000000084400000| Untracked 
|  31|0x0000000084500000, 0x0000000084500000, 0x0000000084600000|  0%| F|  |TAMS 0x0000000084500000, 0x0000000084500000| Untracked 
|  32|0x0000000084600000, 0x0000000084600000, 0x0000000084700000|  0%| F|  |TAMS 0x0000000084600000, 0x0000000084600000| Untracked 
|  33|0x0000000084700000, 0x0000000084700000, 0x0000000084800000|  0%| F|  |TAMS 0x0000000084700000, 0x0000000084700000| Untracked 
|  34|0x0000000084800000, 0x0000000084800000, 0x0000000084900000|  0%| F|  |TAMS 0x0000000084800000, 0x0000000084800000| Untracked 
|  35|0x0000000084900000, 0x0000000084900000, 0x0000000084a00000|  0%| F|  |TAMS 0x0000000084900000, 0x0000000084900000| Untracked 
|  36|0x0000000084a00000, 0x0000000084a00000, 0x0000000084b00000|  0%| F|  |TAMS 0x0000000084a00000, 0x0000000084a00000| Untracked 
|  37|0x0000000084b00000, 0x0000000084b00000, 0x0000000084c00000|  0%| F|  |TAMS 0x0000000084b00000, 0x0000000084b00000| Untracked 
|  38|0x0000000084c00000, 0x0000000084c00000, 0x0000000084d00000|  0%| F|  |TAMS 0x0000000084c00000, 0x0000000084c00000| Untracked 
|  39|0x0000000084d00000, 0x0000000084d00000, 0x0000000084e00000|  0%| F|  |TAMS 0x0000000084d00000, 0x0000000084d00000| Untracked 
|  40|0x0000000084e00000, 0x0000000084e00000, 0x0000000084f00000|  0%| F|  |TAMS 0x0000000084e00000, 0x0000000084e00000| Untracked 
|  41|0x0000000084f00000, 0x0000000084f00000, 0x0000000085000000|  0%| F|  |TAMS 0x0000000084f00000, 0x0000000084f00000| Untracked 
|  42|0x0000000085000000, 0x0000000085000000, 0x0000000085100000|  0%| F|  |TAMS 0x0000000085000000, 0x0000000085000000| Untracked 
|  43|0x0000000085100000, 0x0000000085100000, 0x0000000085200000|  0%| F|  |TAMS 0x0000000085100000, 0x0000000085100000| Untracked 
|  44|0x0000000085200000, 0x0000000085200000, 0x0000000085300000|  0%| F|  |TAMS 0x0000000085200000, 0x0000000085200000| Untracked 
|  45|0x0000000085300000, 0x0000000085300000, 0x0000000085400000|  0%| F|  |TAMS 0x0000000085300000, 0x0000000085300000| Untracked 
|  46|0x0000000085400000, 0x0000000085400000, 0x0000000085500000|  0%| F|  |TAMS 0x0000000085400000, 0x0000000085400000| Untracked 
|  47|0x0000000085500000, 0x0000000085500000, 0x0000000085600000|  0%| F|  |TAMS 0x0000000085500000, 0x0000000085500000| Untracked 
|  48|0x0000000085600000, 0x0000000085600000, 0x0000000085700000|  0%| F|  |TAMS 0x0000000085600000, 0x0000000085600000| Untracked 
|  49|0x0000000085700000, 0x0000000085700000, 0x0000000085800000|  0%| F|  |TAMS 0x0000000085700000, 0x0000000085700000| Untracked 
|  50|0x0000000085800000, 0x0000000085800000, 0x0000000085900000|  0%| F|  |TAMS 0x0000000085800000, 0x0000000085800000| Untracked 
|  51|0x0000000085900000, 0x0000000085900000, 0x0000000085a00000|  0%| F|  |TAMS 0x0000000085900000, 0x0000000085900000| Untracked 
|  52|0x0000000085a00000, 0x0000000085a00000, 0x0000000085b00000|  0%| F|  |TAMS 0x0000000085a00000, 0x0000000085a00000| Untracked 
|  53|0x0000000085b00000, 0x0000000085b00000, 0x0000000085c00000|  0%| F|  |TAMS 0x0000000085b00000, 0x0000000085b00000| Untracked 
|  54|0x0000000085c00000, 0x0000000085c00000, 0x0000000085d00000|  0%| F|  |TAMS 0x0000000085c00000, 0x0000000085c00000| Untracked 
|  55|0x0000000085d00000, 0x0000000085d00000, 0x0000000085e00000|  0%| F|  |TAMS 0x0000000085d00000, 0x0000000085d00000| Untracked 
|  56|0x0000000085e00000, 0x0000000085e00000, 0x0000000085f00000|  0%| F|  |TAMS 0x0000000085e00000, 0x0000000085e00000| Untracked 
|  57|0x0000000085f00000, 0x0000000085f00000, 0x0000000086000000|  0%| F|  |TAMS 0x0000000085f00000, 0x0000000085f00000| Untracked 
|  58|0x0000000086000000, 0x0000000086000000, 0x0000000086100000|  0%| F|  |TAMS 0x0000000086000000, 0x0000000086000000| Untracked 
|  59|0x0000000086100000, 0x0000000086100000, 0x0000000086200000|  0%| F|  |TAMS 0x0000000086100000, 0x0000000086100000| Untracked 
|  60|0x0000000086200000, 0x0000000086200000, 0x0000000086300000|  0%| F|  |TAMS 0x0000000086200000, 0x0000000086200000| Untracked 
|  61|0x0000000086300000, 0x0000000086300000, 0x0000000086400000|  0%| F|  |TAMS 0x0000000086300000, 0x0000000086300000| Untracked 
|  62|0x0000000086400000, 0x0000000086400000, 0x0000000086500000|  0%| F|  |TAMS 0x0000000086400000, 0x0000000086400000| Untracked 
|  63|0x0000000086500000, 0x0000000086500000, 0x0000000086600000|  0%| F|  |TAMS 0x0000000086500000, 0x0000000086500000| Untracked 
|  64|0x0000000086600000, 0x0000000086600000, 0x0000000086700000|  0%| F|  |TAMS 0x0000000086600000, 0x0000000086600000| Untracked 
|  65|0x0000000086700000, 0x0000000086700000, 0x0000000086800000|  0%| F|  |TAMS 0x0000000086700000, 0x0000000086700000| Untracked 
|  66|0x0000000086800000, 0x0000000086800000, 0x0000000086900000|  0%| F|  |TAMS 0x0000000086800000, 0x0000000086800000| Untracked 
|  67|0x0000000086900000, 0x0000000086900000, 0x0000000086a00000|  0%| F|  |TAMS 0x0000000086900000, 0x0000000086900000| Untracked 
|  68|0x0000000086a00000, 0x0000000086a00000, 0x0000000086b00000|  0%| F|  |TAMS 0x0000000086a00000, 0x0000000086a00000| Untracked 
|  69|0x0000000086b00000, 0x0000000086b00000, 0x0000000086c00000|  0%| F|  |TAMS 0x0000000086b00000, 0x0000000086b00000| Untracked 
|  70|0x0000000086c00000, 0x0000000086c00000, 0x0000000086d00000|  0%| F|  |TAMS 0x0000000086c00000, 0x0000000086c00000| Untracked 
|  71|0x0000000086d00000, 0x0000000086d00000, 0x0000000086e00000|  0%| F|  |TAMS 0x0000000086d00000, 0x0000000086d00000| Untracked 
|  72|0x0000000086e00000, 0x0000000086e00000, 0x0000000086f00000|  0%| F|  |TAMS 0x0000000086e00000, 0x0000000086e00000| Untracked 
|  73|0x0000000086f00000, 0x0000000086f00000, 0x0000000087000000|  0%| F|  |TAMS 0x0000000086f00000, 0x0000000086f00000| Untracked 
|  74|0x0000000087000000, 0x0000000087000000, 0x0000000087100000|  0%| F|  |TAMS 0x0000000087000000, 0x0000000087000000| Untracked 
|  75|0x0000000087100000, 0x0000000087100000, 0x0000000087200000|  0%| F|  |TAMS 0x0000000087100000, 0x0000000087100000| Untracked 
|  76|0x0000000087200000, 0x0000000087200000, 0x0000000087300000|  0%| F|  |TAMS 0x0000000087200000, 0x0000000087200000| Untracked 
|  77|0x0000000087300000, 0x0000000087300000, 0x0000000087400000|  0%| F|  |TAMS 0x0000000087300000, 0x0000000087300000| Untracked 
|  78|0x0000000087400000, 0x0000000087400000, 0x0000000087500000|  0%| F|  |TAMS 0x0000000087400000, 0x0000000087400000| Untracked 
|  79|0x0000000087500000, 0x0000000087500000, 0x0000000087600000|  0%| F|  |TAMS 0x0000000087500000, 0x0000000087500000| Untracked 
|  80|0x0000000087600000, 0x0000000087600000, 0x0000000087700000|  0%| F|  |TAMS 0x0000000087600000, 0x0000000087600000| Untracked 
|  81|0x0000000087700000, 0x0000000087700000, 0x0000000087800000|  0%| F|  |TAMS 0x0000000087700000, 0x0000000087700000| Untracked 
|  82|0x0000000087800000, 0x0000000087800000, 0x0000000087900000|  0%| F|  |TAMS 0x0000000087800000, 0x0000000087800000| Untracked 
|  83|0x0000000087900000, 0x0000000087900000, 0x0000000087a00000|  0%| F|  |TAMS 0x0000000087900000, 0x0000000087900000| Untracked 
|  84|0x0000000087a00000, 0x0000000087a00000, 0x0000000087b00000|  0%| F|  |TAMS 0x0000000087a00000, 0x0000000087a00000| Untracked 
|  85|0x0000000087b00000, 0x0000000087b00000, 0x0000000087c00000|  0%| F|  |TAMS 0x0000000087b00000, 0x0000000087b00000| Untracked 
|  86|0x0000000087c00000, 0x0000000087c00000, 0x0000000087d00000|  0%| F|  |TAMS 0x0000000087c00000, 0x0000000087c00000| Untracked 
|  87|0x0000000087d00000, 0x0000000087d00000, 0x0000000087e00000|  0%| F|  |TAMS 0x0000000087d00000, 0x0000000087d00000| Untracked 
|  88|0x0000000087e00000, 0x0000000087e00000, 0x0000000087f00000|  0%| F|  |TAMS 0x0000000087e00000, 0x0000000087e00000| Untracked 
|  89|0x0000000087f00000, 0x0000000087f00000, 0x0000000088000000|  0%| F|  |TAMS 0x0000000087f00000, 0x0000000087f00000| Untracked 
|  90|0x0000000088000000, 0x0000000088000000, 0x0000000088100000|  0%| F|  |TAMS 0x0000000088000000, 0x0000000088000000| Untracked 
|  91|0x0000000088100000, 0x0000000088100000, 0x0000000088200000|  0%| F|  |TAMS 0x0000000088100000, 0x0000000088100000| Untracked 
|  92|0x0000000088200000, 0x0000000088200000, 0x0000000088300000|  0%| F|  |TAMS 0x0000000088200000, 0x0000000088200000| Untracked 
|  93|0x0000000088300000, 0x0000000088300000, 0x0000000088400000|  0%| F|  |TAMS 0x0000000088300000, 0x0000000088300000| Untracked 
|  94|0x0000000088400000, 0x0000000088400000, 0x0000000088500000|  0%| F|  |TAMS 0x0000000088400000, 0x0000000088400000| Untracked 
|  95|0x0000000088500000, 0x0000000088500000, 0x0000000088600000|  0%| F|  |TAMS 0x0000000088500000, 0x0000000088500000| Untracked 
|  96|0x0000000088600000, 0x0000000088600000, 0x0000000088700000|  0%| F|  |TAMS 0x0000000088600000, 0x0000000088600000| Untracked 
|  97|0x0000000088700000, 0x0000000088700000, 0x0000000088800000|  0%| F|  |TAMS 0x0000000088700000, 0x0000000088700000| Untracked 
|  98|0x0000000088800000, 0x0000000088800000, 0x0000000088900000|  0%| F|  |TAMS 0x0000000088800000, 0x0000000088800000| Untracked 
|  99|0x0000000088900000, 0x0000000088900000, 0x0000000088a00000|  0%| F|  |TAMS 0x0000000088900000, 0x0000000088900000| Untracked 
| 100|0x0000000088a00000, 0x0000000088a00000, 0x0000000088b00000|  0%| F|  |TAMS 0x0000000088a00000, 0x0000000088a00000| Untracked 
| 101|0x0000000088b00000, 0x0000000088b00000, 0x0000000088c00000|  0%| F|  |TAMS 0x0000000088b00000, 0x0000000088b00000| Untracked 
| 102|0x0000000088c00000, 0x0000000088c00000, 0x0000000088d00000|  0%| F|  |TAMS 0x0000000088c00000, 0x0000000088c00000| Untracked 
| 103|0x0000000088d00000, 0x0000000088d00000, 0x0000000088e00000|  0%| F|  |TAMS 0x0000000088d00000, 0x0000000088d00000| Untracked 
| 104|0x0000000088e00000, 0x0000000088e00000, 0x0000000088f00000|  0%| F|  |TAMS 0x0000000088e00000, 0x0000000088e00000| Untracked 
| 105|0x0000000088f00000, 0x0000000088f00000, 0x0000000089000000|  0%| F|  |TAMS 0x0000000088f00000, 0x0000000088f00000| Untracked 
| 106|0x0000000089000000, 0x0000000089100000, 0x0000000089100000|100%| S|CS|TAMS 0x0000000089000000, 0x0000000089000000| Complete 
| 107|0x0000000089100000, 0x0000000089200000, 0x0000000089200000|100%| S|CS|TAMS 0x0000000089100000, 0x0000000089100000| Complete 
| 108|0x0000000089200000, 0x0000000089300000, 0x0000000089300000|100%| S|CS|TAMS 0x0000000089200000, 0x0000000089200000| Complete 
| 109|0x0000000089300000, 0x0000000089300000, 0x0000000089400000|  0%| F|  |TAMS 0x0000000089300000, 0x0000000089300000| Untracked 
| 110|0x0000000089400000, 0x0000000089400000, 0x0000000089500000|  0%| F|  |TAMS 0x0000000089400000, 0x0000000089400000| Untracked 
| 111|0x0000000089500000, 0x0000000089500000, 0x0000000089600000|  0%| F|  |TAMS 0x0000000089500000, 0x0000000089500000| Untracked 
| 112|0x0000000089600000, 0x0000000089600000, 0x0000000089700000|  0%| F|  |TAMS 0x0000000089600000, 0x0000000089600000| Untracked 
| 113|0x0000000089700000, 0x0000000089700000, 0x0000000089800000|  0%| F|  |TAMS 0x0000000089700000, 0x0000000089700000| Untracked 
| 114|0x0000000089800000, 0x0000000089800000, 0x0000000089900000|  0%| F|  |TAMS 0x0000000089800000, 0x0000000089800000| Untracked 
| 115|0x0000000089900000, 0x0000000089900000, 0x0000000089a00000|  0%| F|  |TAMS 0x0000000089900000, 0x0000000089900000| Untracked 
| 116|0x0000000089a00000, 0x0000000089a00000, 0x0000000089b00000|  0%| F|  |TAMS 0x0000000089a00000, 0x0000000089a00000| Untracked 
| 117|0x0000000089b00000, 0x0000000089b00000, 0x0000000089c00000|  0%| F|  |TAMS 0x0000000089b00000, 0x0000000089b00000| Untracked 
| 118|0x0000000089c00000, 0x0000000089c00000, 0x0000000089d00000|  0%| F|  |TAMS 0x0000000089c00000, 0x0000000089c00000| Untracked 
| 119|0x0000000089d00000, 0x0000000089d00000, 0x0000000089e00000|  0%| F|  |TAMS 0x0000000089d00000, 0x0000000089d00000| Untracked 
| 120|0x0000000089e00000, 0x0000000089e00000, 0x0000000089f00000|  0%| F|  |TAMS 0x0000000089e00000, 0x0000000089e00000| Untracked 
| 121|0x0000000089f00000, 0x0000000089f00000, 0x000000008a000000|  0%| F|  |TAMS 0x0000000089f00000, 0x0000000089f00000| Untracked 
| 122|0x000000008a000000, 0x000000008a074a38, 0x000000008a100000| 45%| E|  |TAMS 0x000000008a000000, 0x000000008a000000| Complete 
| 123|0x000000008a100000, 0x000000008a200000, 0x000000008a200000|100%| E|CS|TAMS 0x000000008a100000, 0x000000008a100000| Complete 
| 124|0x000000008a200000, 0x000000008a300000, 0x000000008a300000|100%| E|CS|TAMS 0x000000008a200000, 0x000000008a200000| Complete 
| 125|0x000000008a300000, 0x000000008a400000, 0x000000008a400000|100%| E|CS|TAMS 0x000000008a300000, 0x000000008a300000| Complete 

Card table byte_map: [0x000001dcf3790000,0x000001dcf3b80000] _byte_map_base: 0x000001dcf337d000

Marking Bits (Prev, Next): (CMBitMap*) 0x000001dcdc05c358, (CMBitMap*) 0x000001dcdc05c390
 Prev Bits: [0x000001dcf3f70000, 0x000001dcf5ed8000)
 Next Bits: [0x000001dcf5ee0000, 0x000001dcf7e48000)

Polling page: 0x000001dcd9ee0000

Metaspace:

Usage:
  Non-class:     13.01 MB capacity,    12.77 MB ( 98%) used,   210.93 KB (  2%) free+waste,    35.50 KB ( <1%) overhead. 
      Class:      1.66 MB capacity,     1.51 MB ( 91%) used,   131.59 KB (  8%) free+waste,    17.56 KB (  1%) overhead. 
       Both:     14.67 MB capacity,    14.28 MB ( 97%) used,   342.52 KB (  2%) free+waste,    53.06 KB ( <1%) overhead. 

Virtual space:
  Non-class space:       14.00 MB reserved,      13.25 MB ( 95%) committed 
      Class space:        1.00 GB reserved,       1.75 MB ( <1%) committed 
             Both:        1.01 GB reserved,      15.00 MB (  1%) committed 

Chunk freelists:
   Non-Class:  6.13 KB
       Class:  0 bytes
        Both:  6.13 KB

CodeHeap 'non-profiled nmethods': size=238912Kb used=2068Kb max_used=2068Kb free=236843Kb
 bounds [0x000001dce4a50000, 0x000001dce4cc0000, 0x000001dcf33a0000]
CodeHeap 'non-nmethods': size=6848Kb used=1106Kb max_used=1106Kb free=5741Kb
 bounds [0x000001dce43a0000, 0x000001dce4610000, 0x000001dce4a50000]
 total_blobs=1802 nmethods=1372 adapters=341
 compilation: enabled
              stopped_count=0, restarted_count=0
 full_count=0

Compilation events (10 events):
Event: 0.696 Thread 0x000001dcfa360000 nmethod 1241 0x000001dce4c10210 code [0x000001dce4c103e0, 0x000001dce4c10580]
Event: 0.696 Thread 0x000001dcfa360000 1243       1       jdk.internal.loader.BuiltinClassLoader::findLoadedModule (33 bytes)
Event: 0.696 Thread 0x000001dcfa360000 nmethod 1243 0x000001dce4c10610 code [0x000001dce4c10800, 0x000001dce4c10a60]
Event: 0.696 Thread 0x000001dcfa360000 1244   !   1       jdk.internal.loader.BuiltinClassLoader::loadClassOrNull (143 bytes)
Event: 0.697 Thread 0x000001dcfa360000 nmethod 1244 0x000001dce4c10c10 code [0x000001dce4c10ea0, 0x000001dce4c11710]
Event: 0.697 Thread 0x000001dcfa360000 1245       1       java.util.jar.Attributes::getValue (9 bytes)
Event: 0.697 Thread 0x000001dcfa360000 nmethod 1245 0x000001dce4c11e10 code [0x000001dce4c11fc0, 0x000001dce4c12130]
Event: 0.697 Thread 0x000001dcfa360000 1246       1       java.util.jar.Attributes::get (11 bytes)
Event: 0.697 Thread 0x000001dcfa360000 nmethod 1246 0x000001dce4c12210 code [0x000001dce4c123c0, 0x000001dce4c12510]
Event: 0.697 Thread 0x000001dcfa360000 1247       1       java.net.URLStreamHandler::parseURL (1201 bytes)

GC Heap History (4 events):
Event: 0.327 GC heap before
{Heap before GC invocations=0 (full 0):
 garbage-first heap   total 129024K, used 14336K [0x0000000082600000, 0x0000000100000000)
  region size 1024K, 14 young (14336K), 0 survivors (0K)
 Metaspace       used 6105K, capacity 6174K, committed 6272K, reserved 1056768K
  class space    used 540K, capacity 567K, committed 640K, reserved 1048576K
}
Event: 0.332 GC heap after
{Heap after GC invocations=1 (full 0):
 garbage-first heap   total 129024K, used 11985K [0x0000000082600000, 0x0000000100000000)
  region size 1024K, 2 young (2048K), 2 survivors (2048K)
 Metaspace       used 6105K, capacity 6174K, committed 6272K, reserved 1056768K
  class space    used 540K, capacity 567K, committed 640K, reserved 1048576K
}
Event: 0.354 GC heap before
{Heap before GC invocations=1 (full 0):
 garbage-first heap   total 129024K, used 17105K [0x0000000082600000, 0x0000000100000000)
  region size 1024K, 8 young (8192K), 2 survivors (2048K)
 Metaspace       used 6106K, capacity 6174K, committed 6272K, reserved 1056768K
  class space    used 540K, capacity 567K, committed 640K, reserved 1048576K
}
Event: 0.357 GC heap after
{Heap after GC invocations=2 (full 0):
 garbage-first heap   total 129024K, used 18279K [0x0000000082600000, 0x0000000100000000)
  region size 1024K, 1 young (1024K), 1 survivors (1024K)
 Metaspace       used 6106K, capacity 6174K, committed 6272K, reserved 1056768K
  class space    used 540K, capacity 567K, committed 640K, reserved 1048576K
}

Deoptimization events (0 events):
No events

Classes redefined (0 events):
No events

Internal exceptions (10 events):
Event: 0.478 Thread 0x000001dcdc01d000 Exception <a 'java/lang/NoSuchMethodError'{0x0000000089fb07c0}: java.lang.invoke.DirectMethodHandle$Holder.invokeStaticInit(Ljava/lang/Object;IIII)Ljava/lang/Object;> (0x0000000089fb07c0) thrown at [t:/workspace/open/src/hotspot/share/interpreter/linkReso
Event: 0.599 Thread 0x000001dcdc01d000 Exception <a 'java/lang/NoSuchMethodError'{0x0000000089e51b80}: java.lang.invoke.DirectMethodHandle$Holder.invokeStatic(Ljava/lang/Object;Ljava/lang/Object;IIII)Ljava/lang/Object;> (0x0000000089e51b80) thrown at [t:/workspace/open/src/hotspot/share/interp
Event: 0.599 Thread 0x000001dcdc01d000 Exception <a 'java/lang/NoSuchMethodError'{0x0000000089e54ec8}: java.lang.invoke.DirectMethodHandle$Holder.invokeStaticInit(Ljava/lang/Object;Ljava/lang/Object;IIII)Ljava/lang/Object;> (0x0000000089e54ec8) thrown at [t:/workspace/open/src/hotspot/share/in
Event: 0.606 Thread 0x000001dcdc01d000 Exception <a 'java/lang/ClassNotFoundException'{0x0000000089e72428}: javax/management/remote/rmi/RMIServerImpl_Skel> (0x0000000089e72428) thrown at [t:/workspace/open/src/hotspot/share/classfile/systemDictionary.cpp, line 231]
Event: 0.630 Thread 0x000001dcdc01d000 Exception <a 'java/lang/ClassNotFoundException'{0x0000000089c23c78}: jdk/internal/agent/resources/spi/agentProvider> (0x0000000089c23c78) thrown at [t:/workspace/open/src/hotspot/share/classfile/systemDictionary.cpp, line 231]
Event: 0.634 Thread 0x000001dcdc01d000 Exception <a 'java/lang/NoSuchMethodError'{0x0000000089c79438}: java.lang.invoke.DirectMethodHandle$Holder.invokeStatic(Ljava/lang/Object;Ljava/lang/Object;Ljava/lang/Object;Ljava/lang/Object;Ljava/lang/Object;Ljava/lang/Object;Ljava/lang/Object;Ljava/lan
Event: 0.635 Thread 0x000001dcdc01d000 Exception <a 'java/lang/NoSuchMethodError'{0x0000000089c85c58}: java.lang.invoke.DirectMethodHandle$Holder.invokeStatic(Ljava/lang/Object;Ljava/lang/Object;Ljava/lang/Object;Ljava/lang/Object;Ljava/lang/Object;Ljava/lang/Object;Ljava/lang/Object;Ljava/lan
Event: 0.636 Thread 0x000001dcdc01d000 Exception <a 'java/lang/NoSuchMethodError'{0x0000000089c9f730}: java.lang.invoke.DelegatingMethodHandle$Holder.reinvoke_L(Ljava/lang/Object;ILjava/lang/Object;)Ljava/lang/Object;> (0x0000000089c9f730) thrown at [t:/workspace/open/src/hotspot/share/interpr
Event: 0.658 Thread 0x000001dcdc01d000 Exception <a 'java/lang/ClassNotFoundException'{0x0000000089a549c0}: javax/smartcardio/CardPermission> (0x0000000089a549c0) thrown at [t:/workspace/open/src/hotspot/share/classfile/systemDictionary.cpp, line 231]
Event: 0.660 Thread 0x000001dcdc01d000 Exception <a 'java/io/FileNotFoundException'{0x0000000089a62d70}> (0x0000000089a62d70) thrown at [t:/workspace/open/src/hotspot/share/prims/jni.cpp, line 615]

Events (10 events):
Event: 0.699 loading class org/springframework/context/ConfigurableApplicationContext
Event: 0.699 loading class org/springframework/context/ConfigurableApplicationContext done
Event: 0.699 loading class org/springframework/context/Lifecycle
Event: 0.699 loading class org/springframework/context/Lifecycle done
Event: 0.700 loading class org/springframework/context/ApplicationContextInitializer
Event: 0.700 loading class org/springframework/context/ApplicationContextInitializer done
Event: 0.700 loading class org/springframework/core/io/support/SpringFactoriesLoader
Event: 0.700 loading class org/springframework/core/io/support/SpringFactoriesLoader done
Event: 0.701 loading class org/springframework/util/ConcurrentReferenceHashMap$Restructure
Event: 0.701 loading class org/springframework/util/ConcurrentReferenceHashMap$Restructure done


Dynamic libraries:
0x00007ff653960000 - 0x00007ff6539a7000 	C:\Program Files\Java\jdk-11.0.6\bin\javaw.exe
0x00007ffd2d910000 - 0x00007ffd2db05000 	C:\Windows\SYSTEM32\ntdll.dll
0x00007ffd2cb50000 - 0x00007ffd2cc0d000 	C:\Windows\System32\KERNEL32.DLL
0x00007ffd2b500000 - 0x00007ffd2b7c7000 	C:\Windows\System32\KERNELBASE.dll
0x00007ffd2c840000 - 0x00007ffd2c8ea000 	C:\Windows\System32\ADVAPI32.dll
0x00007ffd2c770000 - 0x00007ffd2c80e000 	C:\Windows\System32\msvcrt.dll
0x00007ffd2cc80000 - 0x00007ffd2cd1b000 	C:\Windows\System32\sechost.dll
0x00007ffd2be00000 - 0x00007ffd2bf23000 	C:\Windows\System32\RPCRT4.dll
0x00007ffd2c9b0000 - 0x00007ffd2cb50000 	C:\Windows\System32\USER32.dll
0x00007ffd2b0f0000 - 0x00007ffd2b112000 	C:\Windows\System32\win32u.dll
0x00007ffd2c810000 - 0x00007ffd2c83a000 	C:\Windows\System32\GDI32.dll
0x00007ffd2b1c0000 - 0x00007ffd2b2ca000 	C:\Windows\System32\gdi32full.dll
0x00007ffd2b120000 - 0x00007ffd2b1bd000 	C:\Windows\System32\msvcp_win.dll
0x00007ffd2b380000 - 0x00007ffd2b480000 	C:\Windows\System32\ucrtbase.dll
0x00007ffd19e10000 - 0x00007ffd1a0aa000 	C:\Windows\WinSxS\amd64_microsoft.windows.common-controls_6595b64144ccf1df_6.0.19041.1_none_b555e41d4684ddec\COMCTL32.dll
0x00007ffd24530000 - 0x00007ffd2453a000 	C:\Windows\SYSTEM32\VERSION.dll
0x00007ffd2cda0000 - 0x00007ffd2cdd0000 	C:\Windows\System32\IMM32.DLL
0x00007ffd107f0000 - 0x00007ffd10806000 	C:\Program Files\Java\jdk-11.0.6\bin\vcruntime140.dll
0x00007ffd06f00000 - 0x00007ffd06faa000 	C:\Program Files\Java\jdk-11.0.6\bin\msvcp140.dll
0x00007ffce9df0000 - 0x00007ffcea919000 	C:\Program Files\Java\jdk-11.0.6\bin\server\jvm.dll
0x00007ffd2d640000 - 0x00007ffd2d648000 	C:\Windows\System32\PSAPI.DLL
0x00007ffd24da0000 - 0x00007ffd24da9000 	C:\Windows\SYSTEM32\WSOCK32.dll
0x00007ffd228f0000 - 0x00007ffd22917000 	C:\Windows\SYSTEM32\WINMM.dll
0x00007ffd2cc10000 - 0x00007ffd2cc7b000 	C:\Windows\System32\WS2_32.dll
0x00007ffd29000000 - 0x00007ffd29013000 	C:\Windows\SYSTEM32\kernel.appcore.dll
0x00007ffd16930000 - 0x00007ffd16941000 	C:\Program Files\Java\jdk-11.0.6\bin\verify.dll
0x00007ffd15aa0000 - 0x00007ffd15c84000 	C:\Windows\SYSTEM32\DBGHELP.DLL
0x00007ffd159a0000 - 0x00007ffd159cc000 	C:\Windows\SYSTEM32\dbgcore.DLL
0x00007ffd2b480000 - 0x00007ffd2b4ff000 	C:\Windows\System32\bcryptPrimitives.dll
0x00007ffd0ba50000 - 0x00007ffd0ba79000 	C:\Program Files\Java\jdk-11.0.6\bin\java.dll
0x00007ffd16360000 - 0x00007ffd16376000 	C:\Program Files\Java\jdk-11.0.6\bin\zip.dll
0x00007ffd24e40000 - 0x00007ffd24e4a000 	C:\Program Files\Java\jdk-11.0.6\bin\jimage.dll
0x00007ffd2cf00000 - 0x00007ffd2d640000 	C:\Windows\System32\SHELL32.dll
0x00007ffd29200000 - 0x00007ffd29991000 	C:\Windows\SYSTEM32\windows.storage.dll
0x00007ffd2c3a0000 - 0x00007ffd2c6f3000 	C:\Windows\System32\combase.dll
0x00007ffd2aa10000 - 0x00007ffd2aa3c000 	C:\Windows\SYSTEM32\Wldp.dll
0x00007ffd2c8f0000 - 0x00007ffd2c99e000 	C:\Windows\System32\SHCORE.dll
0x00007ffd2bc00000 - 0x00007ffd2bc55000 	C:\Windows\System32\shlwapi.dll
0x00007ffd2afa0000 - 0x00007ffd2afbf000 	C:\Windows\SYSTEM32\profapi.dll
0x00007ffd10ad0000 - 0x00007ffd10ae9000 	C:\Program Files\Java\jdk-11.0.6\bin\net.dll
0x00007ffd1e1a0000 - 0x00007ffd1e2a0000 	C:\Windows\SYSTEM32\WINHTTP.dll
0x00007ffd2a790000 - 0x00007ffd2a7fa000 	C:\Windows\system32\mswsock.dll
0x00007ffd0bd90000 - 0x00007ffd0bda3000 	C:\Program Files\Java\jdk-11.0.6\bin\nio.dll
0x00007ffd24a00000 - 0x00007ffd24a09000 	C:\Program Files\Java\jdk-11.0.6\bin\management.dll
0x00007ffd22680000 - 0x00007ffd2268c000 	C:\Program Files\Java\jdk-11.0.6\bin\management_ext.dll
0x00007ffd0e200000 - 0x00007ffd0e217000 	C:\Windows\system32\napinsp.dll
0x00007ffd0dc80000 - 0x00007ffd0dc9b000 	C:\Windows\system32\pnrpnsp.dll
0x00007ffd0fcf0000 - 0x00007ffd0fd05000 	C:\Windows\system32\wshbth.dll
0x00007ffd26b90000 - 0x00007ffd26bad000 	C:\Windows\system32\NLAapi.dll
0x00007ffd2a480000 - 0x00007ffd2a4bb000 	C:\Windows\SYSTEM32\IPHLPAPI.DLL
0x00007ffd2a4c0000 - 0x00007ffd2a58a000 	C:\Windows\SYSTEM32\DNSAPI.dll
0x00007ffd2c700000 - 0x00007ffd2c709000 	C:\Windows\System32\NSI.dll
0x00007ffd0dc60000 - 0x00007ffd0dc72000 	C:\Windows\System32\winrnr.dll
0x00007ffd1c090000 - 0x00007ffd1c09a000 	C:\Windows\System32\rasadhlp.dll
0x00007ffd1d180000 - 0x00007ffd1d1ff000 	C:\Windows\System32\fwpuclnt.dll
0x00007ffd2b060000 - 0x00007ffd2b087000 	C:\Windows\System32\bcrypt.dll
0x00007ffd2a960000 - 0x00007ffd2a978000 	C:\Windows\SYSTEM32\CRYPTSP.dll
0x00007ffd2a120000 - 0x00007ffd2a154000 	C:\Windows\system32\rsaenh.dll
0x00007ffd2af60000 - 0x00007ffd2af8e000 	C:\Windows\SYSTEM32\USERENV.dll
0x00007ffd2a980000 - 0x00007ffd2a98c000 	C:\Windows\SYSTEM32\CRYPTBASE.dll
0x00007ffd24800000 - 0x00007ffd24817000 	C:\Windows\SYSTEM32\dhcpcsvc6.DLL
0x00007ffd24b00000 - 0x00007ffd24b1d000 	C:\Windows\SYSTEM32\dhcpcsvc.DLL

dbghelp: loaded successfully - version: 4.0.5 - missing functions: none
symbol engine: initialized successfully - sym options: 0x614 - pdb path: .;C:\Program Files\Java\jdk-11.0.6\bin;C:\Windows\SYSTEM32;C:\Windows\WinSxS\amd64_microsoft.windows.common-controls_6595b64144ccf1df_6.0.19041.1_none_b555e41d4684ddec;C:\Program Files\Java\jdk-11.0.6\bin\server

VM Arguments:
jvm_args: -Dcom.sun.management.jmxremote -Dcom.sun.management.jmxremote.port=23892 -Dcom.sun.management.jmxremote.authenticate=false -Dcom.sun.management.jmxremote.ssl=false -Djava.rmi.server.hostname=localhost -Dspring.jmx.enabled=true -Dspring.application.admin.enabled=true -Xverify:none -XX:TieredStopAtLevel=1 -Dspring.boot.project.name=cursomc -Dfile.encoding=UTF-8 
java_command: com.rossini.cursomc.CursomcApplication --spring.output.ansi.enabled=always
java_class_path (initial): D:\Usuario\Documentos\GitHub\cursomc\target\classes;C:\Users\rossi\.m2\repository\org\springframework\boot\spring-boot-starter-web\2.3.3.RELEASE\spring-boot-starter-web-2.3.3.RELEASE.jar;C:\Users\rossi\.m2\repository\org\springframework\boot\spring-boot-starter\2.3.3.RELEASE\spring-boot-starter-2.3.3.RELEASE.jar;C:\Users\rossi\.m2\repository\org\springframework\boot\spring-boot-starter-logging\2.3.3.RELEASE\spring-boot-starter-logging-2.3.3.RELEASE.jar;C:\Users\rossi\.m2\repository\ch\qos\logback\logback-classic\1.2.3\logback-classic-1.2.3.jar;C:\Users\rossi\.m2\repository\ch\qos\logback\logback-core\1.2.3\logback-core-1.2.3.jar;C:\Users\rossi\.m2\repository\org\apache\logging\log4j\log4j-to-slf4j\2.13.3\log4j-to-slf4j-2.13.3.jar;C:\Users\rossi\.m2\repository\org\apache\logging\log4j\log4j-api\2.13.3\log4j-api-2.13.3.jar;C:\Users\rossi\.m2\repository\org\slf4j\jul-to-slf4j\1.7.30\jul-to-slf4j-1.7.30.jar;C:\Users\rossi\.m2\repository\jakarta\annotation\jakarta.annotation-api\1.3.5\jakarta.annotation-api-1.3.5.jar;C:\Users\rossi\.m2\repository\org\yaml\snakeyaml\1.26\snakeyaml-1.26.jar;C:\Users\rossi\.m2\repository\org\springframework\boot\spring-boot-starter-json\2.3.3.RELEASE\spring-boot-starter-json-2.3.3.RELEASE.jar;C:\Users\rossi\.m2\repository\com\fasterxml\jackson\datatype\jackson-datatype-jdk8\2.11.2\jackson-datatype-jdk8-2.11.2.jar;C:\Users\rossi\.m2\repository\com\fasterxml\jackson\datatype\jackson-datatype-jsr310\2.11.2\jackson-datatype-jsr310-2.11.2.jar;C:\Users\rossi\.m2\repository\com\fasterxml\jackson\module\jackson-module-parameter-names\2.11.2\jackson-module-parameter-names-2.11.2.jar;C:\Users\rossi\.m2\repository\org\springframework\boot\spring-boot-starter-tomcat\2.3.3.RELEASE\spring-boot-starter-tomcat-2.3.3.RELEASE.jar;C:\Users\rossi\.m2\repository\org\apache\tomcat\embed\tomcat-embed-core\9.0.37\tomcat-embed-core-9.0.37.jar;C:\Users\rossi\.m2\repository\org\glassfish\jakarta.el\3.0.3\jakarta.el-3.0.3.jar;C:\Users\ross
Launcher Type: SUN_STANDARD

[Global flags]
     bool BytecodeVerificationLocal                = false                                     {product} {command line}
     bool BytecodeVerificationRemote               = false                                     {product} {command line}
     intx CICompilerCount                          = 3                                         {product} {ergonomic}
     uint ConcGCThreads                            = 1                                         {product} {ergonomic}
     uint G1ConcRefinementThreads                  = 4                                         {product} {ergonomic}
   size_t G1HeapRegionSize                         = 1048576                                   {product} {ergonomic}
    uintx GCDrainStackTargetSize                   = 64                                        {product} {ergonomic}
   size_t InitialHeapSize                          = 132120576                                 {product} {ergonomic}
     bool ManagementServer                         = true                                      {product} {command line}
   size_t MarkStackSize                            = 4194304                                   {product} {ergonomic}
   size_t MaxHeapSize                              = 2107637760                                {product} {ergonomic}
   size_t MaxNewSize                               = 1264582656                                {product} {ergonomic}
   size_t MinHeapDeltaBytes                        = 1048576                                   {product} {ergonomic}
    uintx NonNMethodCodeHeapSize                   = 6973028                                {pd product} {ergonomic}
    uintx NonProfiledCodeHeapSize                  = 244685212                              {pd product} {ergonomic}
    uintx ProfiledCodeHeapSize                     = 0                                      {pd product} {ergonomic}
    uintx ReservedCodeCacheSize                    = 251658240                              {pd product} {ergonomic}
     bool SegmentedCodeCache                       = true                                      {product} {ergonomic}
     intx TieredStopAtLevel                        = 1                                         {product} {command line}
     bool UseCompressedClassPointers               = true                                 {lp64_product} {ergonomic}
     bool UseCompressedOops                        = true                                 {lp64_product} {ergonomic}
     bool UseG1GC                                  = true                                      {product} {ergonomic}
     bool UseLargePagesIndividualAllocation        = false                                  {pd product} {ergonomic}

Logging:
Log output configuration:
 #0: stdout all=warning uptime,level,tags
 #1: stderr all=off uptime,level,tags

Environment Variables:
JAVA_HOME=C:\Program Files\Java\jdk-11.0.6
PATH=C:/Program Files/Java/jdk-11.0.6/bin/server;C:/Program Files/Java/jdk-11.0.6/bin;C:\Windows\system32;C:\Windows;C:\Windows\System32\Wbem;C:\Windows\System32\WindowsPowerShell\v1.0\;C:\Windows\System32\OpenSSH\;C:\Program Files\dotnet\;C:\Program Files\Microsoft SQL Server\130\Tools\Binn\;C:\Program Files\Microsoft SQL Server\Client SDK\ODBC\170\Tools\Binn\;C:\Program Files\Java\jdk-11.0.6\bin;C:\xampp\mysql\bin;D:\Program Files\Git\cmd;C:\Users\rossi\AppData\Local\Microsoft\WindowsApps;C:\Users\rossi\.dotnet\tools;C:\Users\rossi\AppData\Local\GitHubDesktop\bin;C:\Program Files\Java\jdk-11.0.6\bin;D:\Program Files\heroku\bin;D:\Program Files\sts-4.7.1.RELEASE;
USERNAME=rossi
OS=Windows_NT
PROCESSOR_IDENTIFIER=Intel64 Family 6 Model 158 Stepping 11, GenuineIntel



---------------  S Y S T E M  ---------------

OS: Windows 10 , 64 bit Build 19041 (10.0.19041.292)

CPU:total 4 (initial active 4) (4 cores per cpu, 1 threads per core) family 6 model 158 stepping 11, cmov, cx8, fxsr, mmx, sse, sse2, sse3, ssse3, sse4.1, sse4.2, popcnt, avx, avx2, aes, clmul, erms, 3dnowpref, lzcnt, tsc, tscinvbit, bmi1, bmi2, adx, fma

Memory: 4k page, system-wide physical 8033M (1580M free)
TotalPageFile size 14679M (AvailPageFile size 2339M)
current process WorkingSet (physical memory assigned to process): 90M, peak: 90M
current process commit charge ("private bytes"): 220M, peak: 220M

vm_info: Java HotSpot(TM) 64-Bit Server VM (11.0.6+8-LTS) for windows-amd64 JRE (11.0.6+8-LTS), built on Dec 11 2019 09:17:57 by "mach5one" with MS VC++ 15.5 (VS2017)

END.
