#
# A fatal error has been detected by the Java Runtime Environment:
#
#  EXCEPTION_ACCESS_VIOLATION (0xc0000005) at pc=0x00007ffcfe7ff15d, pid=6288, tid=12892
#
# JRE version: Java(TM) SE Runtime Environment (11.0.6+8) (build 11.0.6+8-LTS)
# Java VM: Java HotSpot(TM) 64-Bit Server VM (11.0.6+8-LTS, mixed mode, tiered, compressed oops, g1 gc, windows-amd64)
# Problematic frame:
# V  [jvm.dll+0x65f15d]
#
# No core dump will be written. Minidumps are not enabled by default on client versions of Windows
#
# If you would like to submit a bug report, please visit:
#   http://bugreport.java.com/bugreport/crash.jsp
#

---------------  S U M M A R Y ------------

Command Line: -Dcom.sun.management.jmxremote -Dcom.sun.management.jmxremote.port=4042 -Dcom.sun.management.jmxremote.authenticate=false -Dcom.sun.management.jmxremote.ssl=false -Djava.rmi.server.hostname=localhost -Dspring.jmx.enabled=true -Dspring.application.admin.enabled=true -Xverify:none -XX:TieredStopAtLevel=1 -Dspring.boot.project.name=cursomc -Dfile.encoding=UTF-8 com.rossini.cursomc.CursomcApplication --spring.output.ansi.enabled=always

Host: Intel(R) Core(TM) i3-8100 CPU @ 3.60GHz, 4 cores, 7G,  Windows 10 , 64 bit Build 19041 (10.0.19041.292)
Time: Mon Aug 31 16:56:05 2020 Hora oficial do Brasil elapsed time: 350 seconds (0d 0h 5m 50s)

---------------  T H R E A D  ---------------

Current thread (0x00000211add06000):  JavaThread "DestroyJavaVM" [_thread_in_vm, id=12892, stack(0x0000004d2b500000,0x0000004d2b600000)]

Stack: [0x0000004d2b500000,0x0000004d2b600000],  sp=0x0000004d2b5ffb00,  free space=1022k
Native frames: (J=compiled Java code, j=interpreted, Vv=VM code, C=native code)
V  [jvm.dll+0x65f15d]
V  [jvm.dll+0x65f70a]
V  [jvm.dll+0x3732a9]
V  [jvm.dll+0x735a83]
V  [jvm.dll+0x3dded8]
C  [javaw.exe+0x367e]
C  [javaw.exe+0x17e2c]
C  [KERNEL32.DLL+0x16fd4]
C  [ntdll.dll+0x4cec1]


siginfo: EXCEPTION_ACCESS_VIOLATION (0xc0000005), reading address 0x0000000c00000013


Register to memory mapping:

RIP=0x00007ffcfe7ff15d jvm.dll
RAX=0x0000000000000001 is an unknown value
RBX=0x0000000c0000000b is an unknown value
RCX=0x0000021187ab0000 points into unknown readable memory: 00 00 00 00 00 00 00 00
RDX=0x0000021187ab0000 points into unknown readable memory: 00 00 00 00 00 00 00 00
RSP=0x0000004d2b5ffb00 points into unknown readable memory: cd 00 00 00 00 00 00 00
RBP=0x0 is NULL
RSI=0x0000000000000001 is an unknown value
RDI=0x00000211a9907450 points into unknown readable memory: 0b 00 00 00 0c 00 00 00
R8 =0x0000000000000003 is an unknown value
R9 =0x0000000000000001 is an unknown value
R10=0x0000000000008000 is an unknown value
R11=0x0000004d2b5ffa60 points into unknown readable memory: a0 bb bd 89 11 02 00 00
R12=0x0000021189bdbbb8 points into unknown readable memory: 00 0e 8d 83 00 00 00 00
R13=0x0000021187ac38f0 points into unknown readable memory: 63 6f 6d 2e 72 6f 73 73
R14=0x0000021189bdbba8 points into unknown readable memory: 98 0f 8d 83 00 00 00 00
R15=0x0000021189bdbba0 points into unknown readable memory: 98 0f 8d 83 00 00 00 00


Registers:
RAX=0x0000000000000001, RBX=0x0000000c0000000b, RCX=0x0000021187ab0000, RDX=0x0000021187ab0000
RSP=0x0000004d2b5ffb00, RBP=0x0000000000000000, RSI=0x0000000000000001, RDI=0x00000211a9907450
R8 =0x0000000000000003, R9 =0x0000000000000001, R10=0x0000000000008000, R11=0x0000004d2b5ffa60
R12=0x0000021189bdbbb8, R13=0x0000021187ac38f0, R14=0x0000021189bdbba8, R15=0x0000021189bdbba0
RIP=0x00007ffcfe7ff15d, EFLAGS=0x0000000000010202

Top of Stack: (sp=0x0000004d2b5ffb00)
0x0000004d2b5ffb00:   00000000000000cd 00007ffc00000000
0x0000004d2b5ffb10:   0000021100000000 0000000000000000
0x0000004d2b5ffb20:   00000211add06000 00007ffcfe7ff70a
0x0000004d2b5ffb30:   0000021189bd63a0 0000004d2b5ffce8
0x0000004d2b5ffb40:   0000000000000001 00000211add06000
0x0000004d2b5ffb50:   00000211adfacae0 00007ffcfe5132a9
0x0000004d2b5ffb60:   0000000000000000 0000004d2b5ffce8
0x0000004d2b5ffb70:   0000000000000000 0000021100000012
0x0000004d2b5ffb80:   00000211add06000 00007ffcfe8d5a83
0x0000004d2b5ffb90:   0000021189bd63a0 00000211add06000
0x0000004d2b5ffba0:   0000000000000001 0000004d2b5ffce8
0x0000004d2b5ffbb0:   00000211add06000 0000021189bdbba8
0x0000004d2b5ffbc0:   000000000000000e 0000000000000000
0x0000004d2b5ffbd0:   00000211ada98600 0000021189bdb270
0x0000004d2b5ffbe0:   00000211add06000 00000211ada98650
0x0000004d2b5ffbf0:   0000021189bdb270 0000021189bdb280 

Instructions: (pc=0x00007ffcfe7ff15d)
0x00007ffcfe7ff13d:   8b ce e8 bc a2 a5 ff 48 8b 3d 35 03 41 00 48 8b
0x00007ffcfe7ff14d:   74 24 40 48 85 ff 74 39 48 8b 1f 48 85 db 74 29
0x00007ffcfe7ff15d:   48 83 7b 08 01 75 1a 48 8b 53 18 89 2b 48 85 d2
0x00007ffcfe7ff16d:   74 0f 39 6b 04 48 8b cb e8 06 ea b8 ff 48 89 6b 


Stack slot to memory mapping:
stack at sp + 0 slots: 0x00000000000000cd is an unknown value
stack at sp + 1 slots: 0x00007ffc00000000 is an unknown value
stack at sp + 2 slots: 0x0000021100000000 is an unknown value
stack at sp + 3 slots: 0x0 is NULL
stack at sp + 4 slots: 0x00000211add06000 points into unknown readable memory: e8 a4 a7 fe fc 7f 00 00
stack at sp + 5 slots: 0x00007ffcfe7ff70a jvm.dll
stack at sp + 6 slots: 0x0000021189bd63a0 points into unknown readable memory: 00 00 00 00 00 00 00 00
stack at sp + 7 slots: 0x0000004d2b5ffce8 points into unknown readable memory: 00 00 00 00 00 00 00 00


---------------  P R O C E S S  ---------------

Threads class SMR info:
_java_thread_list=0x00000211adfacae0, length=18, elements={
0x00000211a7efb000, 0x00000211a7f04000, 0x00000211a8893000, 0x00000211a7f14000,
0x00000211a7f1f800, 0x00000211a7f25800, 0x00000211a8a42800, 0x00000211a8abf800,
0x00000211a9930000, 0x00000211a991a000, 0x00000211a99b4800, 0x00000211a9e28800,
0x00000211a9ea3800, 0x00000211a9edb800, 0x00000211abf84000, 0x00000211adcfa800,
0x00000211adec3800, 0x00000211adec2000
}

Java Threads: ( => current thread )
  0x00000211a7efb000 JavaThread "Reference Handler" daemon [_thread_blocked, id=13672, stack(0x0000004d2bc00000,0x0000004d2bd00000)]
  0x00000211a7f04000 JavaThread "Finalizer" daemon [_thread_blocked, id=10956, stack(0x0000004d2bd00000,0x0000004d2be00000)]
  0x00000211a8893000 JavaThread "Signal Dispatcher" daemon [_thread_blocked, id=8524, stack(0x0000004d2be00000,0x0000004d2bf00000)]
  0x00000211a7f14000 JavaThread "Attach Listener" daemon [_thread_blocked, id=9632, stack(0x0000004d2bf00000,0x0000004d2c000000)]
  0x00000211a7f1f800 JavaThread "C1 CompilerThread0" daemon [_thread_blocked, id=13328, stack(0x0000004d2c000000,0x0000004d2c100000)]
  0x00000211a7f25800 JavaThread "Sweeper thread" daemon [_thread_blocked, id=13284, stack(0x0000004d2c100000,0x0000004d2c200000)]
  0x00000211a8a42800 JavaThread "Common-Cleaner" daemon [_thread_blocked, id=3548, stack(0x0000004d2c200000,0x0000004d2c300000)]
  0x00000211a8abf800 JavaThread "Service Thread" daemon [_thread_blocked, id=11508, stack(0x0000004d2c300000,0x0000004d2c400000)]
  0x00000211a9930000 JavaThread "RMI TCP Accept-0" daemon [_thread_in_native, id=14316, stack(0x0000004d2c600000,0x0000004d2c700000)]
  0x00000211a991a000 JavaThread "RMI TCP Accept-4042" daemon [_thread_in_native, id=10952, stack(0x0000004d2c700000,0x0000004d2c800000)]
  0x00000211a99b4800 JavaThread "RMI TCP Accept-0" daemon [_thread_in_native, id=5808, stack(0x0000004d2c800000,0x0000004d2c900000)]
  0x00000211a9e28800 JavaThread "RMI Scheduler(0)" daemon [_thread_blocked, id=9864, stack(0x0000004d2ce00000,0x0000004d2cf00000)]
  0x00000211a9ea3800 JavaThread "RMI TCP Connection(8)-127.0.0.1" daemon [_thread_in_native, id=9424, stack(0x0000004d2cf00000,0x0000004d2d000000)]
  0x00000211a9edb800 JavaThread "JMX server connection timeout 22" daemon [_thread_blocked, id=672, stack(0x0000004d2d000000,0x0000004d2d100000)]
  0x00000211abf84000 JavaThread "mysql-cj-abandoned-connection-cleanup" daemon [_thread_blocked, id=10536, stack(0x0000004d2d100000,0x0000004d2d200000)]
  0x00000211adcfa800 JavaThread "Live Reload Server" daemon [_thread_in_native, id=9628, stack(0x0000004d2db00000,0x0000004d2dc00000)]
  0x00000211adec3800 JavaThread "RMI TCP Connection(9)-127.0.0.1" daemon [_thread_in_native, id=11380, stack(0x0000004d2b200000,0x0000004d2b300000)]
  0x00000211adec2000 JavaThread "JMX server connection timeout 85" daemon [_thread_blocked, id=9684, stack(0x0000004d2b300000,0x0000004d2b400000)]

Other Threads:
  0x0000021189bf2800 GCTaskThread "GC Thread#0" [stack: 0x0000004d2b600000,0x0000004d2b700000] [id=13876]
  0x00000211a9405800 GCTaskThread "GC Thread#1" [stack: 0x0000004d2c400000,0x0000004d2c500000] [id=10640]
  0x00000211a9406000 GCTaskThread "GC Thread#2" [stack: 0x0000004d2c500000,0x0000004d2c600000] [id=9432]
  0x00000211a9dab000 GCTaskThread "GC Thread#3" [stack: 0x0000004d2cc00000,0x0000004d2cd00000] [id=928]
  0x0000021189c22000 ConcurrentGCThread "G1 Main Marker" [stack: 0x0000004d2b700000,0x0000004d2b800000] [id=12844]
  0x0000021189c28000 ConcurrentGCThread "G1 Conc#0" [stack: 0x0000004d2b800000,0x0000004d2b900000] [id=4064]
  0x0000021189cac000 ConcurrentGCThread "G1 Refine#0" [stack: 0x0000004d2b900000,0x0000004d2ba00000] [id=3824]
  0x00000211a7d40800 ConcurrentGCThread "G1 Young RemSet Sampling" [stack: 0x0000004d2ba00000,0x0000004d2bb00000] [id=13256]

=>0x00000211add06000 (exited) JavaThread "DestroyJavaVM" [_thread_in_vm, id=12892, stack(0x0000004d2b500000,0x0000004d2b600000)]

Threads with active compile tasks:

VM state:at safepoint (shutting down)

VM Mutex/Monitor currently owned by a thread:  ([mutex/lock_event])
[0x0000021189bd71b0] Threads_lock - owner thread: 0x00000211a7ed6800

Heap address: 0x0000000082600000, size: 2010 MB, Compressed Oops mode: 32-bit
Narrow klass base: 0x0000000000000000, Narrow klass shift: 3
Compressed class space size: 1073741824 Address: 0x0000000100000000

Heap:
 garbage-first heap   total 140288K, used 103691K [0x0000000082600000, 0x0000000100000000)
  region size 1024K, 58 young (59392K), 6 survivors (6144K)
 Metaspace       used 76735K, capacity 78812K, committed 79056K, reserved 1118208K
  class space    used 10004K, capacity 10828K, committed 10880K, reserved 1048576K
Heap Regions: E=young(eden), S=young(survivor), O=old, HS=humongous(starts), HC=humongous(continues), CS=collection set, F=free, A=archive, TAMS=top-at-mark-start (previous, next)
|   0|0x0000000082600000, 0x0000000082700000, 0x0000000082700000|100%|HS|  |TAMS 0x0000000082600000, 0x0000000082600000| Untracked 
|   1|0x0000000082700000, 0x00000000827fa320, 0x0000000082800000| 97%| O|  |TAMS 0x0000000082700000, 0x0000000082700000| Untracked 
|   2|0x0000000082800000, 0x00000000828fd2c0, 0x0000000082900000| 98%| O|  |TAMS 0x0000000082800000, 0x0000000082800000| Untracked 
|   3|0x0000000082900000, 0x00000000829f7d80, 0x0000000082a00000| 96%| O|  |TAMS 0x0000000082900000, 0x0000000082900000| Untracked 
|   4|0x0000000082a00000, 0x0000000082af9468, 0x0000000082b00000| 97%| O|  |TAMS 0x0000000082a00000, 0x0000000082a00000| Untracked 
|   5|0x0000000082b00000, 0x0000000082bfa860, 0x0000000082c00000| 97%| O|  |TAMS 0x0000000082b00000, 0x0000000082b00000| Untracked 
|   6|0x0000000082c00000, 0x0000000082cfd948, 0x0000000082d00000| 99%| O|  |TAMS 0x0000000082c00000, 0x0000000082c00000| Untracked 
|   7|0x0000000082d00000, 0x0000000082dfe388, 0x0000000082e00000| 99%| O|  |TAMS 0x0000000082d00000, 0x0000000082d00000| Untracked 
|   8|0x0000000082e00000, 0x0000000082eff0a8, 0x0000000082f00000| 99%| O|  |TAMS 0x0000000082e00000, 0x0000000082e00000| Untracked 
|   9|0x0000000082f00000, 0x0000000082ffffe8, 0x0000000083000000| 99%| O|  |TAMS 0x0000000082f00000, 0x0000000082f00000| Untracked 
|  10|0x0000000083000000, 0x0000000083100000, 0x0000000083100000|100%| O|  |TAMS 0x0000000083000000, 0x0000000083000000| Untracked 
|  11|0x0000000083100000, 0x00000000831f5080, 0x0000000083200000| 95%| O|  |TAMS 0x0000000083100000, 0x0000000083100000| Untracked 
|  12|0x0000000083200000, 0x00000000832ff4a0, 0x0000000083300000| 99%| O|  |TAMS 0x0000000083200000, 0x0000000083200000| Untracked 
|  13|0x0000000083300000, 0x00000000833ff550, 0x0000000083400000| 99%| O|  |TAMS 0x0000000083300000, 0x0000000083300000| Untracked 
|  14|0x0000000083400000, 0x00000000834ffc98, 0x0000000083500000| 99%| O|  |TAMS 0x0000000083400000, 0x0000000083400000| Untracked 
|  15|0x0000000083500000, 0x00000000835f8ef0, 0x0000000083600000| 97%| O|  |TAMS 0x0000000083500000, 0x0000000083500000| Untracked 
|  16|0x0000000083600000, 0x00000000836fff10, 0x0000000083700000| 99%| O|  |TAMS 0x0000000083600000, 0x0000000083600000| Untracked 
|  17|0x0000000083700000, 0x00000000837fffe0, 0x0000000083800000| 99%| O|  |TAMS 0x0000000083700000, 0x0000000083700000| Untracked 
|  18|0x0000000083800000, 0x00000000838ffff0, 0x0000000083900000| 99%| O|  |TAMS 0x0000000083800000, 0x0000000083800000| Untracked 
|  19|0x0000000083900000, 0x00000000839fffc8, 0x0000000083a00000| 99%| O|  |TAMS 0x0000000083900000, 0x0000000083900000| Untracked 
|  20|0x0000000083a00000, 0x0000000083affff8, 0x0000000083b00000| 99%| O|  |TAMS 0x0000000083a00000, 0x0000000083a00000| Untracked 
|  21|0x0000000083b00000, 0x0000000083bfffe8, 0x0000000083c00000| 99%| O|  |TAMS 0x0000000083b00000, 0x0000000083b00000| Untracked 
|  22|0x0000000083c00000, 0x0000000083d00000, 0x0000000083d00000|100%| O|  |TAMS 0x0000000083c00000, 0x0000000083c00000| Untracked 
|  23|0x0000000083d00000, 0x0000000083dfffe8, 0x0000000083e00000| 99%| O|  |TAMS 0x0000000083d00000, 0x0000000083d00000| Untracked 
|  24|0x0000000083e00000, 0x0000000083f00000, 0x0000000083f00000|100%| O|  |TAMS 0x0000000083e00000, 0x0000000083e00000| Untracked 
|  25|0x0000000083f00000, 0x0000000083fffff0, 0x0000000084000000| 99%| O|  |TAMS 0x0000000083f00000, 0x0000000083f00000| Untracked 
|  26|0x0000000084000000, 0x00000000840ff450, 0x0000000084100000| 99%| O|  |TAMS 0x0000000084000000, 0x0000000084000000| Untracked 
|  27|0x0000000084100000, 0x00000000841ffff8, 0x0000000084200000| 99%| O|  |TAMS 0x0000000084100000, 0x0000000084100000| Untracked 
|  28|0x0000000084200000, 0x00000000842fffa0, 0x0000000084300000| 99%| O|  |TAMS 0x0000000084200000, 0x0000000084200000| Untracked 
|  29|0x0000000084300000, 0x00000000843ffff0, 0x0000000084400000| 99%| O|  |TAMS 0x0000000084300000, 0x0000000084300000| Untracked 
|  30|0x0000000084400000, 0x00000000844fffe8, 0x0000000084500000| 99%| O|  |TAMS 0x0000000084400000, 0x0000000084400000| Untracked 
|  31|0x0000000084500000, 0x00000000845614d0, 0x0000000084600000| 38%| O|  |TAMS 0x0000000084500000, 0x0000000084500000| Untracked 
|  32|0x0000000084600000, 0x0000000084700000, 0x0000000084700000|100%| O|  |TAMS 0x0000000084600000, 0x0000000084600000| Untracked 
|  33|0x0000000084700000, 0x00000000847f4330, 0x0000000084800000| 95%| O|  |TAMS 0x0000000084700000, 0x0000000084700000| Untracked 
|  34|0x0000000084800000, 0x0000000084900000, 0x0000000084900000|100%| O|  |TAMS 0x0000000084800000, 0x0000000084800000| Untracked 
|  35|0x0000000084900000, 0x00000000849ff878, 0x0000000084a00000| 99%| O|  |TAMS 0x0000000084900000, 0x0000000084900000| Untracked 
|  36|0x0000000084a00000, 0x0000000084affff8, 0x0000000084b00000| 99%| O|  |TAMS 0x0000000084a00000, 0x0000000084a00000| Untracked 
|  37|0x0000000084b00000, 0x0000000084c00000, 0x0000000084c00000|100%| O|  |TAMS 0x0000000084b00000, 0x0000000084b00000| Untracked 
|  38|0x0000000084c00000, 0x0000000084cf9400, 0x0000000084d00000| 97%| O|  |TAMS 0x0000000084c00000, 0x0000000084c00000| Untracked 
|  39|0x0000000084d00000, 0x0000000084dffff8, 0x0000000084e00000| 99%| O|  |TAMS 0x0000000084d00000, 0x0000000084d00000| Untracked 
|  40|0x0000000084e00000, 0x0000000084ebfe10, 0x0000000084f00000| 74%| O|  |TAMS 0x0000000084e00000, 0x0000000084e00000| Untracked 
|  41|0x0000000084f00000, 0x0000000085000000, 0x0000000085000000|100%|HS|  |TAMS 0x0000000084f00000, 0x0000000084f00000| Complete 
|  42|0x0000000085000000, 0x0000000085100000, 0x0000000085100000|100%|HC|  |TAMS 0x0000000085000000, 0x0000000085000000| Complete 
|  43|0x0000000085100000, 0x0000000085200000, 0x0000000085200000|100%|HS|  |TAMS 0x0000000085100000, 0x0000000085100000| Complete 
|  44|0x0000000085200000, 0x0000000085300000, 0x0000000085300000|100%|HC|  |TAMS 0x0000000085200000, 0x0000000085200000| Complete 
|  45|0x0000000085300000, 0x0000000085300000, 0x0000000085400000|  0%| F|  |TAMS 0x0000000085300000, 0x0000000085300000| Untracked 
|  46|0x0000000085400000, 0x0000000085400000, 0x0000000085500000|  0%| F|  |TAMS 0x0000000085400000, 0x0000000085400000| Untracked 
|  47|0x0000000085500000, 0x0000000085500000, 0x0000000085600000|  0%| F|  |TAMS 0x0000000085500000, 0x0000000085500000| Untracked 
|  48|0x0000000085600000, 0x0000000085600000, 0x0000000085700000|  0%| F|  |TAMS 0x0000000085600000, 0x0000000085600000| Untracked 
|  49|0x0000000085700000, 0x0000000085700000, 0x0000000085800000|  0%| F|  |TAMS 0x0000000085700000, 0x0000000085700000| Untracked 
|  50|0x0000000085800000, 0x0000000085800000, 0x0000000085900000|  0%| F|  |TAMS 0x0000000085800000, 0x0000000085800000| Untracked 
|  51|0x0000000085900000, 0x0000000085900000, 0x0000000085a00000|  0%| F|  |TAMS 0x0000000085900000, 0x0000000085900000| Untracked 
|  52|0x0000000085a00000, 0x0000000085a00000, 0x0000000085b00000|  0%| F|  |TAMS 0x0000000085a00000, 0x0000000085a00000| Untracked 
|  53|0x0000000085b00000, 0x0000000085b00000, 0x0000000085c00000|  0%| F|  |TAMS 0x0000000085b00000, 0x0000000085b00000| Untracked 
|  54|0x0000000085c00000, 0x0000000085c00000, 0x0000000085d00000|  0%| F|  |TAMS 0x0000000085c00000, 0x0000000085c00000| Untracked 
|  55|0x0000000085d00000, 0x0000000085d00000, 0x0000000085e00000|  0%| F|  |TAMS 0x0000000085d00000, 0x0000000085d00000| Untracked 
|  56|0x0000000085e00000, 0x0000000085e00000, 0x0000000085f00000|  0%| F|  |TAMS 0x0000000085e00000, 0x0000000085e00000| Untracked 
|  57|0x0000000085f00000, 0x0000000085f00000, 0x0000000086000000|  0%| F|  |TAMS 0x0000000085f00000, 0x0000000085f00000| Untracked 
|  58|0x0000000086000000, 0x0000000086000000, 0x0000000086100000|  0%| F|  |TAMS 0x0000000086000000, 0x0000000086000000| Untracked 
|  59|0x0000000086100000, 0x0000000086100000, 0x0000000086200000|  0%| F|  |TAMS 0x0000000086100000, 0x0000000086100000| Untracked 
|  60|0x0000000086200000, 0x0000000086200000, 0x0000000086300000|  0%| F|  |TAMS 0x0000000086200000, 0x0000000086200000| Untracked 
|  61|0x0000000086300000, 0x0000000086300000, 0x0000000086400000|  0%| F|  |TAMS 0x0000000086300000, 0x0000000086300000| Untracked 
|  62|0x0000000086400000, 0x0000000086400000, 0x0000000086500000|  0%| F|  |TAMS 0x0000000086400000, 0x0000000086400000| Untracked 
|  63|0x0000000086500000, 0x0000000086500000, 0x0000000086600000|  0%| F|  |TAMS 0x0000000086500000, 0x0000000086500000| Untracked 
|  64|0x0000000086600000, 0x00000000866c69a8, 0x0000000086700000| 77%| S|CS|TAMS 0x0000000086600000, 0x0000000086600000| Complete 
|  65|0x0000000086700000, 0x0000000086800000, 0x0000000086800000|100%| S|CS|TAMS 0x0000000086700000, 0x0000000086700000| Complete 
|  66|0x0000000086800000, 0x0000000086900000, 0x0000000086900000|100%| S|CS|TAMS 0x0000000086800000, 0x0000000086800000| Complete 
|  67|0x0000000086900000, 0x0000000086900000, 0x0000000086a00000|  0%| F|  |TAMS 0x0000000086900000, 0x0000000086900000| Untracked 
|  68|0x0000000086a00000, 0x0000000086a00000, 0x0000000086b00000|  0%| F|  |TAMS 0x0000000086a00000, 0x0000000086a00000| Untracked 
|  69|0x0000000086b00000, 0x0000000086b00000, 0x0000000086c00000|  0%| F|  |TAMS 0x0000000086b00000, 0x0000000086b00000| Untracked 
|  70|0x0000000086c00000, 0x0000000086d00000, 0x0000000086d00000|100%| S|CS|TAMS 0x0000000086c00000, 0x0000000086c00000| Complete 
|  71|0x0000000086d00000, 0x0000000086e00000, 0x0000000086e00000|100%| S|CS|TAMS 0x0000000086d00000, 0x0000000086d00000| Complete 
|  72|0x0000000086e00000, 0x0000000086f00000, 0x0000000086f00000|100%| S|CS|TAMS 0x0000000086e00000, 0x0000000086e00000| Complete 
|  73|0x0000000086f00000, 0x0000000086f00000, 0x0000000087000000|  0%| F|  |TAMS 0x0000000086f00000, 0x0000000086f00000| Untracked 
|  74|0x0000000087000000, 0x0000000087000000, 0x0000000087100000|  0%| F|  |TAMS 0x0000000087000000, 0x0000000087000000| Untracked 
|  75|0x0000000087100000, 0x0000000087100000, 0x0000000087200000|  0%| F|  |TAMS 0x0000000087100000, 0x0000000087100000| Untracked 
|  76|0x0000000087200000, 0x0000000087200000, 0x0000000087300000|  0%| F|  |TAMS 0x0000000087200000, 0x0000000087200000| Untracked 
|  77|0x0000000087300000, 0x0000000087300000, 0x0000000087400000|  0%| F|  |TAMS 0x0000000087300000, 0x0000000087300000| Untracked 
|  78|0x0000000087400000, 0x0000000087400000, 0x0000000087500000|  0%| F|  |TAMS 0x0000000087400000, 0x0000000087400000| Untracked 
|  79|0x0000000087500000, 0x0000000087500000, 0x0000000087600000|  0%| F|  |TAMS 0x0000000087500000, 0x0000000087500000| Untracked 
|  80|0x0000000087600000, 0x0000000087600000, 0x0000000087700000|  0%| F|  |TAMS 0x0000000087600000, 0x0000000087600000| Untracked 
|  81|0x0000000087700000, 0x0000000087700000, 0x0000000087800000|  0%| F|  |TAMS 0x0000000087700000, 0x0000000087700000| Untracked 
|  82|0x0000000087800000, 0x0000000087800000, 0x0000000087900000|  0%| F|  |TAMS 0x0000000087800000, 0x0000000087800000| Untracked 
|  83|0x0000000087900000, 0x000000008791a6d8, 0x0000000087a00000| 10%| E|  |TAMS 0x0000000087900000, 0x0000000087900000| Complete 
|  84|0x0000000087a00000, 0x0000000087b00000, 0x0000000087b00000|100%| E|CS|TAMS 0x0000000087a00000, 0x0000000087a00000| Complete 
|  85|0x0000000087b00000, 0x0000000087c00000, 0x0000000087c00000|100%| E|CS|TAMS 0x0000000087b00000, 0x0000000087b00000| Complete 
|  86|0x0000000087c00000, 0x0000000087d00000, 0x0000000087d00000|100%| E|CS|TAMS 0x0000000087c00000, 0x0000000087c00000| Complete 
|  87|0x0000000087d00000, 0x0000000087e00000, 0x0000000087e00000|100%| E|CS|TAMS 0x0000000087d00000, 0x0000000087d00000| Complete 
|  88|0x0000000087e00000, 0x0000000087f00000, 0x0000000087f00000|100%| E|CS|TAMS 0x0000000087e00000, 0x0000000087e00000| Complete 
|  89|0x0000000087f00000, 0x0000000088000000, 0x0000000088000000|100%| E|CS|TAMS 0x0000000087f00000, 0x0000000087f00000| Complete 
|  90|0x0000000088000000, 0x0000000088100000, 0x0000000088100000|100%| E|CS|TAMS 0x0000000088000000, 0x0000000088000000| Complete 
|  91|0x0000000088100000, 0x0000000088200000, 0x0000000088200000|100%| E|CS|TAMS 0x0000000088100000, 0x0000000088100000| Complete 
|  92|0x0000000088200000, 0x0000000088300000, 0x0000000088300000|100%| E|CS|TAMS 0x0000000088200000, 0x0000000088200000| Complete 
|  93|0x0000000088300000, 0x0000000088400000, 0x0000000088400000|100%| E|CS|TAMS 0x0000000088300000, 0x0000000088300000| Complete 
|  94|0x0000000088400000, 0x0000000088500000, 0x0000000088500000|100%| E|CS|TAMS 0x0000000088400000, 0x0000000088400000| Complete 
|  95|0x0000000088500000, 0x0000000088600000, 0x0000000088600000|100%| E|CS|TAMS 0x0000000088500000, 0x0000000088500000| Complete 
|  96|0x0000000088600000, 0x0000000088700000, 0x0000000088700000|100%| E|CS|TAMS 0x0000000088600000, 0x0000000088600000| Complete 
|  97|0x0000000088700000, 0x0000000088800000, 0x0000000088800000|100%| E|CS|TAMS 0x0000000088700000, 0x0000000088700000| Complete 
|  98|0x0000000088800000, 0x00000000888b9910, 0x0000000088900000| 72%| O|  |TAMS 0x0000000088800000, 0x0000000088800000| Untracked 
|  99|0x0000000088900000, 0x00000000889eb190, 0x0000000088a00000| 91%| O|  |TAMS 0x0000000088900000, 0x0000000088900000| Untracked 
| 100|0x0000000088a00000, 0x0000000088b00000, 0x0000000088b00000|100%| E|CS|TAMS 0x0000000088a00000, 0x0000000088a00000| Complete 
| 101|0x0000000088b00000, 0x0000000088c00000, 0x0000000088c00000|100%| E|CS|TAMS 0x0000000088b00000, 0x0000000088b00000| Complete 
| 102|0x0000000088c00000, 0x0000000088d00000, 0x0000000088d00000|100%| E|CS|TAMS 0x0000000088c00000, 0x0000000088c00000| Complete 
| 103|0x0000000088d00000, 0x0000000088e00000, 0x0000000088e00000|100%| E|CS|TAMS 0x0000000088d00000, 0x0000000088d00000| Complete 
| 104|0x0000000088e00000, 0x0000000088f00000, 0x0000000088f00000|100%| E|  |TAMS 0x0000000088e00000, 0x0000000088e00000| Complete 
| 105|0x0000000088f00000, 0x0000000089000000, 0x0000000089000000|100%| E|CS|TAMS 0x0000000088f00000, 0x0000000088f00000| Complete 
| 106|0x0000000089000000, 0x0000000089100000, 0x0000000089100000|100%| E|CS|TAMS 0x0000000089000000, 0x0000000089000000| Complete 
| 107|0x0000000089100000, 0x0000000089200000, 0x0000000089200000|100%| E|CS|TAMS 0x0000000089100000, 0x0000000089100000| Complete 
| 108|0x0000000089200000, 0x0000000089300000, 0x0000000089300000|100%| E|CS|TAMS 0x0000000089200000, 0x0000000089200000| Complete 
| 109|0x0000000089300000, 0x0000000089400000, 0x0000000089400000|100%| E|CS|TAMS 0x0000000089300000, 0x0000000089300000| Complete 
| 110|0x0000000089400000, 0x0000000089500000, 0x0000000089500000|100%| E|CS|TAMS 0x0000000089400000, 0x0000000089400000| Complete 
| 111|0x0000000089500000, 0x0000000089600000, 0x0000000089600000|100%| E|CS|TAMS 0x0000000089500000, 0x0000000089500000| Complete 
| 112|0x0000000089600000, 0x0000000089700000, 0x0000000089700000|100%| E|CS|TAMS 0x0000000089600000, 0x0000000089600000| Complete 
| 113|0x0000000089700000, 0x0000000089800000, 0x0000000089800000|100%| E|CS|TAMS 0x0000000089700000, 0x0000000089700000| Complete 
| 114|0x0000000089800000, 0x0000000089900000, 0x0000000089900000|100%| E|CS|TAMS 0x0000000089800000, 0x0000000089800000| Complete 
| 115|0x0000000089900000, 0x0000000089a00000, 0x0000000089a00000|100%| E|CS|TAMS 0x0000000089900000, 0x0000000089900000| Complete 
| 116|0x0000000089a00000, 0x0000000089b00000, 0x0000000089b00000|100%| E|CS|TAMS 0x0000000089a00000, 0x0000000089a00000| Complete 
| 117|0x0000000089b00000, 0x0000000089c00000, 0x0000000089c00000|100%| E|CS|TAMS 0x0000000089b00000, 0x0000000089b00000| Complete 
| 118|0x0000000089c00000, 0x0000000089d00000, 0x0000000089d00000|100%| E|CS|TAMS 0x0000000089c00000, 0x0000000089c00000| Complete 
| 119|0x0000000089d00000, 0x0000000089e00000, 0x0000000089e00000|100%| E|CS|TAMS 0x0000000089d00000, 0x0000000089d00000| Complete 
| 120|0x0000000089e00000, 0x0000000089f00000, 0x0000000089f00000|100%| E|CS|TAMS 0x0000000089e00000, 0x0000000089e00000| Complete 
| 121|0x0000000089f00000, 0x000000008a000000, 0x000000008a000000|100%| E|CS|TAMS 0x0000000089f00000, 0x0000000089f00000| Complete 
| 122|0x000000008a000000, 0x000000008a100000, 0x000000008a100000|100%| E|CS|TAMS 0x000000008a000000, 0x000000008a000000| Complete 
| 123|0x000000008a100000, 0x000000008a200000, 0x000000008a200000|100%| E|CS|TAMS 0x000000008a100000, 0x000000008a100000| Complete 
| 124|0x000000008a200000, 0x000000008a300000, 0x000000008a300000|100%| E|CS|TAMS 0x000000008a200000, 0x000000008a200000| Complete 
| 125|0x000000008a300000, 0x000000008a400000, 0x000000008a400000|100%| E|CS|TAMS 0x000000008a300000, 0x000000008a300000| Complete 
| 126|0x000000008a400000, 0x000000008a500000, 0x000000008a500000|100%| E|CS|TAMS 0x000000008a400000, 0x000000008a400000| Complete 
| 127|0x000000008a500000, 0x000000008a600000, 0x000000008a600000|100%| E|CS|TAMS 0x000000008a500000, 0x000000008a500000| Complete 
| 128|0x000000008a600000, 0x000000008a700000, 0x000000008a700000|100%| E|CS|TAMS 0x000000008a600000, 0x000000008a600000| Complete 
| 129|0x000000008a700000, 0x000000008a800000, 0x000000008a800000|100%| E|CS|TAMS 0x000000008a700000, 0x000000008a700000| Complete 
| 130|0x000000008a800000, 0x000000008a900000, 0x000000008a900000|100%| E|CS|TAMS 0x000000008a800000, 0x000000008a800000| Complete 
| 131|0x000000008a900000, 0x000000008aa00000, 0x000000008aa00000|100%| E|CS|TAMS 0x000000008a900000, 0x000000008a900000| Complete 
| 132|0x000000008aa00000, 0x000000008ab00000, 0x000000008ab00000|100%| E|CS|TAMS 0x000000008aa00000, 0x000000008aa00000| Complete 
| 133|0x000000008ab00000, 0x000000008ac00000, 0x000000008ac00000|100%| E|CS|TAMS 0x000000008ab00000, 0x000000008ab00000| Complete 
| 134|0x000000008ac00000, 0x000000008ad00000, 0x000000008ad00000|100%| E|CS|TAMS 0x000000008ac00000, 0x000000008ac00000| Complete 
| 135|0x000000008ad00000, 0x000000008ae00000, 0x000000008ae00000|100%| E|CS|TAMS 0x000000008ad00000, 0x000000008ad00000| Complete 
| 136|0x000000008ae00000, 0x000000008af00000, 0x000000008af00000|100%| E|CS|TAMS 0x000000008ae00000, 0x000000008ae00000| Complete 

Card table byte_map: [0x00000211a1350000,0x00000211a1740000] _byte_map_base: 0x00000211a0f3d000

Marking Bits (Prev, Next): (CMBitMap*) 0x0000021189c194e8, (CMBitMap*) 0x0000021189c19520
 Prev Bits: [0x00000211a1b30000, 0x00000211a3a98000)
 Next Bits: [0x00000211a3aa0000, 0x00000211a5a08000)

Polling page: 0x0000021187a40000

Metaspace:

Usage:
  Non-class:     66.39 MB capacity,    65.17 MB ( 98%) used,  1006.47 KB (  1%) free+waste,   247.19 KB ( <1%) overhead. 
      Class:     10.57 MB capacity,     9.77 MB ( 92%) used,   704.71 KB (  7%) free+waste,   118.56 KB (  1%) overhead. 
       Both:     76.96 MB capacity,    74.94 MB ( 97%) used,     1.67 MB (  2%) free+waste,   365.75 KB ( <1%) overhead. 

Virtual space:
  Non-class space:       68.00 MB reserved,      66.58 MB ( 98%) committed 
      Class space:        1.00 GB reserved,      10.63 MB (  1%) committed 
             Both:        1.07 GB reserved,      77.20 MB (  7%) committed 

Chunk freelists:
   Non-Class:  0 bytes
       Class:  0 bytes
        Both:  0 bytes

CodeHeap 'non-profiled nmethods': size=238912Kb used=15247Kb max_used=15247Kb free=223664Kb
 bounds [0x0000021192610000, 0x0000021193500000, 0x00000211a0f60000]
CodeHeap 'non-nmethods': size=6848Kb used=1303Kb max_used=1303Kb free=5544Kb
 bounds [0x0000021191f60000, 0x00000211921d0000, 0x0000021192610000]
 total_blobs=9794 nmethods=9040 adapters=623
 compilation: enabled
              stopped_count=0, restarted_count=0
 full_count=0

Compilation events (10 events):
Event: 350.435 Thread 0x00000211a7f1f800 9079       1       org.h2.mvstore.MVMap$DecisionMaker$3::decide (4 bytes)
Event: 350.435 Thread 0x00000211a7f1f800 nmethod 9079 0x00000211934f2a10 code [0x00000211934f2bc0, 0x00000211934f2cd8]
Event: 350.435 Thread 0x00000211a7f1f800 9077       1       org.h2.engine.Session::closeTemporaryResults (49 bytes)
Event: 350.435 Thread 0x00000211a7f1f800 nmethod 9077 0x00000211934f2d90 code [0x00000211934f2f80, 0x00000211934f3230]
Event: 350.435 Thread 0x00000211a7f1f800 9041       1       org.h2.mvstore.db.MVTableEngine$Store::getTransactionStore (5 bytes)
Event: 350.435 Thread 0x00000211a7f1f800 nmethod 9041 0x00000211934f3390 code [0x00000211934f3540, 0x00000211934f3658]
Event: 350.435 Thread 0x00000211a7f1f800 9078       1       ch.qos.logback.classic.spi.LoggingEvent::getLevel (5 bytes)
Event: 350.435 Thread 0x00000211a7f1f800 nmethod 9078 0x00000211934f3710 code [0x00000211934f38c0, 0x00000211934f39d8]
Event: 350.446 Thread 0x00000211a7f1f800 9080       1       org.springframework.beans.factory.support.DefaultListableBeanFactory::clearByTypeCache (19 bytes)
Event: 350.446 Thread 0x00000211a7f1f800 nmethod 9080 0x00000211934f3a90 code [0x00000211934f3c60, 0x00000211934f3de0]

GC Heap History (10 events):
Event: 128.298 GC heap before
{Heap before GC invocations=19 (full 0):
 garbage-first heap   total 238592K, used 49693K [0x0000000082600000, 0x0000000100000000)
  region size 1024K, 11 young (11264K), 9 survivors (9216K)
 Metaspace       used 75438K, capacity 77388K, committed 77648K, reserved 1116160K
  class space    used 9864K, capacity 10625K, committed 10752K, reserved 1048576K
}
Event: 128.348 GC heap after
{Heap after GC invocations=20 (full 1):
 garbage-first heap   total 140288K, used 40459K [0x0000000082600000, 0x0000000100000000)
  region size 1024K, 0 young (0K), 0 survivors (0K)
 Metaspace       used 75427K, capacity 77370K, committed 77648K, reserved 1116160K
  class space    used 9863K, capacity 10622K, committed 10752K, reserved 1048576K
}
Event: 128.731 GC heap before
{Heap before GC invocations=20 (full 1):
 garbage-first heap   total 140288K, used 107019K [0x0000000082600000, 0x0000000100000000)
  region size 1024K, 65 young (66560K), 0 survivors (0K)
 Metaspace       used 75703K, capacity 77718K, committed 77904K, reserved 1116160K
  class space    used 9899K, capacity 10671K, committed 10752K, reserved 1048576K
}
Event: 128.734 GC heap after
{Heap after GC invocations=21 (full 1):
 garbage-first heap   total 140288K, used 43531K [0x0000000082600000, 0x0000000100000000)
  region size 1024K, 3 young (3072K), 3 survivors (3072K)
 Metaspace       used 75703K, capacity 77718K, committed 77904K, reserved 1116160K
  class space    used 9899K, capacity 10671K, committed 10752K, reserved 1048576K
}
Event: 128.881 GC heap before
{Heap before GC invocations=21 (full 1):
 garbage-first heap   total 140288K, used 108043K [0x0000000082600000, 0x0000000100000000)
  region size 1024K, 67 young (68608K), 3 survivors (3072K)
 Metaspace       used 75757K, capacity 77733K, committed 77904K, reserved 1116160K
  class space    used 9904K, capacity 10674K, committed 10752K, reserved 1048576K
}
Event: 128.884 GC heap after
{Heap after GC invocations=22 (full 1):
 garbage-first heap   total 140288K, used 44757K [0x0000000082600000, 0x0000000100000000)
  region size 1024K, 5 young (5120K), 5 survivors (5120K)
 Metaspace       used 75757K, capacity 77733K, committed 77904K, reserved 1116160K
  class space    used 9904K, capacity 10674K, committed 10752K, reserved 1048576K
}
Event: 129.277 GC heap before
{Heap before GC invocations=22 (full 1):
 garbage-first heap   total 140288K, used 111317K [0x0000000082600000, 0x0000000100000000)
  region size 1024K, 69 young (70656K), 5 survivors (5120K)
 Metaspace       used 76432K, capacity 78565K, committed 78800K, reserved 1118208K
  class space    used 9966K, capacity 10791K, committed 10880K, reserved 1048576K
}
Event: 129.281 GC heap after
{Heap after GC invocations=23 (full 1):
 garbage-first heap   total 140288K, used 49342K [0x0000000082600000, 0x0000000100000000)
  region size 1024K, 7 young (7168K), 7 survivors (7168K)
 Metaspace       used 76432K, capacity 78565K, committed 78800K, reserved 1118208K
  class space    used 9966K, capacity 10791K, committed 10880K, reserved 1048576K
}
Event: 190.831 GC heap before
{Heap before GC invocations=23 (full 1):
 garbage-first heap   total 140288K, used 111806K [0x0000000082600000, 0x0000000100000000)
  region size 1024K, 69 young (70656K), 7 survivors (7168K)
 Metaspace       used 76670K, capacity 78800K, committed 79056K, reserved 1118208K
  class space    used 9994K, capacity 10825K, committed 10880K, reserved 1048576K
}
Event: 190.844 GC heap after
{Heap after GC invocations=24 (full 1):
 garbage-first heap   total 140288K, used 50443K [0x0000000082600000, 0x0000000100000000)
  region size 1024K, 6 young (6144K), 6 survivors (6144K)
 Metaspace       used 76670K, capacity 78800K, committed 79056K, reserved 1118208K
  class space    used 9994K, capacity 10825K, committed 10880K, reserved 1048576K
}

Deoptimization events (0 events):
No events

Classes redefined (0 events):
No events

Internal exceptions (10 events):
Event: 129.356 Thread 0x00000211adcf9000 Exception <a 'java/lang/reflect/InvocationTargetException'{0x000000008a217f38}> (0x000000008a217f38) thrown at [t:/workspace/open/src/hotspot/share/runtime/reflection.cpp, line 1242]
Event: 129.377 Thread 0x00000211adcf9000 Exception <a 'java/lang/ClassNotFoundException'{0x0000000089e46540}: java/lang/ObjectCustomizer> (0x0000000089e46540) thrown at [t:/workspace/open/src/hotspot/share/classfile/systemDictionary.cpp, line 231]
Event: 129.378 Thread 0x00000211adcf9000 Exception <a 'java/lang/ClassNotFoundException'{0x0000000089e6df08}: com/rossini/cursomc/domain/PagamentoCustomizer> (0x0000000089e6df08) thrown at [t:/workspace/open/src/hotspot/share/classfile/systemDictionary.cpp, line 231]
Event: 129.378 Thread 0x00000211adcf9000 Exception <a 'java/lang/ClassNotFoundException'{0x0000000089e9a0a8}: com/rossini/cursomc/domain/PagamentoComCartaoCustomizer> (0x0000000089e9a0a8) thrown at [t:/workspace/open/src/hotspot/share/classfile/systemDictionary.cpp, line 231]
Event: 129.382 Thread 0x00000211adcf9000 Exception <a 'java/lang/ClassNotFoundException'{0x0000000089ec4f50}: java/lang/ObjectCustomizer> (0x0000000089ec4f50) thrown at [t:/workspace/open/src/hotspot/share/classfile/systemDictionary.cpp, line 231]
Event: 129.383 Thread 0x00000211adcf9000 Exception <a 'java/lang/ClassNotFoundException'{0x0000000089eec918}: com/rossini/cursomc/domain/PagamentoCustomizer> (0x0000000089eec918) thrown at [t:/workspace/open/src/hotspot/share/classfile/systemDictionary.cpp, line 231]
Event: 129.383 Thread 0x00000211adcf9000 Exception <a 'java/lang/ClassNotFoundException'{0x0000000089d18d80}: com/rossini/cursomc/domain/PagamentoComBoletoCustomizer> (0x0000000089d18d80) thrown at [t:/workspace/open/src/hotspot/share/classfile/systemDictionary.cpp, line 231]
Event: 350.142 Thread 0x00000211adcf8800 Exception <a 'java/lang/InterruptedException'{0x0000000087d84d48}: sleep interrupted> (0x0000000087d84d48) thrown at [t:/workspace/open/src/hotspot/share/prims/jvm.cpp, line 3106]
Event: 350.142 Thread 0x00000211add05800 Exception <a 'java/lang/InterruptedException'{0x0000000087fdfb20}: sleep interrupted> (0x0000000087fdfb20) thrown at [t:/workspace/open/src/hotspot/share/prims/jvm.cpp, line 3106]
Event: 350.144 Thread 0x00000211add04800 Exception <a 'java/lang/InterruptedException'{0x0000000089d72258}: sleep interrupted> (0x0000000089d72258) thrown at [t:/workspace/open/src/hotspot/share/prims/jvm.cpp, line 3106]

Events (10 events):
Event: 350.435 Thread 0x00000211adec6000 Thread exited: 0x00000211adec6000
Event: 350.445 Executing VM operation: RevokeBias
Event: 350.445 Executing VM operation: RevokeBias done
Event: 350.445 Executing VM operation: RevokeBias
Event: 350.445 Executing VM operation: RevokeBias done
Event: 350.445 Executing VM operation: RevokeBias
Event: 350.445 Executing VM operation: RevokeBias done
Event: 350.445 Thread 0x00000211adec5800 Thread exited: 0x00000211adec5800
Event: 350.446 Thread 0x00000211adec4800 Thread exited: 0x00000211adec4800
Event: 350.447 Thread 0x00000211add06000 Thread exited: 0x00000211add06000


Dynamic libraries:
0x00007ff69e9f0000 - 0x00007ff69ea37000 	C:\Program Files\Java\jdk-11.0.6\bin\javaw.exe
0x00007ffd2d910000 - 0x00007ffd2db05000 	C:\Windows\SYSTEM32\ntdll.dll
0x00007ffd2cb50000 - 0x00007ffd2cc0d000 	C:\Windows\System32\KERNEL32.DLL
0x00007ffd2b500000 - 0x00007ffd2b7c7000 	C:\Windows\System32\KERNELBASE.dll
0x00007ffd2c840000 - 0x00007ffd2c8ea000 	C:\Windows\System32\ADVAPI32.dll
0x00007ffd2c770000 - 0x00007ffd2c80e000 	C:\Windows\System32\msvcrt.dll
0x00007ffd2cc80000 - 0x00007ffd2cd1b000 	C:\Windows\System32\sechost.dll
0x00007ffd2be00000 - 0x00007ffd2bf23000 	C:\Windows\System32\RPCRT4.dll
0x00007ffd2c9b0000 - 0x00007ffd2cb50000 	C:\Windows\System32\USER32.dll
0x00007ffd2b0f0000 - 0x00007ffd2b112000 	C:\Windows\System32\win32u.dll
0x00007ffd2c810000 - 0x00007ffd2c83a000 	C:\Windows\System32\GDI32.dll
0x00007ffd2b1c0000 - 0x00007ffd2b2ca000 	C:\Windows\System32\gdi32full.dll
0x00007ffd2b120000 - 0x00007ffd2b1bd000 	C:\Windows\System32\msvcp_win.dll
0x00007ffd2b380000 - 0x00007ffd2b480000 	C:\Windows\System32\ucrtbase.dll
0x00007ffd19e10000 - 0x00007ffd1a0aa000 	C:\Windows\WinSxS\amd64_microsoft.windows.common-controls_6595b64144ccf1df_6.0.19041.1_none_b555e41d4684ddec\COMCTL32.dll
0x00007ffd24530000 - 0x00007ffd2453a000 	C:\Windows\SYSTEM32\VERSION.dll
0x00007ffd2cda0000 - 0x00007ffd2cdd0000 	C:\Windows\System32\IMM32.DLL
0x00007ffd21710000 - 0x00007ffd21726000 	C:\Program Files\Java\jdk-11.0.6\bin\vcruntime140.dll
0x00007ffd1d600000 - 0x00007ffd1d6aa000 	C:\Program Files\Java\jdk-11.0.6\bin\msvcp140.dll
0x00007ffcfe1a0000 - 0x00007ffcfecc9000 	C:\Program Files\Java\jdk-11.0.6\bin\server\jvm.dll
0x00007ffd2d640000 - 0x00007ffd2d648000 	C:\Windows\System32\PSAPI.DLL
0x00007ffd24da0000 - 0x00007ffd24da9000 	C:\Windows\SYSTEM32\WSOCK32.dll
0x00007ffd20b20000 - 0x00007ffd20b47000 	C:\Windows\SYSTEM32\WINMM.dll
0x00007ffd2cc10000 - 0x00007ffd2cc7b000 	C:\Windows\System32\WS2_32.dll
0x00007ffd29000000 - 0x00007ffd29013000 	C:\Windows\SYSTEM32\kernel.appcore.dll
0x00007ffd21060000 - 0x00007ffd21071000 	C:\Program Files\Java\jdk-11.0.6\bin\verify.dll
0x00007ffd15aa0000 - 0x00007ffd15c84000 	C:\Windows\SYSTEM32\DBGHELP.DLL
0x00007ffd159a0000 - 0x00007ffd159cc000 	C:\Windows\SYSTEM32\dbgcore.DLL
0x00007ffd2b480000 - 0x00007ffd2b4ff000 	C:\Windows\System32\bcryptPrimitives.dll
0x00007ffd1fb70000 - 0x00007ffd1fb99000 	C:\Program Files\Java\jdk-11.0.6\bin\java.dll
0x00007ffd20d00000 - 0x00007ffd20d16000 	C:\Program Files\Java\jdk-11.0.6\bin\zip.dll
0x00007ffd26640000 - 0x00007ffd2664a000 	C:\Program Files\Java\jdk-11.0.6\bin\jimage.dll
0x00007ffd2cf00000 - 0x00007ffd2d640000 	C:\Windows\System32\SHELL32.dll
0x00007ffd29200000 - 0x00007ffd29991000 	C:\Windows\SYSTEM32\windows.storage.dll
0x00007ffd2c3a0000 - 0x00007ffd2c6f3000 	C:\Windows\System32\combase.dll
0x00007ffd2aa10000 - 0x00007ffd2aa3c000 	C:\Windows\SYSTEM32\Wldp.dll
0x00007ffd2c8f0000 - 0x00007ffd2c99e000 	C:\Windows\System32\SHCORE.dll
0x00007ffd2bc00000 - 0x00007ffd2bc55000 	C:\Windows\System32\shlwapi.dll
0x00007ffd2afa0000 - 0x00007ffd2afbf000 	C:\Windows\SYSTEM32\profapi.dll
0x00007ffd20bf0000 - 0x00007ffd20c09000 	C:\Program Files\Java\jdk-11.0.6\bin\net.dll
0x00007ffd1e1a0000 - 0x00007ffd1e2a0000 	C:\Windows\SYSTEM32\WINHTTP.dll
0x00007ffd2a790000 - 0x00007ffd2a7fa000 	C:\Windows\system32\mswsock.dll
0x00007ffd1fb50000 - 0x00007ffd1fb63000 	C:\Program Files\Java\jdk-11.0.6\bin\nio.dll
0x00007ffd22900000 - 0x00007ffd22909000 	C:\Program Files\Java\jdk-11.0.6\bin\management.dll
0x00007ffd22890000 - 0x00007ffd2289c000 	C:\Program Files\Java\jdk-11.0.6\bin\management_ext.dll
0x00007ffd0e200000 - 0x00007ffd0e217000 	C:\Windows\system32\napinsp.dll
0x00007ffd0dc80000 - 0x00007ffd0dc9b000 	C:\Windows\system32\pnrpnsp.dll
0x00007ffd0fcf0000 - 0x00007ffd0fd05000 	C:\Windows\system32\wshbth.dll
0x00007ffd26b90000 - 0x00007ffd26bad000 	C:\Windows\system32\NLAapi.dll
0x00007ffd2a480000 - 0x00007ffd2a4bb000 	C:\Windows\SYSTEM32\IPHLPAPI.DLL
0x00007ffd2a4c0000 - 0x00007ffd2a58a000 	C:\Windows\SYSTEM32\DNSAPI.dll
0x00007ffd2c700000 - 0x00007ffd2c709000 	C:\Windows\System32\NSI.dll
0x00007ffd0dc60000 - 0x00007ffd0dc72000 	C:\Windows\System32\winrnr.dll
0x00007ffd1c090000 - 0x00007ffd1c09a000 	C:\Windows\System32\rasadhlp.dll
0x00007ffd1d180000 - 0x00007ffd1d1ff000 	C:\Windows\System32\fwpuclnt.dll
0x00007ffd2b060000 - 0x00007ffd2b087000 	C:\Windows\System32\bcrypt.dll
0x00007ffd2a960000 - 0x00007ffd2a978000 	C:\Windows\SYSTEM32\CRYPTSP.dll
0x00007ffd2a120000 - 0x00007ffd2a154000 	C:\Windows\system32\rsaenh.dll
0x00007ffd2af60000 - 0x00007ffd2af8e000 	C:\Windows\SYSTEM32\USERENV.dll
0x00007ffd2a980000 - 0x00007ffd2a98c000 	C:\Windows\SYSTEM32\CRYPTBASE.dll
0x00007ffd24800000 - 0x00007ffd24817000 	C:\Windows\SYSTEM32\dhcpcsvc6.DLL
0x00007ffd24b00000 - 0x00007ffd24b1d000 	C:\Windows\SYSTEM32\dhcpcsvc.DLL
0x00007ffd255c0000 - 0x00007ffd255cd000 	C:\Program Files\Java\jdk-11.0.6\bin\sunmscapi.dll
0x00007ffd2b7d0000 - 0x00007ffd2b92d000 	C:\Windows\System32\CRYPT32.dll
0x00007ffd2aa80000 - 0x00007ffd2aaa7000 	C:\Windows\SYSTEM32\ncrypt.dll
0x00007ffd2aa40000 - 0x00007ffd2aa7b000 	C:\Windows\SYSTEM32\NTASN1.dll
0x00007ffd1db50000 - 0x00007ffd1db77000 	C:\Program Files\Java\jdk-11.0.6\bin\sunec.dll

dbghelp: loaded successfully - version: 4.0.5 - missing functions: none
symbol engine: initialized successfully - sym options: 0x614 - pdb path: .;C:\Program Files\Java\jdk-11.0.6\bin;C:\Windows\SYSTEM32;C:\Windows\WinSxS\amd64_microsoft.windows.common-controls_6595b64144ccf1df_6.0.19041.1_none_b555e41d4684ddec;C:\Program Files\Java\jdk-11.0.6\bin\server

VM Arguments:
jvm_args: -Dcom.sun.management.jmxremote -Dcom.sun.management.jmxremote.port=4042 -Dcom.sun.management.jmxremote.authenticate=false -Dcom.sun.management.jmxremote.ssl=false -Djava.rmi.server.hostname=localhost -Dspring.jmx.enabled=true -Dspring.application.admin.enabled=true -Xverify:none -XX:TieredStopAtLevel=1 -Dspring.boot.project.name=cursomc -Dfile.encoding=UTF-8 
java_command: com.rossini.cursomc.CursomcApplication --spring.output.ansi.enabled=always
java_class_path (initial): D:\Usuario\Documentos\GitHub\cursomc\target\classes;C:\Users\rossi\.m2\repository\org\springframework\boot\spring-boot-starter-web\2.3.3.RELEASE\spring-boot-starter-web-2.3.3.RELEASE.jar;C:\Users\rossi\.m2\repository\org\springframework\boot\spring-boot-starter\2.3.3.RELEASE\spring-boot-starter-2.3.3.RELEASE.jar;C:\Users\rossi\.m2\repository\org\springframework\boot\spring-boot-starter-logging\2.3.3.RELEASE\spring-boot-starter-logging-2.3.3.RELEASE.jar;C:\Users\rossi\.m2\repository\ch\qos\logback\logback-classic\1.2.3\logback-classic-1.2.3.jar;C:\Users\rossi\.m2\repository\ch\qos\logback\logback-core\1.2.3\logback-core-1.2.3.jar;C:\Users\rossi\.m2\repository\org\apache\logging\log4j\log4j-to-slf4j\2.13.3\log4j-to-slf4j-2.13.3.jar;C:\Users\rossi\.m2\repository\org\apache\logging\log4j\log4j-api\2.13.3\log4j-api-2.13.3.jar;C:\Users\rossi\.m2\repository\org\slf4j\jul-to-slf4j\1.7.30\jul-to-slf4j-1.7.30.jar;C:\Users\rossi\.m2\repository\jakarta\annotation\jakarta.annotation-api\1.3.5\jakarta.annotation-api-1.3.5.jar;C:\Users\rossi\.m2\repository\org\yaml\snakeyaml\1.26\snakeyaml-1.26.jar;C:\Users\rossi\.m2\repository\org\springframework\boot\spring-boot-starter-json\2.3.3.RELEASE\spring-boot-starter-json-2.3.3.RELEASE.jar;C:\Users\rossi\.m2\repository\com\fasterxml\jackson\datatype\jackson-datatype-jdk8\2.11.2\jackson-datatype-jdk8-2.11.2.jar;C:\Users\rossi\.m2\repository\com\fasterxml\jackson\datatype\jackson-datatype-jsr310\2.11.2\jackson-datatype-jsr310-2.11.2.jar;C:\Users\rossi\.m2\repository\com\fasterxml\jackson\module\jackson-module-parameter-names\2.11.2\jackson-module-parameter-names-2.11.2.jar;C:\Users\rossi\.m2\repository\org\springframework\boot\spring-boot-starter-tomcat\2.3.3.RELEASE\spring-boot-starter-tomcat-2.3.3.RELEASE.jar;C:\Users\rossi\.m2\repository\org\apache\tomcat\embed\tomcat-embed-core\9.0.37\tomcat-embed-core-9.0.37.jar;C:\Users\rossi\.m2\repository\org\glassfish\jakarta.el\3.0.3\jakarta.el-3.0.3.jar;C:\Users\ross
Launcher Type: SUN_STANDARD

[Global flags]
     bool BytecodeVerificationLocal                = false                                     {product} {command line}
     bool BytecodeVerificationRemote               = false                                     {product} {command line}
     intx CICompilerCount                          = 3                                         {product} {ergonomic}
     uint ConcGCThreads                            = 1                                         {product} {ergonomic}
     uint G1ConcRefinementThreads                  = 4                                         {product} {ergonomic}
   size_t G1HeapRegionSize                         = 1048576                                   {product} {ergonomic}
    uintx GCDrainStackTargetSize                   = 64                                        {product} {ergonomic}
   size_t InitialHeapSize                          = 132120576                                 {product} {ergonomic}
     bool ManagementServer                         = true                                      {product} {command line}
   size_t MarkStackSize                            = 4194304                                   {product} {ergonomic}
   size_t MaxHeapSize                              = 2107637760                                {product} {ergonomic}
   size_t MaxNewSize                               = 1264582656                                {product} {ergonomic}
   size_t MinHeapDeltaBytes                        = 1048576                                   {product} {ergonomic}
    uintx NonNMethodCodeHeapSize                   = 6973028                                {pd product} {ergonomic}
    uintx NonProfiledCodeHeapSize                  = 244685212                              {pd product} {ergonomic}
    uintx ProfiledCodeHeapSize                     = 0                                      {pd product} {ergonomic}
    uintx ReservedCodeCacheSize                    = 251658240                              {pd product} {ergonomic}
     bool SegmentedCodeCache                       = true                                      {product} {ergonomic}
     intx TieredStopAtLevel                        = 1                                         {product} {command line}
     bool UseCompressedClassPointers               = true                                 {lp64_product} {ergonomic}
     bool UseCompressedOops                        = true                                 {lp64_product} {ergonomic}
     bool UseG1GC                                  = true                                      {product} {ergonomic}
     bool UseLargePagesIndividualAllocation        = false                                  {pd product} {ergonomic}

Logging:
Log output configuration:
 #0: stdout all=warning uptime,level,tags
 #1: stderr all=off uptime,level,tags

Environment Variables:
JAVA_HOME=C:\Program Files\Java\jdk-11.0.6
PATH=C:/Program Files/Java/jdk-11.0.6/bin/server;C:/Program Files/Java/jdk-11.0.6/bin;C:\Windows\system32;C:\Windows;C:\Windows\System32\Wbem;C:\Windows\System32\WindowsPowerShell\v1.0\;C:\Windows\System32\OpenSSH\;C:\Program Files\dotnet\;C:\Program Files\Microsoft SQL Server\130\Tools\Binn\;C:\Program Files\Microsoft SQL Server\Client SDK\ODBC\170\Tools\Binn\;C:\Program Files\Java\jdk-11.0.6\bin;C:\xampp\mysql\bin;D:\Program Files\Git\cmd;C:\Users\rossi\AppData\Local\Microsoft\WindowsApps;C:\Users\rossi\.dotnet\tools;C:\Users\rossi\AppData\Local\GitHubDesktop\bin;C:\Program Files\Java\jdk-11.0.6\bin;D:\Program Files\heroku\bin;D:\Program Files\sts-4.7.1.RELEASE;
USERNAME=rossi
OS=Windows_NT
PROCESSOR_IDENTIFIER=Intel64 Family 6 Model 158 Stepping 11, GenuineIntel



---------------  S Y S T E M  ---------------

OS: Windows 10 , 64 bit Build 19041 (10.0.19041.292)

CPU:total 4 (initial active 4) (4 cores per cpu, 1 threads per core) family 6 model 158 stepping 11, cmov, cx8, fxsr, mmx, sse, sse2, sse3, ssse3, sse4.1, sse4.2, popcnt, avx, avx2, aes, clmul, erms, 3dnowpref, lzcnt, tsc, tscinvbit, bmi1, bmi2, adx, fma

Memory: 4k page, system-wide physical 8033M (1986M free)
TotalPageFile size 9313M (AvailPageFile size 1675M)
current process WorkingSet (physical memory assigned to process): 281M, peak: 378M
current process commit charge ("private bytes"): 347M, peak: 453M

vm_info: Java HotSpot(TM) 64-Bit Server VM (11.0.6+8-LTS) for windows-amd64 JRE (11.0.6+8-LTS), built on Dec 11 2019 09:17:57 by "mach5one" with MS VC++ 15.5 (VS2017)

END.
